[ 2016-11-17T11:17:14+08:00 ] ::1 /kedo/index.php/Home/Login/checkedUser
INFO: [ app_begin ] --START--
INFO: Run Behavior\ReadHtmlCacheBehavior [ RunTime:0.000437s ]
INFO: [ app_begin ] --END-- [ RunTime:0.000782s ]
SQL: SHOW COLUMNS FROM `bu_user` [ RunTime:0.0020s ]
SQL: SELECT * FROM `bu_user` WHERE `username` = 'test' LIMIT 1   [ RunTime:0.0130s ]

[ 2016-11-17T11:17:24+08:00 ] ::1 /kedo/index.php/Home/Login/checkedUser
INFO: [ app_begin ] --START--
INFO: Run Behavior\ReadHtmlCacheBehavior [ RunTime:0.000676s ]
INFO: [ app_begin ] --END-- [ RunTime:0.001115s ]
SQL: SHOW COLUMNS FROM `bu_user` [ RunTime:0.0018s ]
SQL: SELECT * FROM `bu_user` WHERE `username` = 'test001@qq.com' LIMIT 1   [ RunTime:0.0130s ]

[ 2016-11-17T11:17:36+08:00 ] ::1 /kedo/index.php/Home/Login/login
INFO: [ app_begin ] --START--
INFO: Run Behavior\ReadHtmlCacheBehavior [ RunTime:0.000257s ]
INFO: [ app_begin ] --END-- [ RunTime:0.000452s ]

[ 2016-11-17T11:17:43+08:00 ] ::1 /kedo/index.php/Home/Login/login
INFO: [ app_begin ] --START--
INFO: Run Behavior\ReadHtmlCacheBehavior [ RunTime:0.000263s ]
INFO: [ app_begin ] --END-- [ RunTime:0.000476s ]

[ 2016-11-17T11:17:51+08:00 ] ::1 /kedo/index.php/Home/Login/login
INFO: [ app_begin ] --START--
INFO: Run Behavior\ReadHtmlCacheBehavior [ RunTime:0.000268s ]
INFO: [ app_begin ] --END-- [ RunTime:0.000463s ]

[ 2016-11-17T11:18:05+08:00 ] ::1 /kedo/index.php/Home/Login/login
INFO: [ app_begin ] --START--
INFO: Run Behavior\ReadHtmlCacheBehavior [ RunTime:0.000312s ]
INFO: [ app_begin ] --END-- [ RunTime:0.000506s ]

[ 2016-11-17T11:18:18+08:00 ] ::1 /kedo/index.php/Home/Login/login
INFO: [ app_begin ] --START--
INFO: Run Behavior\ReadHtmlCacheBehavior [ RunTime:0.000261s ]
INFO: [ app_begin ] --END-- [ RunTime:0.000455s ]

[ 2016-11-17T11:18:26+08:00 ] ::1 /kedo/index.php/Home/Login/login
INFO: [ app_begin ] --START--
INFO: Run Behavior\ReadHtmlCacheBehavior [ RunTime:0.000260s ]
INFO: [ app_begin ] --END-- [ RunTime:0.000454s ]
SQL: SHOW COLUMNS FROM `bu_user` [ RunTime:0.0019s ]
SQL: SELECT * FROM `bu_user` WHERE ( username='test001@qq.com' ) LIMIT 1   [ RunTime:0.0132s ]

[ 2016-11-17T11:38:24+08:00 ] ::1 /kedo/index.php/Home/Login/checkedUser
INFO: [ app_begin ] --START--
INFO: Run Behavior\ReadHtmlCacheBehavior [ RunTime:0.000766s ]
INFO: [ app_begin ] --END-- [ RunTime:0.001365s ]
SQL: SHOW COLUMNS FROM `bu_user` [ RunTime:0.0019s ]
SQL: SELECT * FROM `bu_user` WHERE `username` = 'test001@qq.com' LIMIT 1   [ RunTime:0.0009s ]

[ 2016-11-17T11:38:36+08:00 ] ::1 /kedo/index.php/Home/Login/login
INFO: [ app_begin ] --START--
INFO: Run Behavior\ReadHtmlCacheBehavior [ RunTime:0.000271s ]
INFO: [ app_begin ] --END-- [ RunTime:0.000472s ]
SQL: SHOW COLUMNS FROM `bu_user` [ RunTime:0.0021s ]
SQL: SELECT * FROM `bu_user` WHERE ( username='test001@qq.com' ) LIMIT 1   [ RunTime:0.0015s ]

[ 2016-11-17T15:21:23+08:00 ] ::1 /kedo/index.php/Home/Login/checkedUser
INFO: [ app_begin ] --START--
INFO: Run Behavior\ReadHtmlCacheBehavior [ RunTime:0.000613s ]
INFO: [ app_begin ] --END-- [ RunTime:0.001050s ]
SQL: SHOW COLUMNS FROM `bu_user` [ RunTime:0.0020s ]
SQL: SELECT * FROM `bu_user` WHERE `username` = 'test001@qq.com' LIMIT 1   [ RunTime:0.0012s ]

[ 2016-11-17T15:21:31+08:00 ] ::1 /kedo/index.php/Home/Login/login
INFO: [ app_begin ] --START--
INFO: Run Behavior\ReadHtmlCacheBehavior [ RunTime:0.000263s ]
INFO: [ app_begin ] --END-- [ RunTime:0.000462s ]
SQL: SHOW COLUMNS FROM `bu_user` [ RunTime:0.0242s ]
SQL: SELECT * FROM `bu_user` WHERE ( username='test001@qq.com' ) LIMIT 1   [ RunTime:0.0015s ]

[ 2016-11-17T15:23:11+08:00 ] ::1 /kedo/index.php/Home/Login/login
INFO: [ app_begin ] --START--
INFO: Run Behavior\ReadHtmlCacheBehavior [ RunTime:0.000290s ]
INFO: [ app_begin ] --END-- [ RunTime:0.000515s ]
SQL: SHOW COLUMNS FROM `bu_user` [ RunTime:0.0020s ]
SQL: SELECT * FROM `bu_user` WHERE ( username='test001@qq.com' ) LIMIT 1   [ RunTime:0.0015s ]

[ 2016-11-17T15:44:08+08:00 ] ::1 /kedo/index.php/Home/Login/login
INFO: [ app_begin ] --START--
INFO: Run Behavior\ReadHtmlCacheBehavior [ RunTime:0.000364s ]
INFO: [ app_begin ] --END-- [ RunTime:0.000596s ]
SQL: SHOW COLUMNS FROM `bu_user` [ RunTime:0.0021s ]
SQL: SELECT * FROM `bu_user` WHERE ( username='test001@qq.com' ) LIMIT 1   [ RunTime:0.0132s ]

[ 2016-11-17T15:44:21+08:00 ] ::1 /kedo/index.php/Home/Login/login
INFO: [ app_begin ] --START--
INFO: Run Behavior\ReadHtmlCacheBehavior [ RunTime:0.000256s ]
INFO: [ app_begin ] --END-- [ RunTime:0.000447s ]
SQL: SHOW COLUMNS FROM `bu_user` [ RunTime:0.0023s ]
SQL: SELECT * FROM `bu_user` WHERE ( username='test001@qq.com' ) LIMIT 1   [ RunTime:0.0015s ]

[ 2016-11-17T15:44:26+08:00 ] ::1 /kedo/index.php/Home/Login/login
INFO: [ app_begin ] --START--
INFO: Run Behavior\ReadHtmlCacheBehavior [ RunTime:0.000257s ]
INFO: [ app_begin ] --END-- [ RunTime:0.000457s ]
SQL: SHOW COLUMNS FROM `bu_user` [ RunTime:0.0019s ]
SQL: SELECT * FROM `bu_user` WHERE ( username='test001@qq.com' ) LIMIT 1   [ RunTime:0.0013s ]

[ 2016-11-17T15:44:28+08:00 ] ::1 /kedo/index.php/Home/Login/login
INFO: [ app_begin ] --START--
INFO: Run Behavior\ReadHtmlCacheBehavior [ RunTime:0.000258s ]
INFO: [ app_begin ] --END-- [ RunTime:0.000451s ]
SQL: SHOW COLUMNS FROM `bu_user` [ RunTime:0.0018s ]
SQL: SELECT * FROM `bu_user` WHERE ( username='test001@qq.com' ) LIMIT 1   [ RunTime:0.0013s ]

[ 2016-11-17T15:44:36+08:00 ] ::1 /kedo/index.php/Home/Login/login
INFO: [ app_begin ] --START--
INFO: Run Behavior\ReadHtmlCacheBehavior [ RunTime:0.000255s ]
INFO: [ app_begin ] --END-- [ RunTime:0.000444s ]
SQL: SHOW COLUMNS FROM `bu_user` [ RunTime:0.0020s ]
SQL: SELECT * FROM `bu_user` WHERE ( username='test001@qq.com' ) LIMIT 1   [ RunTime:0.0013s ]

[ 2016-11-17T15:45:27+08:00 ] ::1 /kedo/index.php/Home/Login/login
INFO: [ app_begin ] --START--
INFO: Run Behavior\ReadHtmlCacheBehavior [ RunTime:0.000264s ]
INFO: [ app_begin ] --END-- [ RunTime:0.000455s ]
SQL: SHOW COLUMNS FROM `bu_user` [ RunTime:0.0252s ]
SQL: SELECT * FROM `bu_user` WHERE ( username='test001@qq.com' ) LIMIT 1   [ RunTime:0.0014s ]

[ 2016-11-17T15:45:41+08:00 ] ::1 /kedo/index.php/Home/Login/checkedUser
INFO: [ app_begin ] --START--
INFO: Run Behavior\ReadHtmlCacheBehavior [ RunTime:0.000723s ]
INFO: [ app_begin ] --END-- [ RunTime:0.001257s ]
SQL: SHOW COLUMNS FROM `bu_user` [ RunTime:0.0020s ]
SQL: SELECT * FROM `bu_user` WHERE `username` = 'test001@qq.com' LIMIT 1   [ RunTime:0.0131s ]

[ 2016-11-17T15:45:50+08:00 ] ::1 /kedo/index.php/Home/Login/login
INFO: [ app_begin ] --START--
INFO: Run Behavior\ReadHtmlCacheBehavior [ RunTime:0.000259s ]
INFO: [ app_begin ] --END-- [ RunTime:0.000449s ]
SQL: SHOW COLUMNS FROM `bu_user` [ RunTime:0.0020s ]
SQL: SELECT * FROM `bu_user` WHERE ( username='test001@qq.com' ) LIMIT 1   [ RunTime:0.0012s ]

[ 2016-11-17T15:47:36+08:00 ] ::1 /kedo/index.php/Home/Login/login
INFO: [ app_begin ] --START--
INFO: Run Behavior\ReadHtmlCacheBehavior [ RunTime:0.000261s ]
INFO: [ app_begin ] --END-- [ RunTime:0.000456s ]
SQL: SHOW COLUMNS FROM `bu_user` [ RunTime:0.0271s ]
SQL: SELECT * FROM `bu_user` WHERE ( username='test001@qq.com' ) LIMIT 1   [ RunTime:0.0014s ]

[ 2016-11-17T15:47:54+08:00 ] ::1 /kedo/index.php/Home/Login/login
INFO: [ app_begin ] --START--
INFO: Run Behavior\ReadHtmlCacheBehavior [ RunTime:0.000350s ]
INFO: [ app_begin ] --END-- [ RunTime:0.000573s ]
SQL: SHOW COLUMNS FROM `bu_user` [ RunTime:0.0297s ]
SQL: SELECT * FROM `bu_user` WHERE ( username='test001@qq.com' ) LIMIT 1   [ RunTime:0.0014s ]

[ 2016-11-17T15:50:39+08:00 ] ::1 /kedo/index.php/Home/Login/login
INFO: [ app_begin ] --START--
INFO: Run Behavior\ReadHtmlCacheBehavior [ RunTime:0.000363s ]
INFO: [ app_begin ] --END-- [ RunTime:0.000615s ]
SQL: SHOW COLUMNS FROM `bu_user` [ RunTime:0.0021s ]
SQL: SELECT * FROM `bu_user` WHERE ( username='test001@qq.com' ) LIMIT 1   [ RunTime:0.0015s ]

[ 2016-11-17T15:50:46+08:00 ] ::1 /kedo/index.php/Home/Login/login
INFO: [ app_begin ] --START--
INFO: Run Behavior\ReadHtmlCacheBehavior [ RunTime:0.000250s ]
INFO: [ app_begin ] --END-- [ RunTime:0.000444s ]
SQL: SHOW COLUMNS FROM `bu_user` [ RunTime:0.0265s ]
SQL: SELECT * FROM `bu_user` WHERE ( username='test001@qq.com' ) LIMIT 1   [ RunTime:0.0014s ]

[ 2016-11-17T16:02:21+08:00 ] ::1 /kedo/index.php/Home/Login/login
INFO: [ app_begin ] --START--
INFO: Run Behavior\ReadHtmlCacheBehavior [ RunTime:0.000350s ]
INFO: [ app_begin ] --END-- [ RunTime:0.000575s ]
SQL: SHOW COLUMNS FROM `bu_user` [ RunTime:0.0021s ]
SQL: SELECT * FROM `bu_user` WHERE ( username='test001@qq.com' ) LIMIT 1   [ RunTime:0.0042s ]

[ 2016-11-17T16:02:50+08:00 ] ::1 /kedo/index.php/Home/Login/login
INFO: [ app_begin ] --START--
INFO: Run Behavior\ReadHtmlCacheBehavior [ RunTime:0.000251s ]
INFO: [ app_begin ] --END-- [ RunTime:0.000441s ]
SQL: SHOW COLUMNS FROM `bu_user` [ RunTime:0.0241s ]
SQL: SELECT * FROM `bu_user` WHERE ( username='test001@qq.com' ) LIMIT 1   [ RunTime:0.0011s ]

[ 2016-11-17T16:47:31+08:00 ] ::1 /kedo/index.php/Home/Login/checkedUser
INFO: [ app_begin ] --START--
INFO: Run Behavior\ReadHtmlCacheBehavior [ RunTime:0.000648s ]
INFO: [ app_begin ] --END-- [ RunTime:0.001062s ]
SQL: SHOW COLUMNS FROM `bu_user` [ RunTime:0.0019s ]
SQL: SELECT * FROM `bu_user` WHERE `username` = 'test001@qq.com' LIMIT 1   [ RunTime:0.0011s ]

[ 2016-11-17T16:47:57+08:00 ] ::1 /kedo/index.php/Home/Login/login
INFO: [ app_begin ] --START--
INFO: Run Behavior\ReadHtmlCacheBehavior [ RunTime:0.000255s ]
INFO: [ app_begin ] --END-- [ RunTime:0.000453s ]

[ 2016-11-17T16:54:38+08:00 ] ::1 /kedo/index.php/Home/Login/checkedUser
INFO: [ app_begin ] --START--
INFO: Run Behavior\ReadHtmlCacheBehavior [ RunTime:0.000640s ]
INFO: [ app_begin ] --END-- [ RunTime:0.001137s ]
SQL: SHOW COLUMNS FROM `bu_user` [ RunTime:0.0026s ]
SQL: SELECT * FROM `bu_user` WHERE `username` = 'test001@qq.com' LIMIT 1   [ RunTime:0.0014s ]

[ 2016-11-17T16:54:50+08:00 ] ::1 /kedo/index.php/Home/Login/login
INFO: [ app_begin ] --START--
INFO: Run Behavior\ReadHtmlCacheBehavior [ RunTime:0.000359s ]
INFO: [ app_begin ] --END-- [ RunTime:0.000586s ]
SQL: SHOW COLUMNS FROM `bu_user` [ RunTime:0.0018s ]
SQL: SELECT * FROM `bu_user` WHERE ( username='test001@qq.com' ) LIMIT 1   [ RunTime:0.0011s ]

[ 2016-11-17T16:54:55+08:00 ] ::1 /kedo/index.php/Home/Login/login
INFO: [ app_begin ] --START--
INFO: Run Behavior\ReadHtmlCacheBehavior [ RunTime:0.000330s ]
INFO: [ app_begin ] --END-- [ RunTime:0.000586s ]
SQL: SHOW COLUMNS FROM `bu_user` [ RunTime:0.0021s ]
SQL: SELECT * FROM `bu_user` WHERE ( username='test001@qq.com' ) LIMIT 1   [ RunTime:0.0014s ]

[ 2016-11-17T16:55:00+08:00 ] ::1 /kedo/index.php/Home/Login/login
INFO: [ app_begin ] --START--
INFO: Run Behavior\ReadHtmlCacheBehavior [ RunTime:0.000253s ]
INFO: [ app_begin ] --END-- [ RunTime:0.000445s ]
SQL: SHOW COLUMNS FROM `bu_user` [ RunTime:0.0020s ]
SQL: SELECT * FROM `bu_user` WHERE ( username='test001@qq.com' ) LIMIT 1   [ RunTime:0.0013s ]

[ 2016-11-17T16:55:03+08:00 ] ::1 /kedo/index.php/Home/Login/login
INFO: [ app_begin ] --START--
INFO: Run Behavior\ReadHtmlCacheBehavior [ RunTime:0.000256s ]
INFO: [ app_begin ] --END-- [ RunTime:0.000446s ]
SQL: SHOW COLUMNS FROM `bu_user` [ RunTime:0.0026s ]
SQL: SELECT * FROM `bu_user` WHERE ( username='test001@qq.com' ) LIMIT 1   [ RunTime:0.0014s ]

[ 2016-11-17T16:55:04+08:00 ] ::1 /kedo/index.php/Home/Login/login
INFO: [ app_begin ] --START--
INFO: Run Behavior\ReadHtmlCacheBehavior [ RunTime:0.000299s ]
INFO: [ app_begin ] --END-- [ RunTime:0.000522s ]
SQL: SHOW COLUMNS FROM `bu_user` [ RunTime:0.0281s ]
SQL: SELECT * FROM `bu_user` WHERE ( username='test001@qq.com' ) LIMIT 1   [ RunTime:0.0013s ]

[ 2016-11-17T16:57:20+08:00 ] ::1 /kedo/index.php/Home/Center/46a920d47a9c287e627693554180598a
ERR: 非法操作:46a920d47a9c287e627693554180598a

[ 2016-11-17T16:57:39+08:00 ] ::1 /kedo/index.php/Home/Center/46a920d47a9c287e627693554180598a
ERR: 非法操作:46a920d47a9c287e627693554180598a

[ 2016-11-17T16:58:07+08:00 ] ::1 /kedo/index.php/Home/Center/46a920d47a9c287e627693554180598a
ERR: 非法操作:46a920d47a9c287e627693554180598a

[ 2016-11-17T16:58:07+08:00 ] ::1 /kedo/index.php/Home/Center/46a920d47a9c287e627693554180598a
ERR: 非法操作:46a920d47a9c287e627693554180598a

[ 2016-11-17T16:58:14+08:00 ] ::1 /kedo/index.php/Home/Center/46a920d47a9c287e627693554180598a
ERR: 非法操作:46a920d47a9c287e627693554180598a

[ 2016-11-17T16:58:55+08:00 ] ::1 /kedo/index.php/Home/Center/46a920d47a9c287e627693554180598a
ERR: 非法操作:46a920d47a9c287e627693554180598a

[ 2016-11-17T17:01:32+08:00 ] ::1 /kedo/index.php/Home/Center/46a920d47a9c287e627693554180598a
ERR: 非法操作:46a920d47a9c287e627693554180598a

[ 2016-11-17T17:02:35+08:00 ] ::1 /kedo/index.php/Home/Center/46a920d47a9c287e627693554180598a
ERR: 非法操作:46a920d47a9c287e627693554180598a

[ 2016-11-17T17:03:57+08:00 ] ::1 /kedo/index.php/Home/Login/checkedUser
INFO: [ app_begin ] --START--
INFO: Run Behavior\ReadHtmlCacheBehavior [ RunTime:0.000362s ]
INFO: [ app_begin ] --END-- [ RunTime:0.000636s ]
SQL: SHOW COLUMNS FROM `bu_user` [ RunTime:0.0253s ]
SQL: SELECT * FROM `bu_user` WHERE `username` = 'test001@qq.com' LIMIT 1   [ RunTime:0.0013s ]

[ 2016-11-17T17:04:07+08:00 ] ::1 /kedo/index.php/Home/Login/login
INFO: [ app_begin ] --START--
INFO: Run Behavior\ReadHtmlCacheBehavior [ RunTime:0.000335s ]
INFO: [ app_begin ] --END-- [ RunTime:0.000573s ]
SQL: SHOW COLUMNS FROM `bu_user` [ RunTime:0.0020s ]
SQL: SELECT * FROM `bu_user` WHERE ( username='test001@qq.com' ) LIMIT 1   [ RunTime:0.0013s ]

[ 2016-11-17T17:04:16+08:00 ] ::1 /kedo/index.php/Home/Login/login
INFO: [ app_begin ] --START--
INFO: Run Behavior\ReadHtmlCacheBehavior [ RunTime:0.000257s ]
INFO: [ app_begin ] --END-- [ RunTime:0.000446s ]
SQL: SHOW COLUMNS FROM `bu_user` [ RunTime:0.0020s ]
SQL: SELECT * FROM `bu_user` WHERE ( username='test001@qq.com' ) LIMIT 1   [ RunTime:0.0014s ]

[ 2016-11-17T17:04:53+08:00 ] ::1 /kedo/index.php/Home/Login/login
INFO: [ app_begin ] --START--
INFO: Run Behavior\ReadHtmlCacheBehavior [ RunTime:0.000366s ]
INFO: [ app_begin ] --END-- [ RunTime:0.000606s ]
SQL: SHOW COLUMNS FROM `bu_user` [ RunTime:0.0022s ]
SQL: SELECT * FROM `bu_user` WHERE ( username='test001@qq.com' ) LIMIT 1   [ RunTime:0.0009s ]

[ 2016-11-17T17:04:56+08:00 ] ::1 /kedo/index.php/Home/Login/login
INFO: [ app_begin ] --START--
INFO: Run Behavior\ReadHtmlCacheBehavior [ RunTime:0.000252s ]
INFO: [ app_begin ] --END-- [ RunTime:0.000444s ]
SQL: SHOW COLUMNS FROM `bu_user` [ RunTime:0.0021s ]
SQL: SELECT * FROM `bu_user` WHERE ( username='test001@qq.com' ) LIMIT 1   [ RunTime:0.0012s ]

[ 2016-11-17T17:04:56+08:00 ] ::1 /kedo/index.php/Home/Login/login
INFO: [ app_begin ] --START--
INFO: Run Behavior\ReadHtmlCacheBehavior [ RunTime:0.000257s ]
INFO: [ app_begin ] --END-- [ RunTime:0.000447s ]
SQL: SHOW COLUMNS FROM `bu_user` [ RunTime:0.0016s ]
SQL: SELECT * FROM `bu_user` WHERE ( username='test001@qq.com' ) LIMIT 1   [ RunTime:0.0011s ]

[ 2016-11-17T17:04:57+08:00 ] ::1 /kedo/index.php/Home/Login/login
INFO: [ app_begin ] --START--
INFO: Run Behavior\ReadHtmlCacheBehavior [ RunTime:0.000334s ]
INFO: [ app_begin ] --END-- [ RunTime:0.000533s ]
SQL: SHOW COLUMNS FROM `bu_user` [ RunTime:0.0018s ]
SQL: SELECT * FROM `bu_user` WHERE ( username='test001@qq.com' ) LIMIT 1   [ RunTime:0.0010s ]

[ 2016-11-17T17:05:09+08:00 ] ::1 /kedo/index.php/Home/Login/checkedUser
INFO: [ app_begin ] --START--
INFO: Run Behavior\ReadHtmlCacheBehavior [ RunTime:0.000377s ]
INFO: [ app_begin ] --END-- [ RunTime:0.000665s ]
SQL: SHOW COLUMNS FROM `bu_user` [ RunTime:0.0020s ]
SQL: SELECT * FROM `bu_user` WHERE `username` = 'test001@qq.com' LIMIT 1   [ RunTime:0.0010s ]

[ 2016-11-17T17:05:24+08:00 ] ::1 /kedo/index.php/Home/Login/login
INFO: [ app_begin ] --START--
INFO: Run Behavior\ReadHtmlCacheBehavior [ RunTime:0.000251s ]
INFO: [ app_begin ] --END-- [ RunTime:0.000442s ]
SQL: SHOW COLUMNS FROM `bu_user` [ RunTime:0.0018s ]
SQL: SELECT * FROM `bu_user` WHERE ( username='test001@qq.com' ) LIMIT 1   [ RunTime:0.0011s ]

[ 2016-11-17T17:05:30+08:00 ] ::1 /kedo/index.php/Home/Center/46a920d47a9c287e627693554180598a
ERR: 非法操作:46a920d47a9c287e627693554180598a

[ 2016-11-17T17:05:30+08:00 ] ::1 /kedo/index.php/Home/Center/46a920d47a9c287e627693554180598a
ERR: 非法操作:46a920d47a9c287e627693554180598a

[ 2016-11-17T17:10:45+08:00 ] ::1 /kedo/index.php/Home/Center/46a920d47a9c287e627693554180598a
ERR: 非法操作:46a920d47a9c287e627693554180598a

[ 2016-11-17T17:14:29+08:00 ] ::1 /kedo/index.php/Home/Login/checkedUser
INFO: [ app_begin ] --START--
INFO: Run Behavior\ReadHtmlCacheBehavior [ RunTime:0.000586s ]
INFO: [ app_begin ] --END-- [ RunTime:0.001068s ]
SQL: SHOW COLUMNS FROM `bu_user` [ RunTime:0.0288s ]
SQL: SELECT * FROM `bu_user` WHERE `username` = 'test001@qq.com' LIMIT 1   [ RunTime:0.0010s ]

[ 2016-11-17T17:14:48+08:00 ] ::1 /kedo/index.php/Home/Login/login
INFO: [ app_begin ] --START--
INFO: Run Behavior\ReadHtmlCacheBehavior [ RunTime:0.000257s ]
INFO: [ app_begin ] --END-- [ RunTime:0.000485s ]
SQL: SHOW COLUMNS FROM `bu_user` [ RunTime:0.0018s ]
SQL: SELECT * FROM `bu_user` WHERE ( username='test001@qq.com' ) LIMIT 1   [ RunTime:0.0012s ]

[ 2016-11-17T17:16:46+08:00 ] ::1 /kedo/index.php/Home/Login/checkedUser
INFO: [ app_begin ] --START--
INFO: Run Behavior\ReadHtmlCacheBehavior [ RunTime:0.000714s ]
INFO: [ app_begin ] --END-- [ RunTime:0.001265s ]
SQL: SHOW COLUMNS FROM `bu_user` [ RunTime:0.0018s ]
SQL: SELECT * FROM `bu_user` WHERE `username` = 'test001@qq.com' LIMIT 1   [ RunTime:0.0012s ]

[ 2016-11-17T17:16:59+08:00 ] ::1 /kedo/index.php/Home/Login/login
INFO: [ app_begin ] --START--
INFO: Run Behavior\ReadHtmlCacheBehavior [ RunTime:0.000259s ]
INFO: [ app_begin ] --END-- [ RunTime:0.000459s ]
SQL: SHOW COLUMNS FROM `bu_user` [ RunTime:0.0018s ]
SQL: SELECT * FROM `bu_user` WHERE ( username='test001@qq.com' ) LIMIT 1   [ RunTime:0.0011s ]

[ 2016-11-17T17:33:34+08:00 ] ::1 /kedo/index.php/Home/Login/checkedUser
INFO: [ app_begin ] --START--
INFO: Run Behavior\ReadHtmlCacheBehavior [ RunTime:0.000698s ]
INFO: [ app_begin ] --END-- [ RunTime:0.001147s ]
SQL: SHOW COLUMNS FROM `bu_user` [ RunTime:0.0018s ]
SQL: SELECT * FROM `bu_user` WHERE `username` = 'test001@qq.com' LIMIT 1   [ RunTime:0.0010s ]

[ 2016-11-17T17:33:43+08:00 ] ::1 /kedo/index.php/Home/Login/login
INFO: [ app_begin ] --START--
INFO: Run Behavior\ReadHtmlCacheBehavior [ RunTime:0.000256s ]
INFO: [ app_begin ] --END-- [ RunTime:0.000455s ]
SQL: SHOW COLUMNS FROM `bu_user` [ RunTime:0.0022s ]
SQL: SELECT * FROM `bu_user` WHERE ( username='test001@qq.com' ) LIMIT 1   [ RunTime:0.0010s ]

[ 2016-11-17T17:33:50+08:00 ] ::1 /kedo/index.php/Home/Center/46a920d47a9c287e627693554180598a
ERR: 非法操作:46a920d47a9c287e627693554180598a

[ 2016-11-17T17:33:51+08:00 ] ::1 /kedo/index.php/Home/Center/46a920d47a9c287e627693554180598a
ERR: 非法操作:46a920d47a9c287e627693554180598a

[ 2016-11-17T17:38:27+08:00 ] ::1 /kedo/index.php/Home/Login/checkedUser
INFO: [ app_begin ] --START--
INFO: Run Behavior\ReadHtmlCacheBehavior [ RunTime:0.000687s ]
INFO: [ app_begin ] --END-- [ RunTime:0.001218s ]
SQL: SHOW COLUMNS FROM `bu_user` [ RunTime:0.0018s ]
SQL: SELECT * FROM `bu_user` WHERE `username` = 'test001@qq.com' LIMIT 1   [ RunTime:0.0010s ]

[ 2016-11-17T17:38:39+08:00 ] ::1 /kedo/index.php/Home/Login/login
INFO: [ app_begin ] --START--
INFO: Run Behavior\ReadHtmlCacheBehavior [ RunTime:0.000275s ]
INFO: [ app_begin ] --END-- [ RunTime:0.000466s ]
SQL: SHOW COLUMNS FROM `bu_user` [ RunTime:0.0275s ]
SQL: SELECT * FROM `bu_user` WHERE ( username='test001@qq.com' ) LIMIT 1   [ RunTime:0.0011s ]

[ 2016-11-17T17:40:15+08:00 ] ::1 /kedo/index.php/Home/Center/46a920d47a9c287e627693554180598a
ERR: 非法操作:46a920d47a9c287e627693554180598a

[ 2016-11-17T17:40:32+08:00 ] ::1 /kedo/index.php/Home/Login/checkedUser
INFO: [ app_begin ] --START--
INFO: Run Behavior\ReadHtmlCacheBehavior [ RunTime:0.000504s ]
INFO: [ app_begin ] --END-- [ RunTime:0.000824s ]
SQL: SHOW COLUMNS FROM `bu_user` [ RunTime:0.0293s ]
SQL: SELECT * FROM `bu_user` WHERE `username` = 'test001@qq.com' LIMIT 1   [ RunTime:0.0011s ]

[ 2016-11-17T17:40:49+08:00 ] ::1 /kedo/index.php/Home/Login/login
INFO: [ app_begin ] --START--
INFO: Run Behavior\ReadHtmlCacheBehavior [ RunTime:0.000275s ]
INFO: [ app_begin ] --END-- [ RunTime:0.000511s ]
SQL: SHOW COLUMNS FROM `bu_user` [ RunTime:0.0275s ]
SQL: SELECT * FROM `bu_user` WHERE ( username='test001@qq.com' ) LIMIT 1   [ RunTime:0.0011s ]

[ 2016-11-17T17:40:56+08:00 ] ::1 /kedo/index.php/Home/Center/46a920d47a9c287e627693554180598a
ERR: 非法操作:46a920d47a9c287e627693554180598a

[ 2016-11-17T17:40:56+08:00 ] ::1 /kedo/index.php/Home/Center/46a920d47a9c287e627693554180598a
ERR: 非法操作:46a920d47a9c287e627693554180598a

[ 2016-11-17T17:41:23+08:00 ] ::1 /kedo/index.php/Home/Center/46a920d47a9c287e627693554180598a
ERR: 非法操作:46a920d47a9c287e627693554180598a

[ 2016-11-17T18:10:46+08:00 ] ::1 /kedo/index.php/Home/Login/checkedUser
INFO: [ app_begin ] --START--
INFO: Run Behavior\ReadHtmlCacheBehavior [ RunTime:0.000443s ]
INFO: [ app_begin ] --END-- [ RunTime:0.000729s ]
SQL: SHOW COLUMNS FROM `bu_user` [ RunTime:0.0019s ]
SQL: SELECT * FROM `bu_user` WHERE `username` = 'test001@qq.com' LIMIT 1   [ RunTime:0.0011s ]

[ 2016-11-17T18:10:55+08:00 ] ::1 /kedo/index.php/Home/Login/login
INFO: [ app_begin ] --START--
INFO: Run Behavior\ReadHtmlCacheBehavior [ RunTime:0.000427s ]
INFO: [ app_begin ] --END-- [ RunTime:0.000666s ]

[ 2016-11-17T18:11:01+08:00 ] ::1 /kedo/index.php/Home/Login/login
INFO: [ app_begin ] --START--
INFO: Run Behavior\ReadHtmlCacheBehavior [ RunTime:0.000256s ]
INFO: [ app_begin ] --END-- [ RunTime:0.000453s ]
SQL: SHOW COLUMNS FROM `bu_user` [ RunTime:0.0019s ]
SQL: SELECT * FROM `bu_user` WHERE ( username='test001@qq.com' ) LIMIT 1   [ RunTime:0.0011s ]

[ 2016-11-17T18:12:28+08:00 ] ::1 /kedo/index.php/Home/Center/46a920d47a9c287e627693554180598a
ERR: 非法操作:46a920d47a9c287e627693554180598a

[ 2016-11-17T18:12:28+08:00 ] ::1 /kedo/index.php/Home/Center/46a920d47a9c287e627693554180598a
ERR: 非法操作:46a920d47a9c287e627693554180598a

[ 2016-11-17T18:33:13+08:00 ] ::1 /kedo/index.php/Home/Login/checkedUser
INFO: [ app_begin ] --START--
INFO: Run Behavior\ReadHtmlCacheBehavior [ RunTime:0.000554s ]
INFO: [ app_begin ] --END-- [ RunTime:0.000924s ]
SQL: SHOW COLUMNS FROM `bu_user` [ RunTime:0.0019s ]
SQL: SELECT * FROM `bu_user` WHERE `username` = 'test001@qq.com' LIMIT 1   [ RunTime:0.0010s ]

[ 2016-11-17T18:33:24+08:00 ] ::1 /kedo/index.php/Home/Login/login
INFO: [ app_begin ] --START--
INFO: Run Behavior\ReadHtmlCacheBehavior [ RunTime:0.000276s ]
INFO: [ app_begin ] --END-- [ RunTime:0.000476s ]
SQL: SHOW COLUMNS FROM `bu_user` [ RunTime:0.0020s ]
SQL: SELECT * FROM `bu_user` WHERE ( username='test001@qq.com' ) LIMIT 1   [ RunTime:0.0009s ]

