[ 2016-11-21T09:50:31+08:00 ] ::1 /kedo/index.php/Home/Index/verify
ERR: 非法操作:verify

[ 2016-11-21T09:51:36+08:00 ] ::1 /kedo/index.php/Home/Index/verify
ERR: 非法操作:verify

[ 2016-11-21T10:01:52+08:00 ] ::1 /kedo/index.php/Home/Index/verify
ERR: 非法操作:verify

[ 2016-11-21T10:01:59+08:00 ] ::1 /kedo/index.php/Home/Login/checkedUser
INFO: [ app_begin ] --START--
INFO: Run Behavior\ReadHtmlCacheBehavior [ RunTime:0.000500s ]
INFO: [ app_begin ] --END-- [ RunTime:0.000880s ]
SQL: SHOW COLUMNS FROM `bu_user` [ RunTime:0.0021s ]
SQL: SELECT * FROM `bu_user` WHERE `username` = 'test001@qq.com' LIMIT 1   [ RunTime:0.0134s ]

[ 2016-11-21T10:02:15+08:00 ] ::1 /kedo/index.php/Home/Login/login
INFO: [ app_begin ] --START--
INFO: Run Behavior\ReadHtmlCacheBehavior [ RunTime:0.000261s ]
INFO: [ app_begin ] --END-- [ RunTime:0.000457s ]
SQL: SHOW COLUMNS FROM `bu_user` [ RunTime:0.0020s ]
SQL: SELECT * FROM `bu_user` WHERE ( username='test001@qq.com' ) LIMIT 1   [ RunTime:0.0133s ]

[ 2016-11-21T10:02:17+08:00 ] ::1 /kedo/index.php/Home/Index/verify
ERR: 非法操作:verify

[ 2016-11-21T10:02:27+08:00 ] ::1 /kedo/index.php/Home/Center/46a920d47a9c287e627693554180598a
ERR: 非法操作:46a920d47a9c287e627693554180598a

[ 2016-11-21T10:02:29+08:00 ] ::1 /kedo/index.php/Home/Index/verify
ERR: 非法操作:verify

[ 2016-11-21T10:02:32+08:00 ] ::1 /kedo/index.php/Home/Index/verify
ERR: 非法操作:verify

[ 2016-11-21T10:20:54+08:00 ] ::1 /kedo/index.php/Home/Index/verify
ERR: 非法操作:verify

[ 2016-11-21T10:27:48+08:00 ] ::1 /kedo/index.php/Home/Index/verify
ERR: 非法操作:verify

[ 2016-11-21T10:28:00+08:00 ] ::1 /kedo/index.php/Home/Index/verify
ERR: 非法操作:verify

[ 2016-11-21T10:28:04+08:00 ] ::1 /kedo/index.php/Home/Index/verify
ERR: 非法操作:verify

[ 2016-11-21T10:28:04+08:00 ] ::1 /kedo/index.php/Home/Index/verify
ERR: 非法操作:verify

[ 2016-11-21T10:31:19+08:00 ] ::1 /kedo/index.php/Home/Index/__MOUDLE__/Login/verify
ERR: 非法操作:__MOUDLE__

[ 2016-11-21T16:32:08+08:00 ] ::1 /kedo/index.php/Home/Login/checkedUser
INFO: [ app_begin ] --START--
INFO: Run Behavior\ReadHtmlCacheBehavior [ RunTime:0.001057s ]
INFO: [ app_begin ] --END-- [ RunTime:0.001816s ]
SQL: SHOW COLUMNS FROM `bu_user` [ RunTime:0.0146s ]
SQL: SELECT * FROM `bu_user` WHERE `username` = 'test001@qq.com' LIMIT 1   [ RunTime:0.0108s ]

[ 2016-11-21T16:32:23+08:00 ] ::1 /kedo/index.php/Home/Login/login
INFO: [ app_begin ] --START--
INFO: Run Behavior\ReadHtmlCacheBehavior [ RunTime:0.000388s ]
INFO: [ app_begin ] --END-- [ RunTime:0.000632s ]
SQL: SHOW COLUMNS FROM `bu_user` [ RunTime:0.0292s ]
SQL: SELECT * FROM `bu_user` WHERE ( username='test001@qq.com' ) LIMIT 1   [ RunTime:0.0135s ]

[ 2016-11-21T16:32:27+08:00 ] ::1 /kedo/index.php/Home/Center/46a920d47a9c287e627693554180598a
ERR: 非法操作:46a920d47a9c287e627693554180598a

[ 2016-11-21T16:34:30+08:00 ] ::1 /kedo/index.php/Home/Center/46a920d47a9c287e627693554180598a
ERR: 非法操作:46a920d47a9c287e627693554180598a

[ 2016-11-21T16:35:44+08:00 ] ::1 /kedo/index.php/Home/Center/46a920d47a9c287e627693554180598a
ERR: 非法操作:46a920d47a9c287e627693554180598a

[ 2016-11-21T16:35:58+08:00 ] ::1 /kedo/index.php/Home/Center/46a920d47a9c287e627693554180598a
ERR: 非法操作:46a920d47a9c287e627693554180598a

[ 2016-11-21T16:37:48+08:00 ] ::1 /kedo/index.php/Home/Center/46a920d47a9c287e627693554180598a
ERR: 非法操作:46a920d47a9c287e627693554180598a

[ 2016-11-21T16:37:49+08:00 ] ::1 /kedo/index.php/Home/Center/46a920d47a9c287e627693554180598a
ERR: 非法操作:46a920d47a9c287e627693554180598a

[ 2016-11-21T16:39:30+08:00 ] ::1 /kedo/index.php/Home/Center/46a920d47a9c287e627693554180598a
ERR: 非法操作:46a920d47a9c287e627693554180598a

[ 2016-11-21T16:39:36+08:00 ] ::1 /kedo/index.php/Home/Center/46a920d47a9c287e627693554180598a
ERR: 非法操作:46a920d47a9c287e627693554180598a

[ 2016-11-21T16:51:00+08:00 ] ::1 /kedo/index.php/Home/Personinfo/avatar.html
ERR: 1146:Table 'anchors.user' doesn't exist
 [ SQL语句 ] : SHOW COLUMNS FROM `user`

[ 2016-11-21T16:51:12+08:00 ] ::1 /kedo/index.php/Home/Personinfo/avatar.html
ERR: 1146:Table 'anchors.user' doesn't exist
 [ SQL语句 ] : SHOW COLUMNS FROM `user`

[ 2016-11-21T16:51:45+08:00 ] ::1 /kedo/index.php/Home/Personinfo/46a920d47a9c287e627693554180598a
ERR: 非法操作:46a920d47a9c287e627693554180598a

[ 2016-11-21T16:51:47+08:00 ] ::1 /kedo/index.php/Home/Personinfo/46a920d47a9c287e627693554180598a
ERR: 非法操作:46a920d47a9c287e627693554180598a

[ 2016-11-21T16:55:42+08:00 ] ::1 /kedo/index.php/Home/Personinfo/46a920d47a9c287e627693554180598a
ERR: 非法操作:46a920d47a9c287e627693554180598a

[ 2016-11-21T17:00:11+08:00 ] ::1 /kedo/index.php/Home/Personinfo/46a920d47a9c287e627693554180598a
ERR: 非法操作:46a920d47a9c287e627693554180598a

[ 2016-11-21T17:01:18+08:00 ] ::1 /kedo/index.php/Home/Personinfo/46a920d47a9c287e627693554180598a
ERR: 非法操作:46a920d47a9c287e627693554180598a

[ 2016-11-21T17:05:12+08:00 ] ::1 /kedo/index.php/Home/Personinfo/46a920d47a9c287e627693554180598a
ERR: 非法操作:46a920d47a9c287e627693554180598a

[ 2016-11-21T17:06:52+08:00 ] ::1 /kedo/index.php/Home/Personinfo/46a920d47a9c287e627693554180598a
ERR: 非法操作:46a920d47a9c287e627693554180598a

[ 2016-11-21T17:12:36+08:00 ] ::1 /kedo/index.php/Home/Personinfo/46a920d47a9c287e627693554180598a
ERR: 非法操作:46a920d47a9c287e627693554180598a

[ 2016-11-21T17:20:10+08:00 ] ::1 /kedo/index.php/Home/Personinfo/46a920d47a9c287e627693554180598a
ERR: 非法操作:46a920d47a9c287e627693554180598a

[ 2016-11-21T17:20:10+08:00 ] ::1 /kedo/index.php/Home/Personinfo/46a920d47a9c287e627693554180598a
ERR: 非法操作:46a920d47a9c287e627693554180598a

[ 2016-11-21T17:20:32+08:00 ] ::1 /kedo/index.php/Home/Personinfo/46a920d47a9c287e627693554180598a
ERR: 非法操作:46a920d47a9c287e627693554180598a

[ 2016-11-21T17:23:08+08:00 ] ::1 /kedo/index.php/Home/Personinfo/46a920d47a9c287e627693554180598a
ERR: 非法操作:46a920d47a9c287e627693554180598a

[ 2016-11-21T17:23:59+08:00 ] ::1 /kedo/index.php/Home/Personinfo/46a920d47a9c287e627693554180598a
ERR: 非法操作:46a920d47a9c287e627693554180598a

[ 2016-11-21T17:46:36+08:00 ] ::1 /kedo/index.php/Home/Personinfo/46a920d47a9c287e627693554180598a
ERR: 非法操作:46a920d47a9c287e627693554180598a

[ 2016-11-21T17:48:03+08:00 ] ::1 /kedo/index.php/Home/Personinfo/46a920d47a9c287e627693554180598a
ERR: 非法操作:46a920d47a9c287e627693554180598a

[ 2016-11-21T17:54:37+08:00 ] ::1 /kedo/index.php/Home/Personinfo/46a920d47a9c287e627693554180598a
ERR: 非法操作:46a920d47a9c287e627693554180598a

[ 2016-11-21T18:36:44+08:00 ] ::1 /kedo/index.php/Home/Personinfo/46a920d47a9c287e627693554180598a
ERR: 非法操作:46a920d47a9c287e627693554180598a

[ 2016-11-21T18:36:44+08:00 ] ::1 /kedo/index.php/Home/Personinfo/46a920d47a9c287e627693554180598a
ERR: 非法操作:46a920d47a9c287e627693554180598a

[ 2016-11-21T18:55:14+08:00 ] ::1 /kedo/index.php/Home/Personinfo/46a920d47a9c287e627693554180598a
ERR: 非法操作:46a920d47a9c287e627693554180598a

[ 2016-11-21T18:55:55+08:00 ] ::1 /kedo/index.php/Home/Personinfo/46a920d47a9c287e627693554180598a
ERR: 非法操作:46a920d47a9c287e627693554180598a

[ 2016-11-21T19:03:53+08:00 ] ::1 /kedo/index.php/Home/Personinfo/46a920d47a9c287e627693554180598a
ERR: 非法操作:46a920d47a9c287e627693554180598a

[ 2016-11-21T19:03:53+08:00 ] ::1 /kedo/index.php/Home/Personinfo/46a920d47a9c287e627693554180598a
ERR: 非法操作:46a920d47a9c287e627693554180598a

[ 2016-11-21T19:03:58+08:00 ] ::1 /kedo/index.php/Home/Personinfo/upload?rndcode=1479726238138
ERR: 参数错误或者未定义:file_name

[ 2016-11-21T19:04:05+08:00 ] ::1 /kedo/index.php/Home/Personinfo/upload?rndcode=1479726245371
ERR: 参数错误或者未定义:file_name

[ 2016-11-21T19:18:18+08:00 ] ::1 /kedo/index.php/Home/Personinfo/46a920d47a9c287e627693554180598a
ERR: 非法操作:46a920d47a9c287e627693554180598a

[ 2016-11-21T19:19:31+08:00 ] ::1 /kedo/index.php/Home/Personinfo/46a920d47a9c287e627693554180598a
ERR: 非法操作:46a920d47a9c287e627693554180598a

[ 2016-11-21T19:20:18+08:00 ] ::1 /kedo/index.php/Home/Personinfo/46a920d47a9c287e627693554180598a
ERR: 非法操作:46a920d47a9c287e627693554180598a

[ 2016-11-21T19:22:52+08:00 ] ::1 /kedo/index.php/Home/Personinfo/46a920d47a9c287e627693554180598a
ERR: 非法操作:46a920d47a9c287e627693554180598a

[ 2016-11-21T19:24:24+08:00 ] ::1 /kedo/index.php/Home/Personinfo/46a920d47a9c287e627693554180598a
ERR: 非法操作:46a920d47a9c287e627693554180598a

[ 2016-11-21T19:24:24+08:00 ] ::1 /kedo/index.php/Home/Personinfo/46a920d47a9c287e627693554180598a
ERR: 非法操作:46a920d47a9c287e627693554180598a

[ 2016-11-21T19:27:37+08:00 ] ::1 /kedo/index.php/Home/Personinfo/46a920d47a9c287e627693554180598a
ERR: 非法操作:46a920d47a9c287e627693554180598a

[ 2016-11-21T19:28:45+08:00 ] ::1 /kedo/index.php/Home/Personinfo/upload
ERR: 模板不存在:./APP/Home/View/Personinfo/upload.html

[ 2016-11-21T19:31:56+08:00 ] ::1 /kedo/index.php/Home/Personinfo/46a920d47a9c287e627693554180598a
ERR: 非法操作:46a920d47a9c287e627693554180598a

[ 2016-11-21T19:31:56+08:00 ] ::1 /kedo/index.php/Home/Personinfo/46a920d47a9c287e627693554180598a
ERR: 非法操作:46a920d47a9c287e627693554180598a

[ 2016-11-21T19:31:59+08:00 ] ::1 /kedo/index.php/Home/Personinfo/upload?rndcode=1479727919413
ERR: 非法操作:upload

[ 2016-11-21T19:32:10+08:00 ] ::1 /kedo/index.php/Home/Personinfo/46a920d47a9c287e627693554180598a
ERR: 非法操作:46a920d47a9c287e627693554180598a

[ 2016-11-21T19:32:14+08:00 ] ::1 /kedo/index.php/Home/Personinfo/upload?rndcode=1479727934484
ERR: 非法操作:upload

[ 2016-11-21T19:33:18+08:00 ] ::1 /kedo/index.php/Home/Personinfo/46a920d47a9c287e627693554180598a
ERR: 非法操作:46a920d47a9c287e627693554180598a

[ 2016-11-21T19:33:18+08:00 ] ::1 /kedo/index.php/Home/Personinfo/46a920d47a9c287e627693554180598a
ERR: 非法操作:46a920d47a9c287e627693554180598a

[ 2016-11-21T19:36:59+08:00 ] ::1 /kedo/index.php/Home/Personinfo/46a920d47a9c287e627693554180598a
ERR: 非法操作:46a920d47a9c287e627693554180598a

[ 2016-11-21T19:39:44+08:00 ] ::1 /kedo/index.php/Home/Personinfo/46a920d47a9c287e627693554180598a
ERR: 非法操作:46a920d47a9c287e627693554180598a

[ 2016-11-21T19:39:44+08:00 ] ::1 /kedo/index.php/Home/Personinfo/46a920d47a9c287e627693554180598a
ERR: 非法操作:46a920d47a9c287e627693554180598a

[ 2016-11-21T19:40:29+08:00 ] ::1 /kedo/index.php/Home/Personinfo/46a920d47a9c287e627693554180598a
ERR: 非法操作:46a920d47a9c287e627693554180598a

[ 2016-11-21T19:46:43+08:00 ] ::1 /kedo/index.php/Home/Personinfo/46a920d47a9c287e627693554180598a
ERR: 非法操作:46a920d47a9c287e627693554180598a

