[ 2016-11-30T10:42:38+08:00 ] ::1 /kedo/index.php/Home/Login/get_qq_config
ERR: 模板不存在:./APP/Home/View/Login/get_qq_config.html

[ 2016-11-30T10:42:59+08:00 ] ::1 /kedo/index.php/Home/Login/get_qq_config
ERR: 模板不存在:./APP/Home/View/Login/get_qq_config.html

[ 2016-11-30T10:43:00+08:00 ] ::1 /kedo/index.php/Home/Login/get_qq_config
ERR: 模板不存在:./APP/Home/View/Login/get_qq_config.html

[ 2016-11-30T10:43:00+08:00 ] ::1 /kedo/index.php/Home/Login/get_qq_config
ERR: 模板不存在:./APP/Home/View/Login/get_qq_config.html

[ 2016-11-30T10:43:01+08:00 ] ::1 /kedo/index.php/Home/Login/get_qq_config
ERR: 模板不存在:./APP/Home/View/Login/get_qq_config.html

[ 2016-11-30T10:43:18+08:00 ] ::1 /kedo/index.php/Home/Login/get_qq_config
ERR: 模板不存在:./APP/Home/View/Login/get_qq_config.html

[ 2016-11-30T14:48:04+08:00 ] ::1 /kedo/index.php/Home/Login/checkedUser
INFO: [ app_begin ] --START--
INFO: Run Behavior\ReadHtmlCacheBehavior [ RunTime:0.000625s ]
INFO: [ app_begin ] --END-- [ RunTime:0.001188s ]
SQL: SHOW COLUMNS FROM `bu_user` [ RunTime:0.0021s ]
SQL: SELECT * FROM `bu_user` WHERE `username` = 'renlr@outlook.com' LIMIT 1   [ RunTime:0.0014s ]

[ 2016-11-30T14:48:15+08:00 ] ::1 /kedo/index.php/Home/Login/login
INFO: [ app_begin ] --START--
INFO: Run Behavior\ReadHtmlCacheBehavior [ RunTime:0.000258s ]
INFO: [ app_begin ] --END-- [ RunTime:0.000458s ]

[ 2016-11-30T14:48:27+08:00 ] ::1 /kedo/index.php/Home/Login/login
INFO: [ app_begin ] --START--
INFO: Run Behavior\ReadHtmlCacheBehavior [ RunTime:0.000599s ]
INFO: [ app_begin ] --END-- [ RunTime:0.001032s ]
SQL: SHOW COLUMNS FROM `bu_user` [ RunTime:0.0018s ]
SQL: SELECT * FROM `bu_user` WHERE ( username='renlr@outlook.com' ) LIMIT 1   [ RunTime:0.0011s ]

[ 2016-11-30T16:08:34+08:00 ] ::1 /kedo/index.php/Home/Login/qqlogin
ERR: 模板不存在:./APP/Home/View/Login/qqlogin.html

