[ 2016-11-24T11:24:21+08:00 ] ::1 /kedo/index.php/Home/Live
INFO: [ app_init ] --START--
INFO: Run Behavior\BuildLiteBehavior [ RunTime:0.000016s ]
INFO: [ app_init ] --END-- [ RunTime:0.000564s ]
INFO: [ app_begin ] --START--
INFO: Run Behavior\ReadHtmlCacheBehavior [ RunTime:0.000747s ]
INFO: [ app_begin ] --END-- [ RunTime:0.000807s ]
INFO: [ view_parse ] --START--
INFO: [ template_filter ] --START--
INFO: Run Behavior\ContentReplaceBehavior [ RunTime:0.000258s ]
INFO: [ template_filter ] --END-- [ RunTime:0.000324s ]
NOTIC: [8] Undefined variable: showinfo E:\xampp\htdocs\kedo\APP\Runtime\Cache\Home\b3426283c73ccf70169bd9402b0194e6.php 第 5 行.
NOTIC: [8] Undefined variable: page_var E:\xampp\htdocs\kedo\APP\Runtime\Cache\Home\b3426283c73ccf70169bd9402b0194e6.php 第 5 行.
NOTIC: [8] Undefined variable: page_var E:\xampp\htdocs\kedo\APP\Runtime\Cache\Home\b3426283c73ccf70169bd9402b0194e6.php 第 6 行.
NOTIC: [8] Undefined variable: page_var E:\xampp\htdocs\kedo\APP\Runtime\Cache\Home\b3426283c73ccf70169bd9402b0194e6.php 第 8 行.
NOTIC: [8] Undefined variable: page_var E:\xampp\htdocs\kedo\APP\Runtime\Cache\Home\b3426283c73ccf70169bd9402b0194e6.php 第 9 行.
NOTIC: [8] Undefined variable: vsn E:\xampp\htdocs\kedo\APP\Runtime\Cache\Home\b3426283c73ccf70169bd9402b0194e6.php 第 9 行.
NOTIC: [8] Undefined variable: page_var E:\xampp\htdocs\kedo\APP\Runtime\Cache\Home\b3426283c73ccf70169bd9402b0194e6.php 第 10 行.
NOTIC: [8] Undefined variable: page_var E:\xampp\htdocs\kedo\APP\Runtime\Cache\Home\b3426283c73ccf70169bd9402b0194e6.php 第 11 行.
NOTIC: [8] Undefined variable: page_var E:\xampp\htdocs\kedo\APP\Runtime\Cache\Home\b3426283c73ccf70169bd9402b0194e6.php 第 12 行.
NOTIC: [8] Undefined variable: page_var E:\xampp\htdocs\kedo\APP\Runtime\Cache\Home\b3426283c73ccf70169bd9402b0194e6.php 第 13 行.
NOTIC: [8] Undefined variable: page_var E:\xampp\htdocs\kedo\APP\Runtime\Cache\Home\b3426283c73ccf70169bd9402b0194e6.php 第 14 行.
NOTIC: [8] Undefined variable: page_var E:\xampp\htdocs\kedo\APP\Runtime\Cache\Home\b3426283c73ccf70169bd9402b0194e6.php 第 15 行.
NOTIC: [8] Undefined variable: page_var E:\xampp\htdocs\kedo\APP\Runtime\Cache\Home\b3426283c73ccf70169bd9402b0194e6.php 第 32 行.
NOTIC: [8] Undefined variable: page_var E:\xampp\htdocs\kedo\APP\Runtime\Cache\Home\b3426283c73ccf70169bd9402b0194e6.php 第 34 行.
NOTIC: [8] Undefined variable: skinType E:\xampp\htdocs\kedo\APP\Runtime\Cache\Home\b3426283c73ccf70169bd9402b0194e6.php 第 34 行.
NOTIC: [8] Undefined variable: page_var E:\xampp\htdocs\kedo\APP\Runtime\Cache\Home\b3426283c73ccf70169bd9402b0194e6.php 第 35 行.
NOTIC: [8] Undefined variable: skinType E:\xampp\htdocs\kedo\APP\Runtime\Cache\Home\b3426283c73ccf70169bd9402b0194e6.php 第 35 行.
NOTIC: [8] Undefined variable: vsn E:\xampp\htdocs\kedo\APP\Runtime\Cache\Home\b3426283c73ccf70169bd9402b0194e6.php 第 35 行.
NOTIC: [8] Undefined variable: vsn E:\xampp\htdocs\kedo\APP\Runtime\Cache\Home\b3426283c73ccf70169bd9402b0194e6.php 第 40 行.
NOTIC: [8] Undefined variable: thisHome E:\xampp\htdocs\kedo\APP\Runtime\Cache\Home\b3426283c73ccf70169bd9402b0194e6.php 第 45 行.
NOTIC: [8] Undefined variable: roomType E:\xampp\htdocs\kedo\APP\Runtime\Cache\Home\b3426283c73ccf70169bd9402b0194e6.php 第 46 行.
NOTIC: [8] Undefined variable: currentToken E:\xampp\htdocs\kedo\APP\Runtime\Cache\Home\b3426283c73ccf70169bd9402b0194e6.php 第 47 行.
NOTIC: [8] Undefined variable: user E:\xampp\htdocs\kedo\APP\Runtime\Cache\Home\b3426283c73ccf70169bd9402b0194e6.php 第 48 行.
NOTIC: [8] Undefined variable: roomnumber E:\xampp\htdocs\kedo\APP\Runtime\Cache\Home\b3426283c73ccf70169bd9402b0194e6.php 第 49 行.
NOTIC: [8] Undefined variable: user E:\xampp\htdocs\kedo\APP\Runtime\Cache\Home\b3426283c73ccf70169bd9402b0194e6.php 第 50 行.
NOTIC: [8] Undefined variable: BSG E:\xampp\htdocs\kedo\APP\Runtime\Cache\Home\b3426283c73ccf70169bd9402b0194e6.php 第 191 行.
NOTIC: [8] Undefined variable: skinType E:\xampp\htdocs\kedo\APP\Runtime\Cache\Home\b3426283c73ccf70169bd9402b0194e6.php 第 193 行.
NOTIC: [8] Use of undefined constant _CDNDOMAIN_ - assumed '_CDNDOMAIN_' E:\xampp\htdocs\kedo\APP\Runtime\Cache\Home\b3426283c73ccf70169bd9402b0194e6.php 第 194 行.
NOTIC: [8] Undefined variable: user E:\xampp\htdocs\kedo\APP\Runtime\Cache\Home\b3426283c73ccf70169bd9402b0194e6.php 第 196 行.
NOTIC: [8] Use of undefined constant avatar - assumed 'avatar' E:\xampp\htdocs\kedo\APP\Runtime\Cache\Home\b3426283c73ccf70169bd9402b0194e6.php 第 288 行.
NOTIC: [8] Undefined variable: showinfo E:\xampp\htdocs\kedo\APP\Runtime\Cache\Home\b3426283c73ccf70169bd9402b0194e6.php 第 288 行.
NOTIC: [8] Use of undefined constant nickname - assumed 'nickname' E:\xampp\htdocs\kedo\APP\Runtime\Cache\Home\b3426283c73ccf70169bd9402b0194e6.php 第 288 行.
NOTIC: [8] Undefined variable: showinfo E:\xampp\htdocs\kedo\APP\Runtime\Cache\Home\b3426283c73ccf70169bd9402b0194e6.php 第 288 行.
NOTIC: [8] Undefined variable: showinfo E:\xampp\htdocs\kedo\APP\Runtime\Cache\Home\b3426283c73ccf70169bd9402b0194e6.php 第 291 行.
NOTIC: [8] Undefined variable: showinfo E:\xampp\htdocs\kedo\APP\Runtime\Cache\Home\b3426283c73ccf70169bd9402b0194e6.php 第 294 行.
NOTIC: [8] Undefined variable: showinfo E:\xampp\htdocs\kedo\APP\Runtime\Cache\Home\b3426283c73ccf70169bd9402b0194e6.php 第 299 行.
NOTIC: [8] Undefined variable: giftId E:\xampp\htdocs\kedo\APP\Runtime\Cache\Home\b3426283c73ccf70169bd9402b0194e6.php 第 320 行.
NOTIC: [2] Invalid argument supplied for foreach() E:\xampp\htdocs\kedo\APP\Runtime\Cache\Home\b3426283c73ccf70169bd9402b0194e6.php 第 320 行.
NOTIC: [8] Undefined variable: roomType E:\xampp\htdocs\kedo\APP\Runtime\Cache\Home\b3426283c73ccf70169bd9402b0194e6.php 第 351 行.
NOTIC: [2] include(./include/studio/task.php): failed to open stream: No such file or directory E:\xampp\htdocs\kedo\APP\Runtime\Cache\Home\b3426283c73ccf70169bd9402b0194e6.php 第 368 行.
NOTIC: [2] include(): Failed opening './include/studio/task.php' for inclusion (include_path='.;C:\php\pear') E:\xampp\htdocs\kedo\APP\Runtime\Cache\Home\b3426283c73ccf70169bd9402b0194e6.php 第 368 行.
NOTIC: [2] include(./include/studio/audience.php): failed to open stream: No such file or directory E:\xampp\htdocs\kedo\APP\Runtime\Cache\Home\b3426283c73ccf70169bd9402b0194e6.php 第 368 行.
NOTIC: [2] include(): Failed opening './include/studio/audience.php' for inclusion (include_path='.;C:\php\pear') E:\xampp\htdocs\kedo\APP\Runtime\Cache\Home\b3426283c73ccf70169bd9402b0194e6.php 第 368 行.
NOTIC: [2] include(./include/studio/pet.php): failed to open stream: No such file or directory E:\xampp\htdocs\kedo\APP\Runtime\Cache\Home\b3426283c73ccf70169bd9402b0194e6.php 第 368 行.
NOTIC: [2] include(): Failed opening './include/studio/pet.php' for inclusion (include_path='.;C:\php\pear') E:\xampp\htdocs\kedo\APP\Runtime\Cache\Home\b3426283c73ccf70169bd9402b0194e6.php 第 368 行.
NOTIC: [8] Undefined variable: thisHome E:\xampp\htdocs\kedo\APP\Runtime\Cache\Home\b3426283c73ccf70169bd9402b0194e6.php 第 368 行.
NOTIC: [8] Undefined variable: showinfo E:\xampp\htdocs\kedo\APP\Runtime\Cache\Home\b3426283c73ccf70169bd9402b0194e6.php 第 405 行.
NOTIC: [8] Undefined variable: user E:\xampp\htdocs\kedo\APP\Runtime\Cache\Home\b3426283c73ccf70169bd9402b0194e6.php 第 466 行.
NOTIC: [8] Undefined variable: giftcate E:\xampp\htdocs\kedo\APP\Runtime\Cache\Home\b3426283c73ccf70169bd9402b0194e6.php 第 490 行.
NOTIC: [2] Invalid argument supplied for foreach() E:\xampp\htdocs\kedo\APP\Runtime\Cache\Home\b3426283c73ccf70169bd9402b0194e6.php 第 490 行.
NOTIC: [8] Undefined variable: giftinfo E:\xampp\htdocs\kedo\APP\Runtime\Cache\Home\b3426283c73ccf70169bd9402b0194e6.php 第 501 行.
NOTIC: [2] Invalid argument supplied for foreach() E:\xampp\htdocs\kedo\APP\Runtime\Cache\Home\b3426283c73ccf70169bd9402b0194e6.php 第 501 行.
INFO: Run Behavior\ParseTemplateBehavior [ RunTime:0.019049s ]
INFO: [ view_parse ] --END-- [ RunTime:0.019120s ]
INFO: [ view_filter ] --START--
INFO: Run Behavior\WriteHtmlCacheBehavior [ RunTime:0.000486s ]
INFO: [ view_filter ] --END-- [ RunTime:0.000545s ]
INFO: [ app_end ] --START--
INFO: Run Behavior\ShowPageTraceBehavior [ RunTime:0.000788s ]
INFO: [ app_end ] --END-- [ RunTime:0.000862s ]

[ 2016-11-24T11:26:09+08:00 ] ::1 /kedo/index.php/Home/Live
INFO: [ app_init ] --START--
INFO: Run Behavior\BuildLiteBehavior [ RunTime:0.000008s ]
INFO: [ app_init ] --END-- [ RunTime:0.000239s ]
INFO: [ app_begin ] --START--
INFO: Run Behavior\ReadHtmlCacheBehavior [ RunTime:0.000273s ]
INFO: [ app_begin ] --END-- [ RunTime:0.000302s ]
INFO: [ view_parse ] --START--
INFO: [ template_filter ] --START--
INFO: Run Behavior\ContentReplaceBehavior [ RunTime:0.000138s ]
INFO: [ template_filter ] --END-- [ RunTime:0.000176s ]
NOTIC: [8] Undefined variable: showinfo E:\xampp\htdocs\kedo\APP\Runtime\Cache\Home\b3426283c73ccf70169bd9402b0194e6.php 第 5 行.
NOTIC: [8] Undefined variable: page_var E:\xampp\htdocs\kedo\APP\Runtime\Cache\Home\b3426283c73ccf70169bd9402b0194e6.php 第 5 行.
NOTIC: [8] Undefined variable: page_var E:\xampp\htdocs\kedo\APP\Runtime\Cache\Home\b3426283c73ccf70169bd9402b0194e6.php 第 6 行.
NOTIC: [8] Undefined variable: page_var E:\xampp\htdocs\kedo\APP\Runtime\Cache\Home\b3426283c73ccf70169bd9402b0194e6.php 第 8 行.
NOTIC: [8] Undefined variable: page_var E:\xampp\htdocs\kedo\APP\Runtime\Cache\Home\b3426283c73ccf70169bd9402b0194e6.php 第 9 行.
NOTIC: [8] Undefined variable: vsn E:\xampp\htdocs\kedo\APP\Runtime\Cache\Home\b3426283c73ccf70169bd9402b0194e6.php 第 9 行.
NOTIC: [8] Undefined variable: page_var E:\xampp\htdocs\kedo\APP\Runtime\Cache\Home\b3426283c73ccf70169bd9402b0194e6.php 第 10 行.
NOTIC: [8] Undefined variable: page_var E:\xampp\htdocs\kedo\APP\Runtime\Cache\Home\b3426283c73ccf70169bd9402b0194e6.php 第 11 行.
NOTIC: [8] Undefined variable: page_var E:\xampp\htdocs\kedo\APP\Runtime\Cache\Home\b3426283c73ccf70169bd9402b0194e6.php 第 12 行.
NOTIC: [8] Undefined variable: page_var E:\xampp\htdocs\kedo\APP\Runtime\Cache\Home\b3426283c73ccf70169bd9402b0194e6.php 第 13 行.
NOTIC: [8] Undefined variable: page_var E:\xampp\htdocs\kedo\APP\Runtime\Cache\Home\b3426283c73ccf70169bd9402b0194e6.php 第 14 行.
NOTIC: [8] Undefined variable: page_var E:\xampp\htdocs\kedo\APP\Runtime\Cache\Home\b3426283c73ccf70169bd9402b0194e6.php 第 15 行.
NOTIC: [8] Undefined variable: page_var E:\xampp\htdocs\kedo\APP\Runtime\Cache\Home\b3426283c73ccf70169bd9402b0194e6.php 第 32 行.
NOTIC: [8] Undefined variable: page_var E:\xampp\htdocs\kedo\APP\Runtime\Cache\Home\b3426283c73ccf70169bd9402b0194e6.php 第 34 行.
NOTIC: [8] Undefined variable: skinType E:\xampp\htdocs\kedo\APP\Runtime\Cache\Home\b3426283c73ccf70169bd9402b0194e6.php 第 34 行.
NOTIC: [8] Undefined variable: page_var E:\xampp\htdocs\kedo\APP\Runtime\Cache\Home\b3426283c73ccf70169bd9402b0194e6.php 第 35 行.
NOTIC: [8] Undefined variable: skinType E:\xampp\htdocs\kedo\APP\Runtime\Cache\Home\b3426283c73ccf70169bd9402b0194e6.php 第 35 行.
NOTIC: [8] Undefined variable: vsn E:\xampp\htdocs\kedo\APP\Runtime\Cache\Home\b3426283c73ccf70169bd9402b0194e6.php 第 35 行.
NOTIC: [8] Undefined variable: vsn E:\xampp\htdocs\kedo\APP\Runtime\Cache\Home\b3426283c73ccf70169bd9402b0194e6.php 第 40 行.
NOTIC: [8] Undefined variable: thisHome E:\xampp\htdocs\kedo\APP\Runtime\Cache\Home\b3426283c73ccf70169bd9402b0194e6.php 第 45 行.
NOTIC: [8] Undefined variable: roomType E:\xampp\htdocs\kedo\APP\Runtime\Cache\Home\b3426283c73ccf70169bd9402b0194e6.php 第 46 行.
NOTIC: [8] Undefined variable: currentToken E:\xampp\htdocs\kedo\APP\Runtime\Cache\Home\b3426283c73ccf70169bd9402b0194e6.php 第 47 行.
NOTIC: [8] Undefined variable: user E:\xampp\htdocs\kedo\APP\Runtime\Cache\Home\b3426283c73ccf70169bd9402b0194e6.php 第 48 行.
NOTIC: [8] Undefined variable: roomnumber E:\xampp\htdocs\kedo\APP\Runtime\Cache\Home\b3426283c73ccf70169bd9402b0194e6.php 第 49 行.
NOTIC: [8] Undefined variable: user E:\xampp\htdocs\kedo\APP\Runtime\Cache\Home\b3426283c73ccf70169bd9402b0194e6.php 第 50 行.
NOTIC: [8] Undefined variable: BSG E:\xampp\htdocs\kedo\APP\Runtime\Cache\Home\b3426283c73ccf70169bd9402b0194e6.php 第 191 行.
NOTIC: [8] Use of undefined constant _CDNDOMAIN_ - assumed '_CDNDOMAIN_' E:\xampp\htdocs\kedo\APP\Runtime\Cache\Home\b3426283c73ccf70169bd9402b0194e6.php 第 194 行.
NOTIC: [8] Undefined variable: user E:\xampp\htdocs\kedo\APP\Runtime\Cache\Home\b3426283c73ccf70169bd9402b0194e6.php 第 196 行.
NOTIC: [8] Use of undefined constant avatar - assumed 'avatar' E:\xampp\htdocs\kedo\APP\Runtime\Cache\Home\b3426283c73ccf70169bd9402b0194e6.php 第 288 行.
NOTIC: [8] Undefined variable: showinfo E:\xampp\htdocs\kedo\APP\Runtime\Cache\Home\b3426283c73ccf70169bd9402b0194e6.php 第 288 行.
NOTIC: [8] Use of undefined constant nickname - assumed 'nickname' E:\xampp\htdocs\kedo\APP\Runtime\Cache\Home\b3426283c73ccf70169bd9402b0194e6.php 第 288 行.
NOTIC: [8] Undefined variable: showinfo E:\xampp\htdocs\kedo\APP\Runtime\Cache\Home\b3426283c73ccf70169bd9402b0194e6.php 第 288 行.
NOTIC: [8] Undefined variable: showinfo E:\xampp\htdocs\kedo\APP\Runtime\Cache\Home\b3426283c73ccf70169bd9402b0194e6.php 第 291 行.
NOTIC: [8] Undefined variable: showinfo E:\xampp\htdocs\kedo\APP\Runtime\Cache\Home\b3426283c73ccf70169bd9402b0194e6.php 第 294 行.
NOTIC: [8] Undefined variable: showinfo E:\xampp\htdocs\kedo\APP\Runtime\Cache\Home\b3426283c73ccf70169bd9402b0194e6.php 第 299 行.
NOTIC: [8] Undefined variable: giftId E:\xampp\htdocs\kedo\APP\Runtime\Cache\Home\b3426283c73ccf70169bd9402b0194e6.php 第 320 行.
NOTIC: [2] Invalid argument supplied for foreach() E:\xampp\htdocs\kedo\APP\Runtime\Cache\Home\b3426283c73ccf70169bd9402b0194e6.php 第 320 行.
NOTIC: [8] Undefined variable: roomType E:\xampp\htdocs\kedo\APP\Runtime\Cache\Home\b3426283c73ccf70169bd9402b0194e6.php 第 351 行.
NOTIC: [2] include(./include/studio/task.php): failed to open stream: No such file or directory E:\xampp\htdocs\kedo\APP\Runtime\Cache\Home\b3426283c73ccf70169bd9402b0194e6.php 第 368 行.
NOTIC: [2] include(): Failed opening './include/studio/task.php' for inclusion (include_path='.;C:\php\pear') E:\xampp\htdocs\kedo\APP\Runtime\Cache\Home\b3426283c73ccf70169bd9402b0194e6.php 第 368 行.
NOTIC: [2] include(./include/studio/audience.php): failed to open stream: No such file or directory E:\xampp\htdocs\kedo\APP\Runtime\Cache\Home\b3426283c73ccf70169bd9402b0194e6.php 第 368 行.
NOTIC: [2] include(): Failed opening './include/studio/audience.php' for inclusion (include_path='.;C:\php\pear') E:\xampp\htdocs\kedo\APP\Runtime\Cache\Home\b3426283c73ccf70169bd9402b0194e6.php 第 368 行.
NOTIC: [2] include(./include/studio/pet.php): failed to open stream: No such file or directory E:\xampp\htdocs\kedo\APP\Runtime\Cache\Home\b3426283c73ccf70169bd9402b0194e6.php 第 368 行.
NOTIC: [2] include(): Failed opening './include/studio/pet.php' for inclusion (include_path='.;C:\php\pear') E:\xampp\htdocs\kedo\APP\Runtime\Cache\Home\b3426283c73ccf70169bd9402b0194e6.php 第 368 行.
NOTIC: [8] Undefined variable: thisHome E:\xampp\htdocs\kedo\APP\Runtime\Cache\Home\b3426283c73ccf70169bd9402b0194e6.php 第 368 行.
NOTIC: [8] Undefined variable: showinfo E:\xampp\htdocs\kedo\APP\Runtime\Cache\Home\b3426283c73ccf70169bd9402b0194e6.php 第 405 行.
NOTIC: [8] Undefined variable: user E:\xampp\htdocs\kedo\APP\Runtime\Cache\Home\b3426283c73ccf70169bd9402b0194e6.php 第 466 行.
NOTIC: [8] Undefined variable: giftcate E:\xampp\htdocs\kedo\APP\Runtime\Cache\Home\b3426283c73ccf70169bd9402b0194e6.php 第 490 行.
NOTIC: [2] Invalid argument supplied for foreach() E:\xampp\htdocs\kedo\APP\Runtime\Cache\Home\b3426283c73ccf70169bd9402b0194e6.php 第 490 行.
NOTIC: [8] Undefined variable: giftinfo E:\xampp\htdocs\kedo\APP\Runtime\Cache\Home\b3426283c73ccf70169bd9402b0194e6.php 第 501 行.
NOTIC: [2] Invalid argument supplied for foreach() E:\xampp\htdocs\kedo\APP\Runtime\Cache\Home\b3426283c73ccf70169bd9402b0194e6.php 第 501 行.
INFO: Run Behavior\ParseTemplateBehavior [ RunTime:0.009213s ]
INFO: [ view_parse ] --END-- [ RunTime:0.009255s ]
INFO: [ view_filter ] --START--
INFO: Run Behavior\WriteHtmlCacheBehavior [ RunTime:0.000314s ]
INFO: [ view_filter ] --END-- [ RunTime:0.000357s ]
INFO: [ app_end ] --START--
INFO: Run Behavior\ShowPageTraceBehavior [ RunTime:0.000547s ]
INFO: [ app_end ] --END-- [ RunTime:0.000602s ]

[ 2016-11-24T11:27:37+08:00 ] ::1 /kedo/index.php/Home/Live
INFO: [ app_init ] --START--
INFO: Run Behavior\BuildLiteBehavior [ RunTime:0.000011s ]
INFO: [ app_init ] --END-- [ RunTime:0.000326s ]
INFO: [ app_begin ] --START--
INFO: Run Behavior\ReadHtmlCacheBehavior [ RunTime:0.000475s ]
INFO: [ app_begin ] --END-- [ RunTime:0.000514s ]
INFO: [ view_parse ] --START--
INFO: [ template_filter ] --START--
INFO: Run Behavior\ContentReplaceBehavior [ RunTime:0.000172s ]
INFO: [ template_filter ] --END-- [ RunTime:0.000216s ]
NOTIC: [8] Undefined variable: showinfo E:\xampp\htdocs\kedo\APP\Runtime\Cache\Home\b3426283c73ccf70169bd9402b0194e6.php 第 5 行.
NOTIC: [8] Undefined variable: page_var E:\xampp\htdocs\kedo\APP\Runtime\Cache\Home\b3426283c73ccf70169bd9402b0194e6.php 第 5 行.
NOTIC: [8] Undefined variable: page_var E:\xampp\htdocs\kedo\APP\Runtime\Cache\Home\b3426283c73ccf70169bd9402b0194e6.php 第 6 行.
NOTIC: [8] Undefined variable: page_var E:\xampp\htdocs\kedo\APP\Runtime\Cache\Home\b3426283c73ccf70169bd9402b0194e6.php 第 8 行.
NOTIC: [8] Undefined variable: page_var E:\xampp\htdocs\kedo\APP\Runtime\Cache\Home\b3426283c73ccf70169bd9402b0194e6.php 第 9 行.
NOTIC: [8] Undefined variable: vsn E:\xampp\htdocs\kedo\APP\Runtime\Cache\Home\b3426283c73ccf70169bd9402b0194e6.php 第 9 行.
NOTIC: [8] Undefined variable: page_var E:\xampp\htdocs\kedo\APP\Runtime\Cache\Home\b3426283c73ccf70169bd9402b0194e6.php 第 10 行.
NOTIC: [8] Undefined variable: page_var E:\xampp\htdocs\kedo\APP\Runtime\Cache\Home\b3426283c73ccf70169bd9402b0194e6.php 第 11 行.
NOTIC: [8] Undefined variable: page_var E:\xampp\htdocs\kedo\APP\Runtime\Cache\Home\b3426283c73ccf70169bd9402b0194e6.php 第 12 行.
NOTIC: [8] Undefined variable: page_var E:\xampp\htdocs\kedo\APP\Runtime\Cache\Home\b3426283c73ccf70169bd9402b0194e6.php 第 13 行.
NOTIC: [8] Undefined variable: page_var E:\xampp\htdocs\kedo\APP\Runtime\Cache\Home\b3426283c73ccf70169bd9402b0194e6.php 第 14 行.
NOTIC: [8] Undefined variable: page_var E:\xampp\htdocs\kedo\APP\Runtime\Cache\Home\b3426283c73ccf70169bd9402b0194e6.php 第 15 行.
NOTIC: [8] Undefined variable: page_var E:\xampp\htdocs\kedo\APP\Runtime\Cache\Home\b3426283c73ccf70169bd9402b0194e6.php 第 32 行.
NOTIC: [8] Undefined variable: page_var E:\xampp\htdocs\kedo\APP\Runtime\Cache\Home\b3426283c73ccf70169bd9402b0194e6.php 第 34 行.
NOTIC: [8] Undefined variable: skinType E:\xampp\htdocs\kedo\APP\Runtime\Cache\Home\b3426283c73ccf70169bd9402b0194e6.php 第 34 行.
NOTIC: [8] Undefined variable: page_var E:\xampp\htdocs\kedo\APP\Runtime\Cache\Home\b3426283c73ccf70169bd9402b0194e6.php 第 35 行.
NOTIC: [8] Undefined variable: skinType E:\xampp\htdocs\kedo\APP\Runtime\Cache\Home\b3426283c73ccf70169bd9402b0194e6.php 第 35 行.
NOTIC: [8] Undefined variable: vsn E:\xampp\htdocs\kedo\APP\Runtime\Cache\Home\b3426283c73ccf70169bd9402b0194e6.php 第 35 行.
NOTIC: [8] Undefined variable: vsn E:\xampp\htdocs\kedo\APP\Runtime\Cache\Home\b3426283c73ccf70169bd9402b0194e6.php 第 40 行.
NOTIC: [8] Undefined variable: thisHome E:\xampp\htdocs\kedo\APP\Runtime\Cache\Home\b3426283c73ccf70169bd9402b0194e6.php 第 45 行.
NOTIC: [8] Undefined variable: roomType E:\xampp\htdocs\kedo\APP\Runtime\Cache\Home\b3426283c73ccf70169bd9402b0194e6.php 第 46 行.
NOTIC: [8] Undefined variable: currentToken E:\xampp\htdocs\kedo\APP\Runtime\Cache\Home\b3426283c73ccf70169bd9402b0194e6.php 第 47 行.
NOTIC: [8] Undefined variable: user E:\xampp\htdocs\kedo\APP\Runtime\Cache\Home\b3426283c73ccf70169bd9402b0194e6.php 第 48 行.
NOTIC: [8] Undefined variable: roomnumber E:\xampp\htdocs\kedo\APP\Runtime\Cache\Home\b3426283c73ccf70169bd9402b0194e6.php 第 49 行.
NOTIC: [8] Undefined variable: user E:\xampp\htdocs\kedo\APP\Runtime\Cache\Home\b3426283c73ccf70169bd9402b0194e6.php 第 50 行.
NOTIC: [8] Undefined variable: BSG E:\xampp\htdocs\kedo\APP\Runtime\Cache\Home\b3426283c73ccf70169bd9402b0194e6.php 第 191 行.
NOTIC: [8] Use of undefined constant _CDNDOMAIN_ - assumed '_CDNDOMAIN_' E:\xampp\htdocs\kedo\APP\Runtime\Cache\Home\b3426283c73ccf70169bd9402b0194e6.php 第 194 行.
NOTIC: [8] Undefined variable: user E:\xampp\htdocs\kedo\APP\Runtime\Cache\Home\b3426283c73ccf70169bd9402b0194e6.php 第 196 行.
NOTIC: [8] Use of undefined constant avatar - assumed 'avatar' E:\xampp\htdocs\kedo\APP\Runtime\Cache\Home\b3426283c73ccf70169bd9402b0194e6.php 第 288 行.
NOTIC: [8] Undefined variable: showinfo E:\xampp\htdocs\kedo\APP\Runtime\Cache\Home\b3426283c73ccf70169bd9402b0194e6.php 第 288 行.
NOTIC: [8] Use of undefined constant nickname - assumed 'nickname' E:\xampp\htdocs\kedo\APP\Runtime\Cache\Home\b3426283c73ccf70169bd9402b0194e6.php 第 288 行.
NOTIC: [8] Undefined variable: showinfo E:\xampp\htdocs\kedo\APP\Runtime\Cache\Home\b3426283c73ccf70169bd9402b0194e6.php 第 288 行.
NOTIC: [8] Undefined variable: showinfo E:\xampp\htdocs\kedo\APP\Runtime\Cache\Home\b3426283c73ccf70169bd9402b0194e6.php 第 291 行.
NOTIC: [8] Undefined variable: showinfo E:\xampp\htdocs\kedo\APP\Runtime\Cache\Home\b3426283c73ccf70169bd9402b0194e6.php 第 294 行.
NOTIC: [8] Undefined variable: showinfo E:\xampp\htdocs\kedo\APP\Runtime\Cache\Home\b3426283c73ccf70169bd9402b0194e6.php 第 299 行.
NOTIC: [8] Undefined variable: giftId E:\xampp\htdocs\kedo\APP\Runtime\Cache\Home\b3426283c73ccf70169bd9402b0194e6.php 第 320 行.
NOTIC: [2] Invalid argument supplied for foreach() E:\xampp\htdocs\kedo\APP\Runtime\Cache\Home\b3426283c73ccf70169bd9402b0194e6.php 第 320 行.
NOTIC: [8] Undefined variable: roomType E:\xampp\htdocs\kedo\APP\Runtime\Cache\Home\b3426283c73ccf70169bd9402b0194e6.php 第 351 行.
NOTIC: [2] include(./include/studio/task.php): failed to open stream: No such file or directory E:\xampp\htdocs\kedo\APP\Runtime\Cache\Home\b3426283c73ccf70169bd9402b0194e6.php 第 368 行.
NOTIC: [2] include(): Failed opening './include/studio/task.php' for inclusion (include_path='.;C:\php\pear') E:\xampp\htdocs\kedo\APP\Runtime\Cache\Home\b3426283c73ccf70169bd9402b0194e6.php 第 368 行.
NOTIC: [2] include(./include/studio/audience.php): failed to open stream: No such file or directory E:\xampp\htdocs\kedo\APP\Runtime\Cache\Home\b3426283c73ccf70169bd9402b0194e6.php 第 368 行.
NOTIC: [2] include(): Failed opening './include/studio/audience.php' for inclusion (include_path='.;C:\php\pear') E:\xampp\htdocs\kedo\APP\Runtime\Cache\Home\b3426283c73ccf70169bd9402b0194e6.php 第 368 行.
NOTIC: [2] include(./include/studio/pet.php): failed to open stream: No such file or directory E:\xampp\htdocs\kedo\APP\Runtime\Cache\Home\b3426283c73ccf70169bd9402b0194e6.php 第 368 行.
NOTIC: [2] include(): Failed opening './include/studio/pet.php' for inclusion (include_path='.;C:\php\pear') E:\xampp\htdocs\kedo\APP\Runtime\Cache\Home\b3426283c73ccf70169bd9402b0194e6.php 第 368 行.
NOTIC: [8] Undefined variable: thisHome E:\xampp\htdocs\kedo\APP\Runtime\Cache\Home\b3426283c73ccf70169bd9402b0194e6.php 第 368 行.
NOTIC: [8] Undefined variable: showinfo E:\xampp\htdocs\kedo\APP\Runtime\Cache\Home\b3426283c73ccf70169bd9402b0194e6.php 第 405 行.
NOTIC: [8] Undefined variable: user E:\xampp\htdocs\kedo\APP\Runtime\Cache\Home\b3426283c73ccf70169bd9402b0194e6.php 第 466 行.
NOTIC: [8] Undefined variable: giftcate E:\xampp\htdocs\kedo\APP\Runtime\Cache\Home\b3426283c73ccf70169bd9402b0194e6.php 第 490 行.
NOTIC: [2] Invalid argument supplied for foreach() E:\xampp\htdocs\kedo\APP\Runtime\Cache\Home\b3426283c73ccf70169bd9402b0194e6.php 第 490 行.
NOTIC: [8] Undefined variable: giftinfo E:\xampp\htdocs\kedo\APP\Runtime\Cache\Home\b3426283c73ccf70169bd9402b0194e6.php 第 501 行.
NOTIC: [2] Invalid argument supplied for foreach() E:\xampp\htdocs\kedo\APP\Runtime\Cache\Home\b3426283c73ccf70169bd9402b0194e6.php 第 501 行.
INFO: Run Behavior\ParseTemplateBehavior [ RunTime:0.012282s ]
INFO: [ view_parse ] --END-- [ RunTime:0.012320s ]
INFO: [ view_filter ] --START--
INFO: Run Behavior\WriteHtmlCacheBehavior [ RunTime:0.000293s ]
INFO: [ view_filter ] --END-- [ RunTime:0.000323s ]
INFO: [ app_end ] --START--
INFO: Run Behavior\ShowPageTraceBehavior [ RunTime:0.000471s ]
INFO: [ app_end ] --END-- [ RunTime:0.000513s ]

[ 2016-11-24T11:28:23+08:00 ] ::1 /kedo/index.php/Home/Live
INFO: [ app_init ] --START--
INFO: Run Behavior\BuildLiteBehavior [ RunTime:0.000008s ]
INFO: [ app_init ] --END-- [ RunTime:0.000252s ]
INFO: [ app_begin ] --START--
INFO: Run Behavior\ReadHtmlCacheBehavior [ RunTime:0.000473s ]
INFO: [ app_begin ] --END-- [ RunTime:0.000511s ]
INFO: [ view_parse ] --START--
INFO: [ template_filter ] --START--
INFO: Run Behavior\ContentReplaceBehavior [ RunTime:0.000145s ]
INFO: [ template_filter ] --END-- [ RunTime:0.000187s ]
NOTIC: [8] Undefined variable: showinfo E:\xampp\htdocs\kedo\APP\Runtime\Cache\Home\b3426283c73ccf70169bd9402b0194e6.php 第 5 行.
NOTIC: [8] Undefined variable: page_var E:\xampp\htdocs\kedo\APP\Runtime\Cache\Home\b3426283c73ccf70169bd9402b0194e6.php 第 5 行.
NOTIC: [8] Undefined variable: page_var E:\xampp\htdocs\kedo\APP\Runtime\Cache\Home\b3426283c73ccf70169bd9402b0194e6.php 第 6 行.
NOTIC: [8] Undefined variable: page_var E:\xampp\htdocs\kedo\APP\Runtime\Cache\Home\b3426283c73ccf70169bd9402b0194e6.php 第 8 行.
NOTIC: [8] Undefined variable: page_var E:\xampp\htdocs\kedo\APP\Runtime\Cache\Home\b3426283c73ccf70169bd9402b0194e6.php 第 9 行.
NOTIC: [8] Undefined variable: vsn E:\xampp\htdocs\kedo\APP\Runtime\Cache\Home\b3426283c73ccf70169bd9402b0194e6.php 第 9 行.
NOTIC: [8] Undefined variable: page_var E:\xampp\htdocs\kedo\APP\Runtime\Cache\Home\b3426283c73ccf70169bd9402b0194e6.php 第 10 行.
NOTIC: [8] Undefined variable: page_var E:\xampp\htdocs\kedo\APP\Runtime\Cache\Home\b3426283c73ccf70169bd9402b0194e6.php 第 11 行.
NOTIC: [8] Undefined variable: page_var E:\xampp\htdocs\kedo\APP\Runtime\Cache\Home\b3426283c73ccf70169bd9402b0194e6.php 第 12 行.
NOTIC: [8] Undefined variable: page_var E:\xampp\htdocs\kedo\APP\Runtime\Cache\Home\b3426283c73ccf70169bd9402b0194e6.php 第 13 行.
NOTIC: [8] Undefined variable: page_var E:\xampp\htdocs\kedo\APP\Runtime\Cache\Home\b3426283c73ccf70169bd9402b0194e6.php 第 14 行.
NOTIC: [8] Undefined variable: page_var E:\xampp\htdocs\kedo\APP\Runtime\Cache\Home\b3426283c73ccf70169bd9402b0194e6.php 第 15 行.
NOTIC: [8] Undefined variable: page_var E:\xampp\htdocs\kedo\APP\Runtime\Cache\Home\b3426283c73ccf70169bd9402b0194e6.php 第 32 行.
NOTIC: [8] Undefined variable: page_var E:\xampp\htdocs\kedo\APP\Runtime\Cache\Home\b3426283c73ccf70169bd9402b0194e6.php 第 34 行.
NOTIC: [8] Undefined variable: skinType E:\xampp\htdocs\kedo\APP\Runtime\Cache\Home\b3426283c73ccf70169bd9402b0194e6.php 第 34 行.
NOTIC: [8] Undefined variable: page_var E:\xampp\htdocs\kedo\APP\Runtime\Cache\Home\b3426283c73ccf70169bd9402b0194e6.php 第 35 行.
NOTIC: [8] Undefined variable: skinType E:\xampp\htdocs\kedo\APP\Runtime\Cache\Home\b3426283c73ccf70169bd9402b0194e6.php 第 35 行.
NOTIC: [8] Undefined variable: vsn E:\xampp\htdocs\kedo\APP\Runtime\Cache\Home\b3426283c73ccf70169bd9402b0194e6.php 第 35 行.
NOTIC: [8] Undefined variable: vsn E:\xampp\htdocs\kedo\APP\Runtime\Cache\Home\b3426283c73ccf70169bd9402b0194e6.php 第 40 行.
NOTIC: [8] Undefined variable: thisHome E:\xampp\htdocs\kedo\APP\Runtime\Cache\Home\b3426283c73ccf70169bd9402b0194e6.php 第 45 行.
NOTIC: [8] Undefined variable: roomType E:\xampp\htdocs\kedo\APP\Runtime\Cache\Home\b3426283c73ccf70169bd9402b0194e6.php 第 46 行.
NOTIC: [8] Undefined variable: currentToken E:\xampp\htdocs\kedo\APP\Runtime\Cache\Home\b3426283c73ccf70169bd9402b0194e6.php 第 47 行.
NOTIC: [8] Undefined variable: user E:\xampp\htdocs\kedo\APP\Runtime\Cache\Home\b3426283c73ccf70169bd9402b0194e6.php 第 48 行.
NOTIC: [8] Undefined variable: roomnumber E:\xampp\htdocs\kedo\APP\Runtime\Cache\Home\b3426283c73ccf70169bd9402b0194e6.php 第 49 行.
NOTIC: [8] Undefined variable: user E:\xampp\htdocs\kedo\APP\Runtime\Cache\Home\b3426283c73ccf70169bd9402b0194e6.php 第 50 行.
NOTIC: [8] Undefined variable: BSG E:\xampp\htdocs\kedo\APP\Runtime\Cache\Home\b3426283c73ccf70169bd9402b0194e6.php 第 191 行.
NOTIC: [8] Use of undefined constant _CDNDOMAIN_ - assumed '_CDNDOMAIN_' E:\xampp\htdocs\kedo\APP\Runtime\Cache\Home\b3426283c73ccf70169bd9402b0194e6.php 第 194 行.
NOTIC: [8] Undefined variable: user E:\xampp\htdocs\kedo\APP\Runtime\Cache\Home\b3426283c73ccf70169bd9402b0194e6.php 第 196 行.
NOTIC: [8] Use of undefined constant avatar - assumed 'avatar' E:\xampp\htdocs\kedo\APP\Runtime\Cache\Home\b3426283c73ccf70169bd9402b0194e6.php 第 288 行.
NOTIC: [8] Undefined variable: showinfo E:\xampp\htdocs\kedo\APP\Runtime\Cache\Home\b3426283c73ccf70169bd9402b0194e6.php 第 288 行.
NOTIC: [8] Use of undefined constant nickname - assumed 'nickname' E:\xampp\htdocs\kedo\APP\Runtime\Cache\Home\b3426283c73ccf70169bd9402b0194e6.php 第 288 行.
NOTIC: [8] Undefined variable: showinfo E:\xampp\htdocs\kedo\APP\Runtime\Cache\Home\b3426283c73ccf70169bd9402b0194e6.php 第 288 行.
NOTIC: [8] Undefined variable: showinfo E:\xampp\htdocs\kedo\APP\Runtime\Cache\Home\b3426283c73ccf70169bd9402b0194e6.php 第 291 行.
NOTIC: [8] Undefined variable: showinfo E:\xampp\htdocs\kedo\APP\Runtime\Cache\Home\b3426283c73ccf70169bd9402b0194e6.php 第 294 行.
NOTIC: [8] Undefined variable: showinfo E:\xampp\htdocs\kedo\APP\Runtime\Cache\Home\b3426283c73ccf70169bd9402b0194e6.php 第 299 行.
NOTIC: [8] Undefined variable: giftId E:\xampp\htdocs\kedo\APP\Runtime\Cache\Home\b3426283c73ccf70169bd9402b0194e6.php 第 320 行.
NOTIC: [2] Invalid argument supplied for foreach() E:\xampp\htdocs\kedo\APP\Runtime\Cache\Home\b3426283c73ccf70169bd9402b0194e6.php 第 320 行.
NOTIC: [8] Undefined variable: roomType E:\xampp\htdocs\kedo\APP\Runtime\Cache\Home\b3426283c73ccf70169bd9402b0194e6.php 第 351 行.
NOTIC: [2] include(./include/studio/task.php): failed to open stream: No such file or directory E:\xampp\htdocs\kedo\APP\Runtime\Cache\Home\b3426283c73ccf70169bd9402b0194e6.php 第 368 行.
NOTIC: [2] include(): Failed opening './include/studio/task.php' for inclusion (include_path='.;C:\php\pear') E:\xampp\htdocs\kedo\APP\Runtime\Cache\Home\b3426283c73ccf70169bd9402b0194e6.php 第 368 行.
NOTIC: [2] include(./include/studio/audience.php): failed to open stream: No such file or directory E:\xampp\htdocs\kedo\APP\Runtime\Cache\Home\b3426283c73ccf70169bd9402b0194e6.php 第 368 行.
NOTIC: [2] include(): Failed opening './include/studio/audience.php' for inclusion (include_path='.;C:\php\pear') E:\xampp\htdocs\kedo\APP\Runtime\Cache\Home\b3426283c73ccf70169bd9402b0194e6.php 第 368 行.
NOTIC: [2] include(./include/studio/pet.php): failed to open stream: No such file or directory E:\xampp\htdocs\kedo\APP\Runtime\Cache\Home\b3426283c73ccf70169bd9402b0194e6.php 第 368 行.
NOTIC: [2] include(): Failed opening './include/studio/pet.php' for inclusion (include_path='.;C:\php\pear') E:\xampp\htdocs\kedo\APP\Runtime\Cache\Home\b3426283c73ccf70169bd9402b0194e6.php 第 368 行.
NOTIC: [8] Undefined variable: thisHome E:\xampp\htdocs\kedo\APP\Runtime\Cache\Home\b3426283c73ccf70169bd9402b0194e6.php 第 368 行.
NOTIC: [8] Undefined variable: showinfo E:\xampp\htdocs\kedo\APP\Runtime\Cache\Home\b3426283c73ccf70169bd9402b0194e6.php 第 405 行.
NOTIC: [8] Undefined variable: user E:\xampp\htdocs\kedo\APP\Runtime\Cache\Home\b3426283c73ccf70169bd9402b0194e6.php 第 466 行.
NOTIC: [8] Undefined variable: giftcate E:\xampp\htdocs\kedo\APP\Runtime\Cache\Home\b3426283c73ccf70169bd9402b0194e6.php 第 490 行.
NOTIC: [2] Invalid argument supplied for foreach() E:\xampp\htdocs\kedo\APP\Runtime\Cache\Home\b3426283c73ccf70169bd9402b0194e6.php 第 490 行.
NOTIC: [8] Undefined variable: giftinfo E:\xampp\htdocs\kedo\APP\Runtime\Cache\Home\b3426283c73ccf70169bd9402b0194e6.php 第 501 行.
NOTIC: [2] Invalid argument supplied for foreach() E:\xampp\htdocs\kedo\APP\Runtime\Cache\Home\b3426283c73ccf70169bd9402b0194e6.php 第 501 行.
INFO: Run Behavior\ParseTemplateBehavior [ RunTime:0.008758s ]
INFO: [ view_parse ] --END-- [ RunTime:0.008789s ]
INFO: [ view_filter ] --START--
INFO: Run Behavior\WriteHtmlCacheBehavior [ RunTime:0.000228s ]
INFO: [ view_filter ] --END-- [ RunTime:0.000253s ]
INFO: [ app_end ] --START--
INFO: Run Behavior\ShowPageTraceBehavior [ RunTime:0.000391s ]
INFO: [ app_end ] --END-- [ RunTime:0.000422s ]

[ 2016-11-24T11:33:14+08:00 ] ::1 /kedo/index.php/Home/Live
INFO: [ app_init ] --START--
INFO: Run Behavior\BuildLiteBehavior [ RunTime:0.000015s ]
INFO: [ app_init ] --END-- [ RunTime:0.000456s ]
INFO: [ app_begin ] --START--
INFO: Run Behavior\ReadHtmlCacheBehavior [ RunTime:0.000671s ]
INFO: [ app_begin ] --END-- [ RunTime:0.000726s ]
INFO: [ view_parse ] --START--
INFO: [ template_filter ] --START--
INFO: Run Behavior\ContentReplaceBehavior [ RunTime:0.000186s ]
INFO: [ template_filter ] --END-- [ RunTime:0.000267s ]
NOTIC: [8] Undefined variable: showinfo E:\xampp\htdocs\kedo\APP\Runtime\Cache\Home\b3426283c73ccf70169bd9402b0194e6.php 第 5 行.
NOTIC: [8] Undefined variable: page_var E:\xampp\htdocs\kedo\APP\Runtime\Cache\Home\b3426283c73ccf70169bd9402b0194e6.php 第 5 行.
NOTIC: [8] Undefined variable: page_var E:\xampp\htdocs\kedo\APP\Runtime\Cache\Home\b3426283c73ccf70169bd9402b0194e6.php 第 6 行.
NOTIC: [8] Undefined variable: page_var E:\xampp\htdocs\kedo\APP\Runtime\Cache\Home\b3426283c73ccf70169bd9402b0194e6.php 第 8 行.
NOTIC: [8] Undefined variable: page_var E:\xampp\htdocs\kedo\APP\Runtime\Cache\Home\b3426283c73ccf70169bd9402b0194e6.php 第 9 行.
NOTIC: [8] Undefined variable: vsn E:\xampp\htdocs\kedo\APP\Runtime\Cache\Home\b3426283c73ccf70169bd9402b0194e6.php 第 9 行.
NOTIC: [8] Undefined variable: page_var E:\xampp\htdocs\kedo\APP\Runtime\Cache\Home\b3426283c73ccf70169bd9402b0194e6.php 第 10 行.
NOTIC: [8] Undefined variable: page_var E:\xampp\htdocs\kedo\APP\Runtime\Cache\Home\b3426283c73ccf70169bd9402b0194e6.php 第 11 行.
NOTIC: [8] Undefined variable: page_var E:\xampp\htdocs\kedo\APP\Runtime\Cache\Home\b3426283c73ccf70169bd9402b0194e6.php 第 12 行.
NOTIC: [8] Undefined variable: page_var E:\xampp\htdocs\kedo\APP\Runtime\Cache\Home\b3426283c73ccf70169bd9402b0194e6.php 第 13 行.
NOTIC: [8] Undefined variable: page_var E:\xampp\htdocs\kedo\APP\Runtime\Cache\Home\b3426283c73ccf70169bd9402b0194e6.php 第 14 行.
NOTIC: [8] Undefined variable: page_var E:\xampp\htdocs\kedo\APP\Runtime\Cache\Home\b3426283c73ccf70169bd9402b0194e6.php 第 15 行.
NOTIC: [8] Undefined variable: page_var E:\xampp\htdocs\kedo\APP\Runtime\Cache\Home\b3426283c73ccf70169bd9402b0194e6.php 第 32 行.
NOTIC: [8] Undefined variable: page_var E:\xampp\htdocs\kedo\APP\Runtime\Cache\Home\b3426283c73ccf70169bd9402b0194e6.php 第 34 行.
NOTIC: [8] Undefined variable: skinType E:\xampp\htdocs\kedo\APP\Runtime\Cache\Home\b3426283c73ccf70169bd9402b0194e6.php 第 34 行.
NOTIC: [8] Undefined variable: page_var E:\xampp\htdocs\kedo\APP\Runtime\Cache\Home\b3426283c73ccf70169bd9402b0194e6.php 第 35 行.
NOTIC: [8] Undefined variable: skinType E:\xampp\htdocs\kedo\APP\Runtime\Cache\Home\b3426283c73ccf70169bd9402b0194e6.php 第 35 行.
NOTIC: [8] Undefined variable: vsn E:\xampp\htdocs\kedo\APP\Runtime\Cache\Home\b3426283c73ccf70169bd9402b0194e6.php 第 35 行.
NOTIC: [8] Undefined variable: vsn E:\xampp\htdocs\kedo\APP\Runtime\Cache\Home\b3426283c73ccf70169bd9402b0194e6.php 第 40 行.
NOTIC: [8] Undefined variable: thisHome E:\xampp\htdocs\kedo\APP\Runtime\Cache\Home\b3426283c73ccf70169bd9402b0194e6.php 第 45 行.
NOTIC: [8] Undefined variable: roomType E:\xampp\htdocs\kedo\APP\Runtime\Cache\Home\b3426283c73ccf70169bd9402b0194e6.php 第 46 行.
NOTIC: [8] Undefined variable: currentToken E:\xampp\htdocs\kedo\APP\Runtime\Cache\Home\b3426283c73ccf70169bd9402b0194e6.php 第 47 行.
NOTIC: [8] Undefined variable: user E:\xampp\htdocs\kedo\APP\Runtime\Cache\Home\b3426283c73ccf70169bd9402b0194e6.php 第 48 行.
NOTIC: [8] Undefined variable: roomnumber E:\xampp\htdocs\kedo\APP\Runtime\Cache\Home\b3426283c73ccf70169bd9402b0194e6.php 第 49 行.
NOTIC: [8] Undefined variable: user E:\xampp\htdocs\kedo\APP\Runtime\Cache\Home\b3426283c73ccf70169bd9402b0194e6.php 第 50 行.
NOTIC: [8] Undefined variable: BSG E:\xampp\htdocs\kedo\APP\Runtime\Cache\Home\b3426283c73ccf70169bd9402b0194e6.php 第 191 行.
NOTIC: [8] Use of undefined constant _CDNDOMAIN_ - assumed '_CDNDOMAIN_' E:\xampp\htdocs\kedo\APP\Runtime\Cache\Home\b3426283c73ccf70169bd9402b0194e6.php 第 194 行.
NOTIC: [8] Undefined variable: user E:\xampp\htdocs\kedo\APP\Runtime\Cache\Home\b3426283c73ccf70169bd9402b0194e6.php 第 196 行.
NOTIC: [8] Use of undefined constant avatar - assumed 'avatar' E:\xampp\htdocs\kedo\APP\Runtime\Cache\Home\b3426283c73ccf70169bd9402b0194e6.php 第 288 行.
NOTIC: [8] Undefined variable: showinfo E:\xampp\htdocs\kedo\APP\Runtime\Cache\Home\b3426283c73ccf70169bd9402b0194e6.php 第 288 行.
NOTIC: [8] Use of undefined constant nickname - assumed 'nickname' E:\xampp\htdocs\kedo\APP\Runtime\Cache\Home\b3426283c73ccf70169bd9402b0194e6.php 第 288 行.
NOTIC: [8] Undefined variable: showinfo E:\xampp\htdocs\kedo\APP\Runtime\Cache\Home\b3426283c73ccf70169bd9402b0194e6.php 第 288 行.
NOTIC: [8] Undefined variable: showinfo E:\xampp\htdocs\kedo\APP\Runtime\Cache\Home\b3426283c73ccf70169bd9402b0194e6.php 第 291 行.
NOTIC: [8] Undefined variable: showinfo E:\xampp\htdocs\kedo\APP\Runtime\Cache\Home\b3426283c73ccf70169bd9402b0194e6.php 第 294 行.
NOTIC: [8] Undefined variable: showinfo E:\xampp\htdocs\kedo\APP\Runtime\Cache\Home\b3426283c73ccf70169bd9402b0194e6.php 第 299 行.
NOTIC: [8] Undefined variable: giftId E:\xampp\htdocs\kedo\APP\Runtime\Cache\Home\b3426283c73ccf70169bd9402b0194e6.php 第 320 行.
NOTIC: [2] Invalid argument supplied for foreach() E:\xampp\htdocs\kedo\APP\Runtime\Cache\Home\b3426283c73ccf70169bd9402b0194e6.php 第 320 行.
NOTIC: [8] Undefined variable: roomType E:\xampp\htdocs\kedo\APP\Runtime\Cache\Home\b3426283c73ccf70169bd9402b0194e6.php 第 351 行.
NOTIC: [2] include(./include/studio/task.php): failed to open stream: No such file or directory E:\xampp\htdocs\kedo\APP\Runtime\Cache\Home\b3426283c73ccf70169bd9402b0194e6.php 第 368 行.
NOTIC: [2] include(): Failed opening './include/studio/task.php' for inclusion (include_path='.;C:\php\pear') E:\xampp\htdocs\kedo\APP\Runtime\Cache\Home\b3426283c73ccf70169bd9402b0194e6.php 第 368 行.
NOTIC: [2] include(./include/studio/audience.php): failed to open stream: No such file or directory E:\xampp\htdocs\kedo\APP\Runtime\Cache\Home\b3426283c73ccf70169bd9402b0194e6.php 第 368 行.
NOTIC: [2] include(): Failed opening './include/studio/audience.php' for inclusion (include_path='.;C:\php\pear') E:\xampp\htdocs\kedo\APP\Runtime\Cache\Home\b3426283c73ccf70169bd9402b0194e6.php 第 368 行.
NOTIC: [2] include(./include/studio/pet.php): failed to open stream: No such file or directory E:\xampp\htdocs\kedo\APP\Runtime\Cache\Home\b3426283c73ccf70169bd9402b0194e6.php 第 368 行.
NOTIC: [2] include(): Failed opening './include/studio/pet.php' for inclusion (include_path='.;C:\php\pear') E:\xampp\htdocs\kedo\APP\Runtime\Cache\Home\b3426283c73ccf70169bd9402b0194e6.php 第 368 行.
NOTIC: [8] Undefined variable: thisHome E:\xampp\htdocs\kedo\APP\Runtime\Cache\Home\b3426283c73ccf70169bd9402b0194e6.php 第 368 行.
NOTIC: [8] Undefined variable: showinfo E:\xampp\htdocs\kedo\APP\Runtime\Cache\Home\b3426283c73ccf70169bd9402b0194e6.php 第 405 行.
NOTIC: [8] Undefined variable: user E:\xampp\htdocs\kedo\APP\Runtime\Cache\Home\b3426283c73ccf70169bd9402b0194e6.php 第 466 行.
NOTIC: [8] Undefined variable: giftcate E:\xampp\htdocs\kedo\APP\Runtime\Cache\Home\b3426283c73ccf70169bd9402b0194e6.php 第 490 行.
NOTIC: [2] Invalid argument supplied for foreach() E:\xampp\htdocs\kedo\APP\Runtime\Cache\Home\b3426283c73ccf70169bd9402b0194e6.php 第 490 行.
NOTIC: [8] Undefined variable: giftinfo E:\xampp\htdocs\kedo\APP\Runtime\Cache\Home\b3426283c73ccf70169bd9402b0194e6.php 第 501 行.
NOTIC: [2] Invalid argument supplied for foreach() E:\xampp\htdocs\kedo\APP\Runtime\Cache\Home\b3426283c73ccf70169bd9402b0194e6.php 第 501 行.
INFO: Run Behavior\ParseTemplateBehavior [ RunTime:0.013217s ]
INFO: [ view_parse ] --END-- [ RunTime:0.013258s ]
INFO: [ view_filter ] --START--
INFO: Run Behavior\WriteHtmlCacheBehavior [ RunTime:0.000297s ]
INFO: [ view_filter ] --END-- [ RunTime:0.000322s ]
INFO: [ app_end ] --START--
INFO: Run Behavior\ShowPageTraceBehavior [ RunTime:0.000403s ]
INFO: [ app_end ] --END-- [ RunTime:0.000435s ]

[ 2016-11-24T18:02:33+08:00 ] ::1 /kedo/index.php/Home/Login/checkedUser
INFO: [ app_begin ] --START--
INFO: Run Behavior\ReadHtmlCacheBehavior [ RunTime:0.000925s ]
INFO: [ app_begin ] --END-- [ RunTime:0.001679s ]
SQL: SHOW COLUMNS FROM `bu_user` [ RunTime:0.0018s ]
SQL: SELECT * FROM `bu_user` WHERE `username` = 'test001@qq.com' LIMIT 1   [ RunTime:0.0133s ]

[ 2016-11-24T18:02:41+08:00 ] ::1 /kedo/index.php/Home/Login/login
INFO: [ app_begin ] --START--
INFO: Run Behavior\ReadHtmlCacheBehavior [ RunTime:0.000261s ]
INFO: [ app_begin ] --END-- [ RunTime:0.000457s ]
SQL: SHOW COLUMNS FROM `bu_user` [ RunTime:0.0018s ]
SQL: SELECT * FROM `bu_user` WHERE ( username='test001@qq.com' ) LIMIT 1   [ RunTime:0.0132s ]

