[ 2016-12-05T16:25:20+08:00 ] ::1 /kedo/index.php/Home/Login/path
NOTIC: [8] Constant _dataurl_ already defined E:\xampp\htdocs\kedo\APP\Common\Conf\config_local.php 第 2 行.
NOTIC: [8] Constant _IMAGES_DOMAIN_ already defined E:\xampp\htdocs\kedo\APP\Common\Conf\config_local.php 第 4 行.
NOTIC: [8] Constant _REDIS_HOST_ already defined E:\xampp\htdocs\kedo\APP\Common\Conf\config_local.php 第 5 行.
NOTIC: [8] Constant _REDIS_PWD_ already defined E:\xampp\htdocs\kedo\APP\Common\Conf\config_local.php 第 6 行.
NOTIC: [8] Constant _REDIS_KEYB_ already defined E:\xampp\htdocs\kedo\APP\Common\Conf\config_local.php 第 7 行.

[ 2016-12-05T16:25:21+08:00 ] ::1 /kedo/index.php/Home/Login/path
NOTIC: [8] Constant _dataurl_ already defined E:\xampp\htdocs\kedo\APP\Common\Conf\config_local.php 第 2 行.
NOTIC: [8] Constant _IMAGES_DOMAIN_ already defined E:\xampp\htdocs\kedo\APP\Common\Conf\config_local.php 第 4 行.
NOTIC: [8] Constant _REDIS_HOST_ already defined E:\xampp\htdocs\kedo\APP\Common\Conf\config_local.php 第 5 行.
NOTIC: [8] Constant _REDIS_PWD_ already defined E:\xampp\htdocs\kedo\APP\Common\Conf\config_local.php 第 6 行.
NOTIC: [8] Constant _REDIS_KEYB_ already defined E:\xampp\htdocs\kedo\APP\Common\Conf\config_local.php 第 7 行.

[ 2016-12-05T16:25:21+08:00 ] ::1 /kedo/index.php/Home/Login/path
NOTIC: [8] Constant _dataurl_ already defined E:\xampp\htdocs\kedo\APP\Common\Conf\config_local.php 第 2 行.
NOTIC: [8] Constant _IMAGES_DOMAIN_ already defined E:\xampp\htdocs\kedo\APP\Common\Conf\config_local.php 第 4 行.
NOTIC: [8] Constant _REDIS_HOST_ already defined E:\xampp\htdocs\kedo\APP\Common\Conf\config_local.php 第 5 行.
NOTIC: [8] Constant _REDIS_PWD_ already defined E:\xampp\htdocs\kedo\APP\Common\Conf\config_local.php 第 6 行.
NOTIC: [8] Constant _REDIS_KEYB_ already defined E:\xampp\htdocs\kedo\APP\Common\Conf\config_local.php 第 7 行.

[ 2016-12-05T16:25:21+08:00 ] ::1 /kedo/index.php/Home/Login/path
NOTIC: [8] Constant _dataurl_ already defined E:\xampp\htdocs\kedo\APP\Common\Conf\config_local.php 第 2 行.
NOTIC: [8] Constant _IMAGES_DOMAIN_ already defined E:\xampp\htdocs\kedo\APP\Common\Conf\config_local.php 第 4 行.
NOTIC: [8] Constant _REDIS_HOST_ already defined E:\xampp\htdocs\kedo\APP\Common\Conf\config_local.php 第 5 行.
NOTIC: [8] Constant _REDIS_PWD_ already defined E:\xampp\htdocs\kedo\APP\Common\Conf\config_local.php 第 6 行.
NOTIC: [8] Constant _REDIS_KEYB_ already defined E:\xampp\htdocs\kedo\APP\Common\Conf\config_local.php 第 7 行.

[ 2016-12-05T16:25:21+08:00 ] ::1 /kedo/index.php/Home/Login/path
NOTIC: [8] Constant _dataurl_ already defined E:\xampp\htdocs\kedo\APP\Common\Conf\config_local.php 第 2 行.
NOTIC: [8] Constant _IMAGES_DOMAIN_ already defined E:\xampp\htdocs\kedo\APP\Common\Conf\config_local.php 第 4 行.
NOTIC: [8] Constant _REDIS_HOST_ already defined E:\xampp\htdocs\kedo\APP\Common\Conf\config_local.php 第 5 行.
NOTIC: [8] Constant _REDIS_PWD_ already defined E:\xampp\htdocs\kedo\APP\Common\Conf\config_local.php 第 6 行.
NOTIC: [8] Constant _REDIS_KEYB_ already defined E:\xampp\htdocs\kedo\APP\Common\Conf\config_local.php 第 7 行.

[ 2016-12-05T16:25:31+08:00 ] ::1 /kedo/
NOTIC: [8] Constant _dataurl_ already defined E:\xampp\htdocs\kedo\APP\Common\Conf\config_local.php 第 2 行.
NOTIC: [8] Constant _IMAGES_DOMAIN_ already defined E:\xampp\htdocs\kedo\APP\Common\Conf\config_local.php 第 4 行.
NOTIC: [8] Constant _REDIS_HOST_ already defined E:\xampp\htdocs\kedo\APP\Common\Conf\config_local.php 第 5 行.
NOTIC: [8] Constant _REDIS_PWD_ already defined E:\xampp\htdocs\kedo\APP\Common\Conf\config_local.php 第 6 行.
NOTIC: [8] Constant _REDIS_KEYB_ already defined E:\xampp\htdocs\kedo\APP\Common\Conf\config_local.php 第 7 行.

[ 2016-12-05T17:21:09+08:00 ] ::1 /kedo/index.php/Home/Login/path
NOTIC: [8] Constant _dataurl_ already defined E:\xampp\htdocs\kedo\APP\Common\Conf\config_local.php 第 2 行.
NOTIC: [8] Constant _IMAGES_DOMAIN_ already defined E:\xampp\htdocs\kedo\APP\Common\Conf\config_local.php 第 4 行.
NOTIC: [8] Constant _REDIS_HOST_ already defined E:\xampp\htdocs\kedo\APP\Common\Conf\config_local.php 第 5 行.
NOTIC: [8] Constant _REDIS_PWD_ already defined E:\xampp\htdocs\kedo\APP\Common\Conf\config_local.php 第 6 行.
NOTIC: [8] Constant _REDIS_KEYB_ already defined E:\xampp\htdocs\kedo\APP\Common\Conf\config_local.php 第 7 行.

[ 2016-12-05T17:21:20+08:00 ] ::1 /kedo/index.php/Home/Login/path
NOTIC: [8] Constant _dataurl_ already defined E:\xampp\htdocs\kedo\APP\Common\Conf\config_local.php 第 2 行.
NOTIC: [8] Constant _IMAGES_DOMAIN_ already defined E:\xampp\htdocs\kedo\APP\Common\Conf\config_local.php 第 4 行.
NOTIC: [8] Constant _REDIS_HOST_ already defined E:\xampp\htdocs\kedo\APP\Common\Conf\config_local.php 第 5 行.
NOTIC: [8] Constant _REDIS_PWD_ already defined E:\xampp\htdocs\kedo\APP\Common\Conf\config_local.php 第 6 行.
NOTIC: [8] Constant _REDIS_KEYB_ already defined E:\xampp\htdocs\kedo\APP\Common\Conf\config_local.php 第 7 行.

[ 2016-12-05T17:21:55+08:00 ] ::1 /kedo/index.php/Home/Login/path
NOTIC: [8] Constant _dataurl_ already defined E:\xampp\htdocs\kedo\APP\Common\Conf\config_local.php 第 2 行.
NOTIC: [8] Constant _IMAGES_DOMAIN_ already defined E:\xampp\htdocs\kedo\APP\Common\Conf\config_local.php 第 4 行.
NOTIC: [8] Constant _REDIS_HOST_ already defined E:\xampp\htdocs\kedo\APP\Common\Conf\config_local.php 第 5 行.
NOTIC: [8] Constant _REDIS_PWD_ already defined E:\xampp\htdocs\kedo\APP\Common\Conf\config_local.php 第 6 行.
NOTIC: [8] Constant _REDIS_KEYB_ already defined E:\xampp\htdocs\kedo\APP\Common\Conf\config_local.php 第 7 行.

[ 2016-12-05T17:21:56+08:00 ] ::1 /kedo/index.php/Home/Login/path
NOTIC: [8] Constant _dataurl_ already defined E:\xampp\htdocs\kedo\APP\Common\Conf\config_local.php 第 2 行.
NOTIC: [8] Constant _IMAGES_DOMAIN_ already defined E:\xampp\htdocs\kedo\APP\Common\Conf\config_local.php 第 4 行.
NOTIC: [8] Constant _REDIS_HOST_ already defined E:\xampp\htdocs\kedo\APP\Common\Conf\config_local.php 第 5 行.
NOTIC: [8] Constant _REDIS_PWD_ already defined E:\xampp\htdocs\kedo\APP\Common\Conf\config_local.php 第 6 行.
NOTIC: [8] Constant _REDIS_KEYB_ already defined E:\xampp\htdocs\kedo\APP\Common\Conf\config_local.php 第 7 行.

[ 2016-12-05T17:21:56+08:00 ] ::1 /kedo/index.php/Home/Login/path
NOTIC: [8] Constant _dataurl_ already defined E:\xampp\htdocs\kedo\APP\Common\Conf\config_local.php 第 2 行.
NOTIC: [8] Constant _IMAGES_DOMAIN_ already defined E:\xampp\htdocs\kedo\APP\Common\Conf\config_local.php 第 4 行.
NOTIC: [8] Constant _REDIS_HOST_ already defined E:\xampp\htdocs\kedo\APP\Common\Conf\config_local.php 第 5 行.
NOTIC: [8] Constant _REDIS_PWD_ already defined E:\xampp\htdocs\kedo\APP\Common\Conf\config_local.php 第 6 行.
NOTIC: [8] Constant _REDIS_KEYB_ already defined E:\xampp\htdocs\kedo\APP\Common\Conf\config_local.php 第 7 行.

[ 2016-12-05T17:21:56+08:00 ] ::1 /kedo/index.php/Home/Login/path
NOTIC: [8] Constant _dataurl_ already defined E:\xampp\htdocs\kedo\APP\Common\Conf\config_local.php 第 2 行.
NOTIC: [8] Constant _IMAGES_DOMAIN_ already defined E:\xampp\htdocs\kedo\APP\Common\Conf\config_local.php 第 4 行.
NOTIC: [8] Constant _REDIS_HOST_ already defined E:\xampp\htdocs\kedo\APP\Common\Conf\config_local.php 第 5 行.
NOTIC: [8] Constant _REDIS_PWD_ already defined E:\xampp\htdocs\kedo\APP\Common\Conf\config_local.php 第 6 行.
NOTIC: [8] Constant _REDIS_KEYB_ already defined E:\xampp\htdocs\kedo\APP\Common\Conf\config_local.php 第 7 行.

[ 2016-12-05T17:21:56+08:00 ] ::1 /kedo/index.php/Home/Login/path
NOTIC: [8] Constant _dataurl_ already defined E:\xampp\htdocs\kedo\APP\Common\Conf\config_local.php 第 2 行.
NOTIC: [8] Constant _IMAGES_DOMAIN_ already defined E:\xampp\htdocs\kedo\APP\Common\Conf\config_local.php 第 4 行.
NOTIC: [8] Constant _REDIS_HOST_ already defined E:\xampp\htdocs\kedo\APP\Common\Conf\config_local.php 第 5 行.
NOTIC: [8] Constant _REDIS_PWD_ already defined E:\xampp\htdocs\kedo\APP\Common\Conf\config_local.php 第 6 行.
NOTIC: [8] Constant _REDIS_KEYB_ already defined E:\xampp\htdocs\kedo\APP\Common\Conf\config_local.php 第 7 行.

[ 2016-12-05T17:21:56+08:00 ] ::1 /kedo/index.php/Home/Login/path
NOTIC: [8] Constant _dataurl_ already defined E:\xampp\htdocs\kedo\APP\Common\Conf\config_local.php 第 2 行.
NOTIC: [8] Constant _IMAGES_DOMAIN_ already defined E:\xampp\htdocs\kedo\APP\Common\Conf\config_local.php 第 4 行.
NOTIC: [8] Constant _REDIS_HOST_ already defined E:\xampp\htdocs\kedo\APP\Common\Conf\config_local.php 第 5 行.
NOTIC: [8] Constant _REDIS_PWD_ already defined E:\xampp\htdocs\kedo\APP\Common\Conf\config_local.php 第 6 行.
NOTIC: [8] Constant _REDIS_KEYB_ already defined E:\xampp\htdocs\kedo\APP\Common\Conf\config_local.php 第 7 行.

[ 2016-12-05T17:21:57+08:00 ] ::1 /kedo/index.php/Home/Login/path
NOTIC: [8] Constant _dataurl_ already defined E:\xampp\htdocs\kedo\APP\Common\Conf\config_local.php 第 2 行.
NOTIC: [8] Constant _IMAGES_DOMAIN_ already defined E:\xampp\htdocs\kedo\APP\Common\Conf\config_local.php 第 4 行.
NOTIC: [8] Constant _REDIS_HOST_ already defined E:\xampp\htdocs\kedo\APP\Common\Conf\config_local.php 第 5 行.
NOTIC: [8] Constant _REDIS_PWD_ already defined E:\xampp\htdocs\kedo\APP\Common\Conf\config_local.php 第 6 行.
NOTIC: [8] Constant _REDIS_KEYB_ already defined E:\xampp\htdocs\kedo\APP\Common\Conf\config_local.php 第 7 行.

[ 2016-12-05T17:58:48+08:00 ] ::1 /kedo/index.php/Home/Login/path
NOTIC: [8] Constant _dataurl_ already defined E:\xampp\htdocs\kedo\APP\Common\Conf\config_local.php 第 2 行.
NOTIC: [8] Constant _IMAGES_DOMAIN_ already defined E:\xampp\htdocs\kedo\APP\Common\Conf\config_local.php 第 4 行.
NOTIC: [8] Constant _REDIS_HOST_ already defined E:\xampp\htdocs\kedo\APP\Common\Conf\config_local.php 第 5 行.
NOTIC: [8] Constant _REDIS_PWD_ already defined E:\xampp\htdocs\kedo\APP\Common\Conf\config_local.php 第 6 行.
NOTIC: [8] Constant _REDIS_KEYB_ already defined E:\xampp\htdocs\kedo\APP\Common\Conf\config_local.php 第 7 行.

[ 2016-12-05T17:58:49+08:00 ] ::1 /kedo/index.php/Home/Login/path
NOTIC: [8] Constant _dataurl_ already defined E:\xampp\htdocs\kedo\APP\Common\Conf\config_local.php 第 2 行.
NOTIC: [8] Constant _IMAGES_DOMAIN_ already defined E:\xampp\htdocs\kedo\APP\Common\Conf\config_local.php 第 4 行.
NOTIC: [8] Constant _REDIS_HOST_ already defined E:\xampp\htdocs\kedo\APP\Common\Conf\config_local.php 第 5 行.
NOTIC: [8] Constant _REDIS_PWD_ already defined E:\xampp\htdocs\kedo\APP\Common\Conf\config_local.php 第 6 行.
NOTIC: [8] Constant _REDIS_KEYB_ already defined E:\xampp\htdocs\kedo\APP\Common\Conf\config_local.php 第 7 行.

[ 2016-12-05T17:58:49+08:00 ] ::1 /kedo/index.php/Home/Login/path
NOTIC: [8] Constant _dataurl_ already defined E:\xampp\htdocs\kedo\APP\Common\Conf\config_local.php 第 2 行.
NOTIC: [8] Constant _IMAGES_DOMAIN_ already defined E:\xampp\htdocs\kedo\APP\Common\Conf\config_local.php 第 4 行.
NOTIC: [8] Constant _REDIS_HOST_ already defined E:\xampp\htdocs\kedo\APP\Common\Conf\config_local.php 第 5 行.
NOTIC: [8] Constant _REDIS_PWD_ already defined E:\xampp\htdocs\kedo\APP\Common\Conf\config_local.php 第 6 行.
NOTIC: [8] Constant _REDIS_KEYB_ already defined E:\xampp\htdocs\kedo\APP\Common\Conf\config_local.php 第 7 行.

[ 2016-12-05T17:58:49+08:00 ] ::1 /kedo/index.php/Home/Login/path
NOTIC: [8] Constant _dataurl_ already defined E:\xampp\htdocs\kedo\APP\Common\Conf\config_local.php 第 2 行.
NOTIC: [8] Constant _IMAGES_DOMAIN_ already defined E:\xampp\htdocs\kedo\APP\Common\Conf\config_local.php 第 4 行.
NOTIC: [8] Constant _REDIS_HOST_ already defined E:\xampp\htdocs\kedo\APP\Common\Conf\config_local.php 第 5 行.
NOTIC: [8] Constant _REDIS_PWD_ already defined E:\xampp\htdocs\kedo\APP\Common\Conf\config_local.php 第 6 行.
NOTIC: [8] Constant _REDIS_KEYB_ already defined E:\xampp\htdocs\kedo\APP\Common\Conf\config_local.php 第 7 行.

[ 2016-12-05T18:04:08+08:00 ] ::1 /kedo/index.php/Home/Login/path
NOTIC: [8] Constant _dataurl_ already defined E:\xampp\htdocs\kedo\APP\Common\Conf\config_local.php 第 2 行.
NOTIC: [8] Constant _IMAGES_DOMAIN_ already defined E:\xampp\htdocs\kedo\APP\Common\Conf\config_local.php 第 4 行.
NOTIC: [8] Constant _REDIS_HOST_ already defined E:\xampp\htdocs\kedo\APP\Common\Conf\config_local.php 第 5 行.
NOTIC: [8] Constant _REDIS_PWD_ already defined E:\xampp\htdocs\kedo\APP\Common\Conf\config_local.php 第 6 行.
NOTIC: [8] Constant _REDIS_KEYB_ already defined E:\xampp\htdocs\kedo\APP\Common\Conf\config_local.php 第 7 行.

[ 2016-12-05T18:04:15+08:00 ] ::1 /kedo/index.php/Home/Login/path
NOTIC: [8] Constant _dataurl_ already defined E:\xampp\htdocs\kedo\APP\Common\Conf\config_local.php 第 2 行.
NOTIC: [8] Constant _IMAGES_DOMAIN_ already defined E:\xampp\htdocs\kedo\APP\Common\Conf\config_local.php 第 4 行.
NOTIC: [8] Constant _REDIS_HOST_ already defined E:\xampp\htdocs\kedo\APP\Common\Conf\config_local.php 第 5 行.
NOTIC: [8] Constant _REDIS_PWD_ already defined E:\xampp\htdocs\kedo\APP\Common\Conf\config_local.php 第 6 行.
NOTIC: [8] Constant _REDIS_KEYB_ already defined E:\xampp\htdocs\kedo\APP\Common\Conf\config_local.php 第 7 行.

[ 2016-12-05T18:04:15+08:00 ] ::1 /kedo/index.php/Home/Login/path
NOTIC: [8] Constant _dataurl_ already defined E:\xampp\htdocs\kedo\APP\Common\Conf\config_local.php 第 2 行.
NOTIC: [8] Constant _IMAGES_DOMAIN_ already defined E:\xampp\htdocs\kedo\APP\Common\Conf\config_local.php 第 4 行.
NOTIC: [8] Constant _REDIS_HOST_ already defined E:\xampp\htdocs\kedo\APP\Common\Conf\config_local.php 第 5 行.
NOTIC: [8] Constant _REDIS_PWD_ already defined E:\xampp\htdocs\kedo\APP\Common\Conf\config_local.php 第 6 行.
NOTIC: [8] Constant _REDIS_KEYB_ already defined E:\xampp\htdocs\kedo\APP\Common\Conf\config_local.php 第 7 行.

[ 2016-12-05T18:04:15+08:00 ] ::1 /kedo/index.php/Home/Login/path
NOTIC: [8] Constant _dataurl_ already defined E:\xampp\htdocs\kedo\APP\Common\Conf\config_local.php 第 2 行.
NOTIC: [8] Constant _IMAGES_DOMAIN_ already defined E:\xampp\htdocs\kedo\APP\Common\Conf\config_local.php 第 4 行.
NOTIC: [8] Constant _REDIS_HOST_ already defined E:\xampp\htdocs\kedo\APP\Common\Conf\config_local.php 第 5 行.
NOTIC: [8] Constant _REDIS_PWD_ already defined E:\xampp\htdocs\kedo\APP\Common\Conf\config_local.php 第 6 行.
NOTIC: [8] Constant _REDIS_KEYB_ already defined E:\xampp\htdocs\kedo\APP\Common\Conf\config_local.php 第 7 行.

[ 2016-12-05T18:04:16+08:00 ] ::1 /kedo/index.php/Home/Login/path
NOTIC: [8] Constant _dataurl_ already defined E:\xampp\htdocs\kedo\APP\Common\Conf\config_local.php 第 2 行.
NOTIC: [8] Constant _IMAGES_DOMAIN_ already defined E:\xampp\htdocs\kedo\APP\Common\Conf\config_local.php 第 4 行.
NOTIC: [8] Constant _REDIS_HOST_ already defined E:\xampp\htdocs\kedo\APP\Common\Conf\config_local.php 第 5 行.
NOTIC: [8] Constant _REDIS_PWD_ already defined E:\xampp\htdocs\kedo\APP\Common\Conf\config_local.php 第 6 行.
NOTIC: [8] Constant _REDIS_KEYB_ already defined E:\xampp\htdocs\kedo\APP\Common\Conf\config_local.php 第 7 行.

[ 2016-12-05T18:04:16+08:00 ] ::1 /kedo/index.php/Home/Login/path
NOTIC: [8] Constant _dataurl_ already defined E:\xampp\htdocs\kedo\APP\Common\Conf\config_local.php 第 2 行.
NOTIC: [8] Constant _IMAGES_DOMAIN_ already defined E:\xampp\htdocs\kedo\APP\Common\Conf\config_local.php 第 4 行.
NOTIC: [8] Constant _REDIS_HOST_ already defined E:\xampp\htdocs\kedo\APP\Common\Conf\config_local.php 第 5 行.
NOTIC: [8] Constant _REDIS_PWD_ already defined E:\xampp\htdocs\kedo\APP\Common\Conf\config_local.php 第 6 行.
NOTIC: [8] Constant _REDIS_KEYB_ already defined E:\xampp\htdocs\kedo\APP\Common\Conf\config_local.php 第 7 行.

