[ 2016-11-16T10:07:04+08:00 ] ::1 /kedo/index.php/Home/Login/checkedUser
INFO: [ app_begin ] --START--
INFO: Run Behavior\ReadHtmlCacheBehavior [ RunTime:0.000673s ]
INFO: [ app_begin ] --END-- [ RunTime:0.001092s ]
SQL: SHOW COLUMNS FROM `bu_user` [ RunTime:0.0021s ]
SQL: SELECT * FROM `bu_user` WHERE `username` = 'test001@qq.com' LIMIT 1   [ RunTime:0.0134s ]

[ 2016-11-16T10:07:14+08:00 ] ::1 /kedo/index.php/Home/Login/login
INFO: [ app_begin ] --START--
INFO: Run Behavior\ReadHtmlCacheBehavior [ RunTime:0.000269s ]
INFO: [ app_begin ] --END-- [ RunTime:0.000467s ]
SQL: SHOW COLUMNS FROM `bu_user` [ RunTime:0.0019s ]
SQL: SELECT * FROM `bu_user` WHERE ( username='test001@qq.com' ) LIMIT 1   [ RunTime:0.0131s ]

[ 2016-11-16T10:07:25+08:00 ] ::1 /kedo/index.php/Home/Center/46a920d47a9c287e627693554180598a
ERR: 非法操作:46a920d47a9c287e627693554180598a

[ 2016-11-16T10:07:48+08:00 ] ::1 /kedo/index.php/Home/Login/checkedUser
INFO: [ app_begin ] --START--
INFO: Run Behavior\ReadHtmlCacheBehavior [ RunTime:0.000580s ]
INFO: [ app_begin ] --END-- [ RunTime:0.001022s ]
SQL: SHOW COLUMNS FROM `bu_user` [ RunTime:0.0022s ]
SQL: SELECT * FROM `bu_user` WHERE `username` = 'test002@qq.com' LIMIT 1   [ RunTime:0.0134s ]

[ 2016-11-16T10:08:06+08:00 ] ::1 /kedo/index.php/Home/Login/regUser
INFO: [ app_begin ] --START--
INFO: Run Behavior\ReadHtmlCacheBehavior [ RunTime:0.000255s ]
INFO: [ app_begin ] --END-- [ RunTime:0.000450s ]
SQL: SHOW COLUMNS FROM `bu_user` [ RunTime:0.0021s ]
SQL: INSERT INTO `bu_user` (`username`,`nickname`,`password`,`createDT`,`status`,`accountfrom`,`email`,`avatar`,`gender`,`logins`) VALUES ('test002@qq.com','test002','e10adc3949ba59abbe56e057f20f883e','2016-11-16 10:08:06','1','0','test002@qq.com','46a920d47a9c287e627693554180598a','0','1') [ RunTime:0.0159s ]
SQL: SHOW COLUMNS FROM `bu_user_packs` [ RunTime:0.0016s ]
SQL: INSERT INTO `bu_user_packs` (`createDT`,`status`,`userid`) VALUES ('2016-11-16 10:08:06','1','11122') [ RunTime:0.0042s ]

[ 2016-11-16T10:08:11+08:00 ] ::1 /kedo/index.php/Home/Center/46a920d47a9c287e627693554180598a
ERR: 非法操作:46a920d47a9c287e627693554180598a

[ 2016-11-16T10:08:48+08:00 ] ::1 /kedo/index.php/Home/Center/46a920d47a9c287e627693554180598a
ERR: 非法操作:46a920d47a9c287e627693554180598a

[ 2016-11-16T14:16:19+08:00 ] ::1 /kedo/index.php/Home/Login/checkedUser
INFO: [ app_begin ] --START--
INFO: Run Behavior\ReadHtmlCacheBehavior [ RunTime:0.000630s ]
INFO: [ app_begin ] --END-- [ RunTime:0.001101s ]
SQL: SHOW COLUMNS FROM `bu_user` [ RunTime:0.0020s ]
SQL: SELECT * FROM `bu_user` WHERE `username` = 'gfdg' LIMIT 1   [ RunTime:0.0130s ]

[ 2016-11-16T14:16:21+08:00 ] ::1 /kedo/index.php/Home/Login/checkedUser
INFO: [ app_begin ] --START--
INFO: Run Behavior\ReadHtmlCacheBehavior [ RunTime:0.000507s ]
INFO: [ app_begin ] --END-- [ RunTime:0.000876s ]
SQL: SHOW COLUMNS FROM `bu_user` [ RunTime:0.0019s ]
SQL: SELECT * FROM `bu_user` WHERE `username` = 'gfdg' LIMIT 1   [ RunTime:0.0011s ]

[ 2016-11-16T14:16:24+08:00 ] ::1 /kedo/index.php/Home/Login/regUser
INFO: [ app_begin ] --START--
INFO: Run Behavior\ReadHtmlCacheBehavior [ RunTime:0.000358s ]
INFO: [ app_begin ] --END-- [ RunTime:0.000669s ]

[ 2016-11-16T14:16:24+08:00 ] ::1 /kedo/index.php/Home/Login/undefined
ERR: 非法操作:undefined

[ 2016-11-16T14:17:06+08:00 ] ::1 /kedo/index.php/Home/Login/regUser
INFO: [ app_begin ] --START--
INFO: Run Behavior\ReadHtmlCacheBehavior [ RunTime:0.000361s ]
INFO: [ app_begin ] --END-- [ RunTime:0.000594s ]

[ 2016-11-16T14:17:06+08:00 ] ::1 /kedo/index.php/Home/Login/undefined
ERR: 非法操作:undefined

[ 2016-11-16T14:18:22+08:00 ] ::1 /kedo/index.php/Home/Login/regUser
INFO: [ app_begin ] --START--
INFO: Run Behavior\ReadHtmlCacheBehavior [ RunTime:0.000397s ]
INFO: [ app_begin ] --END-- [ RunTime:0.000653s ]

[ 2016-11-16T14:18:51+08:00 ] ::1 /kedo/index.php/Home/Login/checkedUser
INFO: [ app_begin ] --START--
INFO: Run Behavior\ReadHtmlCacheBehavior [ RunTime:0.000584s ]
INFO: [ app_begin ] --END-- [ RunTime:0.001039s ]
SQL: SHOW COLUMNS FROM `bu_user` [ RunTime:0.0021s ]
SQL: SELECT * FROM `bu_user` WHERE `username` = 'ada' LIMIT 1   [ RunTime:0.0130s ]

[ 2016-11-16T14:19:14+08:00 ] ::1 /kedo/index.php/Home/Login/regUser
INFO: [ app_begin ] --START--
INFO: Run Behavior\ReadHtmlCacheBehavior [ RunTime:0.000264s ]
INFO: [ app_begin ] --END-- [ RunTime:0.000462s ]

[ 2016-11-16T14:24:08+08:00 ] ::1 /kedo/index.php/Home/Login/regUser
INFO: [ app_begin ] --START--
INFO: Run Behavior\ReadHtmlCacheBehavior [ RunTime:0.000374s ]
INFO: [ app_begin ] --END-- [ RunTime:0.000640s ]

[ 2016-11-16T14:24:45+08:00 ] ::1 /kedo/index.php/Home/Login/checkedUser
INFO: [ app_begin ] --START--
INFO: Run Behavior\ReadHtmlCacheBehavior [ RunTime:0.000532s ]
INFO: [ app_begin ] --END-- [ RunTime:0.000926s ]
SQL: SHOW COLUMNS FROM `bu_user` [ RunTime:0.0019s ]
SQL: SELECT * FROM `bu_user` WHERE `username` = '1212' LIMIT 1   [ RunTime:0.0174s ]

[ 2016-11-16T14:25:05+08:00 ] ::1 /kedo/index.php/Home/Login/regUser
INFO: [ app_begin ] --START--
INFO: Run Behavior\ReadHtmlCacheBehavior [ RunTime:0.000261s ]
INFO: [ app_begin ] --END-- [ RunTime:0.000464s ]

[ 2016-11-16T14:25:37+08:00 ] ::1 /kedo/index.php/Home/Login/regUser
INFO: [ app_begin ] --START--
INFO: Run Behavior\ReadHtmlCacheBehavior [ RunTime:0.000267s ]
INFO: [ app_begin ] --END-- [ RunTime:0.000485s ]

[ 2016-11-16T14:25:43+08:00 ] ::1 /kedo/index.php/Home/Login/regUser
INFO: [ app_begin ] --START--
INFO: Run Behavior\ReadHtmlCacheBehavior [ RunTime:0.000255s ]
INFO: [ app_begin ] --END-- [ RunTime:0.000451s ]

[ 2016-11-16T15:15:05+08:00 ] ::1 /kedo/index.php/Home/Login/checkedUser
INFO: [ app_begin ] --START--
INFO: Run Behavior\ReadHtmlCacheBehavior [ RunTime:0.000579s ]
INFO: [ app_begin ] --END-- [ RunTime:0.000998s ]
SQL: SHOW COLUMNS FROM `bu_user` [ RunTime:0.0018s ]
SQL: SELECT * FROM `bu_user` WHERE `username` = 'test001@qq.com' LIMIT 1   [ RunTime:0.0132s ]

[ 2016-11-16T15:15:16+08:00 ] ::1 /kedo/index.php/Home/Login/login
INFO: [ app_begin ] --START--
INFO: Run Behavior\ReadHtmlCacheBehavior [ RunTime:0.000258s ]
INFO: [ app_begin ] --END-- [ RunTime:0.000451s ]

[ 2016-11-16T15:15:32+08:00 ] ::1 /kedo/index.php/Home/Login/login
INFO: [ app_begin ] --START--
INFO: Run Behavior\ReadHtmlCacheBehavior [ RunTime:0.000262s ]
INFO: [ app_begin ] --END-- [ RunTime:0.000457s ]

[ 2016-11-16T15:19:34+08:00 ] ::1 /kedo/index.php/Home/Login/checkedUser
INFO: [ app_begin ] --START--
INFO: Run Behavior\ReadHtmlCacheBehavior [ RunTime:0.000755s ]
INFO: [ app_begin ] --END-- [ RunTime:0.001361s ]
SQL: SHOW COLUMNS FROM `bu_user` [ RunTime:0.0021s ]
SQL: SELECT * FROM `bu_user` WHERE `username` = 'test001@qq.com' LIMIT 1   [ RunTime:0.0133s ]

[ 2016-11-16T15:19:50+08:00 ] ::1 /kedo/index.php/Home/Login/login
INFO: [ app_begin ] --START--
INFO: Run Behavior\ReadHtmlCacheBehavior [ RunTime:0.000265s ]
INFO: [ app_begin ] --END-- [ RunTime:0.000466s ]
SQL: SHOW COLUMNS FROM `bu_user` [ RunTime:0.0018s ]
SQL: SELECT * FROM `bu_user` WHERE ( username='test001@qq.com' ) LIMIT 1   [ RunTime:0.0129s ]

[ 2016-11-16T15:19:59+08:00 ] ::1 /kedo/index.php/Home/Login/login
INFO: [ app_begin ] --START--
INFO: Run Behavior\ReadHtmlCacheBehavior [ RunTime:0.000275s ]
INFO: [ app_begin ] --END-- [ RunTime:0.000486s ]
SQL: SHOW COLUMNS FROM `bu_user` [ RunTime:0.0019s ]
SQL: SELECT * FROM `bu_user` WHERE ( username='test001@qq.com' ) LIMIT 1   [ RunTime:0.0010s ]

[ 2016-11-16T15:20:15+08:00 ] ::1 /kedo/index.php/Home/Login/checkedUser
INFO: [ app_begin ] --START--
INFO: Run Behavior\ReadHtmlCacheBehavior [ RunTime:0.000457s ]
INFO: [ app_begin ] --END-- [ RunTime:0.000846s ]
SQL: SHOW COLUMNS FROM `bu_user` [ RunTime:0.0020s ]
SQL: SELECT * FROM `bu_user` WHERE `username` = 'test001@qq.com' LIMIT 1   [ RunTime:0.0012s ]

[ 2016-11-16T15:20:21+08:00 ] ::1 /kedo/index.php/Home/Login/login
INFO: [ app_begin ] --START--
INFO: Run Behavior\ReadHtmlCacheBehavior [ RunTime:0.000258s ]
INFO: [ app_begin ] --END-- [ RunTime:0.000453s ]

[ 2016-11-16T15:23:20+08:00 ] ::1 /kedo/index.php/Home/Login/checkedUser
INFO: [ app_begin ] --START--
INFO: Run Behavior\ReadHtmlCacheBehavior [ RunTime:0.000843s ]
INFO: [ app_begin ] --END-- [ RunTime:0.001246s ]
SQL: SHOW COLUMNS FROM `bu_user` [ RunTime:0.0020s ]
SQL: SELECT * FROM `bu_user` WHERE `username` = 'dfg' LIMIT 1   [ RunTime:0.0132s ]

[ 2016-11-16T15:23:25+08:00 ] ::1 /kedo/index.php/Home/Login/checkedUser
INFO: [ app_begin ] --START--
INFO: Run Behavior\ReadHtmlCacheBehavior [ RunTime:0.000848s ]
INFO: [ app_begin ] --END-- [ RunTime:0.001534s ]
SQL: SHOW COLUMNS FROM `bu_user` [ RunTime:0.0018s ]
SQL: SELECT * FROM `bu_user` WHERE `username` = 'dfg' LIMIT 1   [ RunTime:0.0010s ]

[ 2016-11-16T15:25:22+08:00 ] ::1 /kedo/index.php/Home/Login/checkedUser
INFO: [ app_begin ] --START--
INFO: Run Behavior\ReadHtmlCacheBehavior [ RunTime:0.000392s ]
INFO: [ app_begin ] --END-- [ RunTime:0.000663s ]
SQL: SHOW COLUMNS FROM `bu_user` [ RunTime:0.0021s ]
SQL: SELECT * FROM `bu_user` WHERE `username` = 'dfg' LIMIT 1   [ RunTime:0.0009s ]

[ 2016-11-16T15:25:34+08:00 ] ::1 /kedo/index.php/Home/Login/checkedUser
INFO: [ app_begin ] --START--
INFO: Run Behavior\ReadHtmlCacheBehavior [ RunTime:0.000786s ]
INFO: [ app_begin ] --END-- [ RunTime:0.001354s ]
SQL: SHOW COLUMNS FROM `bu_user` [ RunTime:0.0021s ]
SQL: SELECT * FROM `bu_user` WHERE `username` = 'edasds' LIMIT 1   [ RunTime:0.0145s ]

[ 2016-11-16T17:21:37+08:00 ] ::1 /kedo/index.php/Home/Login/regUser
INFO: [ app_begin ] --START--
INFO: Run Behavior\ReadHtmlCacheBehavior [ RunTime:0.000376s ]
INFO: [ app_begin ] --END-- [ RunTime:0.000677s ]

[ 2016-11-16T17:27:05+08:00 ] ::1 /kedo/index.php/Home/Login/checkedUser
INFO: [ app_begin ] --START--
INFO: Run Behavior\ReadHtmlCacheBehavior [ RunTime:0.000734s ]
INFO: [ app_begin ] --END-- [ RunTime:0.001315s ]
SQL: SHOW COLUMNS FROM `bu_user` [ RunTime:0.0022s ]
SQL: SELECT * FROM `bu_user` WHERE `username` = 'test001@qq.com' LIMIT 1   [ RunTime:0.0140s ]

[ 2016-11-16T17:27:09+08:00 ] ::1 /kedo/index.php/Home/Login/login
INFO: [ app_begin ] --START--
INFO: Run Behavior\ReadHtmlCacheBehavior [ RunTime:0.000257s ]
INFO: [ app_begin ] --END-- [ RunTime:0.000450s ]

[ 2016-11-16T17:27:20+08:00 ] ::1 /kedo/index.php/Home/Login/login
INFO: [ app_begin ] --START--
INFO: Run Behavior\ReadHtmlCacheBehavior [ RunTime:0.000266s ]
INFO: [ app_begin ] --END-- [ RunTime:0.000458s ]

[ 2016-11-16T17:27:24+08:00 ] ::1 /kedo/index.php/Home/Login/login
INFO: [ app_begin ] --START--
INFO: Run Behavior\ReadHtmlCacheBehavior [ RunTime:0.000259s ]
INFO: [ app_begin ] --END-- [ RunTime:0.000463s ]

[ 2016-11-16T17:27:37+08:00 ] ::1 /kedo/index.php/Home/Login/login
INFO: [ app_begin ] --START--
INFO: Run Behavior\ReadHtmlCacheBehavior [ RunTime:0.000276s ]
INFO: [ app_begin ] --END-- [ RunTime:0.000526s ]

[ 2016-11-16T17:27:47+08:00 ] ::1 /kedo/index.php/Home/Login/login
INFO: [ app_begin ] --START--
INFO: Run Behavior\ReadHtmlCacheBehavior [ RunTime:0.000256s ]
INFO: [ app_begin ] --END-- [ RunTime:0.000450s ]
SQL: SHOW COLUMNS FROM `bu_user` [ RunTime:0.0021s ]
SQL: SELECT * FROM `bu_user` WHERE ( username='test001@qq.com' ) LIMIT 1   [ RunTime:0.0133s ]

[ 2016-11-16T17:27:54+08:00 ] ::1 /kedo/index.php/Home/Login/login
INFO: [ app_begin ] --START--
INFO: Run Behavior\ReadHtmlCacheBehavior [ RunTime:0.000260s ]
INFO: [ app_begin ] --END-- [ RunTime:0.000461s ]
SQL: SHOW COLUMNS FROM `bu_user` [ RunTime:0.0018s ]
SQL: SELECT * FROM `bu_user` WHERE ( username='test001@qq.com' ) LIMIT 1   [ RunTime:0.0010s ]

[ 2016-11-16T17:28:29+08:00 ] ::1 /kedo/index.php/Home/Center/46a920d47a9c287e627693554180598a
ERR: 非法操作:46a920d47a9c287e627693554180598a

