[ 2016-11-25T11:14:40+08:00 ] ::1 /kedo/index.php/Home/Login/checkedUser
INFO: [ app_begin ] --START--
INFO: Run Behavior\ReadHtmlCacheBehavior [ RunTime:0.000657s ]
INFO: [ app_begin ] --END-- [ RunTime:0.001242s ]
SQL: SHOW COLUMNS FROM `bu_user` [ RunTime:0.0021s ]
SQL: SELECT * FROM `bu_user` WHERE `username` = 'test001@qq.com' LIMIT 1   [ RunTime:0.0134s ]

[ 2016-11-25T11:14:54+08:00 ] ::1 /kedo/index.php/Home/Login/login
INFO: [ app_begin ] --START--
INFO: Run Behavior\ReadHtmlCacheBehavior [ RunTime:0.000272s ]
INFO: [ app_begin ] --END-- [ RunTime:0.000483s ]
SQL: SHOW COLUMNS FROM `bu_user` [ RunTime:0.0018s ]
SQL: SELECT * FROM `bu_user` WHERE ( username='test001@qq.com' ) LIMIT 1   [ RunTime:0.0133s ]

[ 2016-11-25T11:14:56+08:00 ] ::1 /kedo/index.php/Home/Index/__MODULE__/Login/verify
ERR: 非法操作:__MODULE__

[ 2016-11-25T11:18:06+08:00 ] ::1 /kedo/index.php/Home/Login/nicknamecheck
INFO: [ app_begin ] --START--
INFO: Run Behavior\ReadHtmlCacheBehavior [ RunTime:0.000608s ]
INFO: [ app_begin ] --END-- [ RunTime:0.001172s ]

[ 2016-11-25T11:42:49+08:00 ] ::1 /kedo/index.php/Home/Mall/
ERR: 非法操作:index

[ 2016-11-25T13:57:57+08:00 ] ::1 /kedo/index.php/Home/Index/&h=55&w=55
ERR: 非法操作:&h=55&w=55

[ 2016-11-25T13:57:57+08:00 ] ::1 /kedo/index.php/Home/Index/s&h=55&w=55
ERR: 非法操作:s&h=55&w=55

[ 2016-11-25T13:58:06+08:00 ] ::1 /kedo/index.php/Home/Index/&h=55&w=55
ERR: 非法操作:&h=55&w=55

[ 2016-11-25T13:58:06+08:00 ] ::1 /kedo/index.php/Home/Index/s&h=55&w=55
ERR: 非法操作:s&h=55&w=55

[ 2016-11-25T15:06:48+08:00 ] ::1 /kedo/index.php/Home/Live/index/roomnumber/1032
ERR: Redis server went away

[ 2016-11-25T15:07:17+08:00 ] ::1 /kedo/index.php/Home/Live/index/roomnumber/1032
ERR: Redis server went away

[ 2016-11-25T17:00:41+08:00 ] ::1 /kedo/index.php/Home/Live/assets/MultyGiftNoticeMaterial.swf
ERR: 非法操作:assets

[ 2016-11-25T17:00:41+08:00 ] ::1 /kedo/index.php/Home/Live/assets/GiftShapeMaterial.swf
ERR: 非法操作:assets

[ 2016-11-25T17:00:41+08:00 ] ::1 /kedo/index.php/Home/Live/assets/IntimacyDegree.swf
ERR: 非法操作:assets

[ 2016-11-25T17:04:15+08:00 ] ::1 /kedo/index.php/Home/Live/assets/MultyGiftNoticeMaterial.swf
ERR: 非法操作:assets

[ 2016-11-25T17:04:15+08:00 ] ::1 /kedo/index.php/Home/Live/assets/IntimacyDegree.swf
ERR: 非法操作:assets

[ 2016-11-25T17:04:15+08:00 ] ::1 /kedo/index.php/Home/Live/assets/GiftShapeMaterial.swf
ERR: 非法操作:assets

[ 2016-11-25T17:10:53+08:00 ] ::1 /kedo/index.php/Home/assets/MultyGiftNoticeMaterial.swf
ERR: 无法加载控制器:Assets

[ 2016-11-25T17:10:53+08:00 ] ::1 /kedo/index.php/Home/assets/IntimacyDegree.swf
ERR: 无法加载控制器:Assets

[ 2016-11-25T17:10:53+08:00 ] ::1 /kedo/index.php/Home/assets/GiftShapeMaterial.swf
ERR: 无法加载控制器:Assets

[ 2016-11-25T17:11:55+08:00 ] ::1 /kedo/index.php/Home/Live/assets/MultyGiftNoticeMaterial.swf
ERR: 非法操作:assets

[ 2016-11-25T17:11:55+08:00 ] ::1 /kedo/index.php/Home/Live/assets/IntimacyDegree.swf
ERR: 非法操作:assets

[ 2016-11-25T17:11:55+08:00 ] ::1 /kedo/index.php/Home/Live/assets/GiftShapeMaterial.swf
ERR: 非法操作:assets

[ 2016-11-25T17:27:52+08:00 ] ::1 /kedo/index.php/Home/Live/assets/MultyGiftNoticeMaterial.swf
ERR: 非法操作:assets

[ 2016-11-25T17:27:52+08:00 ] ::1 /kedo/index.php/Home/Live/assets/IntimacyDegree.swf
ERR: 非法操作:assets

[ 2016-11-25T17:27:52+08:00 ] ::1 /kedo/index.php/Home/Live/assets/GiftShapeMaterial.swf
ERR: 非法操作:assets

[ 2016-11-25T17:32:25+08:00 ] ::1 /kedo/index.php/Home/assets/MultyGiftNoticeMaterial.swf
ERR: 无法加载控制器:Assets

[ 2016-11-25T17:32:25+08:00 ] ::1 /kedo/index.php/Home/assets/IntimacyDegree.swf
ERR: 无法加载控制器:Assets

[ 2016-11-25T17:32:25+08:00 ] ::1 /kedo/index.php/Home/assets/GiftShapeMaterial.swf
ERR: 无法加载控制器:Assets

[ 2016-11-25T17:34:06+08:00 ] ::1 /kedo/index.php/Home/assets/MultyGiftNoticeMaterial.swf
ERR: 无法加载控制器:Assets

[ 2016-11-25T17:34:06+08:00 ] ::1 /kedo/index.php/Home/assets/IntimacyDegree.swf
ERR: 无法加载控制器:Assets

[ 2016-11-25T17:34:06+08:00 ] ::1 /kedo/index.php/Home/assets/GiftShapeMaterial.swf
ERR: 无法加载控制器:Assets

[ 2016-11-25T17:39:50+08:00 ] ::1 /kedo/index.php/Home/assets/MultyGiftNoticeMaterial.swf
ERR: 无法加载控制器:Assets

[ 2016-11-25T17:39:50+08:00 ] ::1 /kedo/index.php/Home/assets/GiftShapeMaterial.swf
ERR: 无法加载控制器:Assets

[ 2016-11-25T17:39:50+08:00 ] ::1 /kedo/index.php/Home/assets/IntimacyDegree.swf
ERR: 无法加载控制器:Assets

[ 2016-11-25T18:00:26+08:00 ] ::1 /kedo/index.php/Home/Live/assets/MultyGiftNoticeMaterial.swf
ERR: 非法操作:assets

[ 2016-11-25T18:00:26+08:00 ] ::1 /kedo/index.php/Home/Live/assets/IntimacyDegree.swf
ERR: 非法操作:assets

[ 2016-11-25T18:00:26+08:00 ] ::1 /kedo/index.php/Home/Live/assets/GiftShapeMaterial.swf
ERR: 非法操作:assets

[ 2016-11-25T18:06:43+08:00 ] ::1 /kedo/index.php/Home/Live/assets/MultyGiftNoticeMaterial.swf
ERR: 非法操作:assets

[ 2016-11-25T18:06:43+08:00 ] ::1 /kedo/index.php/Home/Live/assets/IntimacyDegree.swf
ERR: 非法操作:assets

[ 2016-11-25T18:06:43+08:00 ] ::1 /kedo/index.php/Home/Live/assets/GiftShapeMaterial.swf
ERR: 非法操作:assets

[ 2016-11-25T18:14:12+08:00 ] ::1 /kedo/index.php/Home/Live/assets/MultyGiftNoticeMaterial.swf
ERR: 非法操作:assets

[ 2016-11-25T18:23:04+08:00 ] ::1 /kedo/index.php/Home/Live/assets/MultyGiftNoticeMaterial.swf
ERR: 非法操作:assets

[ 2016-11-25T18:23:04+08:00 ] ::1 /kedo/index.php/Home/Live/assets/IntimacyDegree.swf
ERR: 非法操作:assets

[ 2016-11-25T18:23:04+08:00 ] ::1 /kedo/index.php/Home/Live/assets/GiftShapeMaterial.swf
ERR: 非法操作:assets

[ 2016-11-25T18:23:04+08:00 ] ::1 /kedo/index.php/Home/Live/assets/playerMaterial.swf
ERR: 非法操作:assets

[ 2016-11-25T19:07:19+08:00 ] ::1 /kedo/index.php/Home/Live/assets/MultyGiftNoticeMaterial.swf
ERR: 非法操作:assets

[ 2016-11-25T19:30:47+08:00 ] ::1 /kedo/index.php/Home/Live/assets/MultyGiftNoticeMaterial.swf
ERR: 非法操作:assets

[ 2016-11-25T19:30:47+08:00 ] ::1 /kedo/index.php/Home/Live/assets/IntimacyDegree.swf
ERR: 非法操作:assets

[ 2016-11-25T19:30:47+08:00 ] ::1 /kedo/index.php/Home/Live/assets/GiftShapeMaterial.swf
ERR: 非法操作:assets

[ 2016-11-25T19:30:47+08:00 ] ::1 /kedo/index.php/Home/Live/assets/playerMaterial.swf
ERR: 非法操作:assets

[ 2016-11-25T19:33:04+08:00 ] ::1 /kedo/index.php/Home/Live/assets/MultyGiftNoticeMaterial.swf
ERR: 非法操作:assets

[ 2016-11-25T19:33:04+08:00 ] ::1 /kedo/index.php/Home/Live/assets/IntimacyDegree.swf
ERR: 非法操作:assets

[ 2016-11-25T19:33:04+08:00 ] ::1 /kedo/index.php/Home/Live/assets/GiftShapeMaterial.swf
ERR: 非法操作:assets

[ 2016-11-25T19:33:53+08:00 ] ::1 /kedo/index.php/Home/Live/1027
ERR: 非法操作:1027

[ 2016-11-25T19:33:55+08:00 ] ::1 /kedo/index.php/Home/Live/1028
ERR: 非法操作:1028

[ 2016-11-25T19:35:43+08:00 ] ::1 /kedo/index.php/Home/Live/assets/MultyGiftNoticeMaterial.swf
ERR: 非法操作:assets

[ 2016-11-25T19:35:43+08:00 ] ::1 /kedo/index.php/Home/Live/assets/GiftShapeMaterial.swf
ERR: 非法操作:assets

[ 2016-11-25T19:35:43+08:00 ] ::1 /kedo/index.php/Home/Live/assets/IntimacyDegree.swf
ERR: 非法操作:assets

[ 2016-11-25T19:36:11+08:00 ] ::1 /kedo/index.php/Home/Live/assets/MultyGiftNoticeMaterial.swf
ERR: 非法操作:assets

[ 2016-11-25T19:36:11+08:00 ] ::1 /kedo/index.php/Home/Live/assets/GiftShapeMaterial.swf
ERR: 非法操作:assets

[ 2016-11-25T19:36:11+08:00 ] ::1 /kedo/index.php/Home/Live/assets/IntimacyDegree.swf
ERR: 非法操作:assets

[ 2016-11-25T19:37:30+08:00 ] ::1 /kedo/index.php/Home/Live/assets/MultyGiftNoticeMaterial.swf
ERR: 非法操作:assets

[ 2016-11-25T19:37:30+08:00 ] ::1 /kedo/index.php/Home/Live/assets/IntimacyDegree.swf
ERR: 非法操作:assets

[ 2016-11-25T19:37:30+08:00 ] ::1 /kedo/index.php/Home/Live/assets/GiftShapeMaterial.swf
ERR: 非法操作:assets

[ 2016-11-25T19:38:36+08:00 ] ::1 /kedo/index.php/Home/Live/assets/MultyGiftNoticeMaterial.swf
ERR: 非法操作:assets

[ 2016-11-25T19:38:36+08:00 ] ::1 /kedo/index.php/Home/Live/assets/IntimacyDegree.swf
ERR: 非法操作:assets

[ 2016-11-25T19:38:36+08:00 ] ::1 /kedo/index.php/Home/Live/assets/GiftShapeMaterial.swf
ERR: 非法操作:assets

[ 2016-11-25T19:38:44+08:00 ] ::1 /kedo/index.php/Home/Live/1028
ERR: 非法操作:1028

[ 2016-11-25T19:38:49+08:00 ] ::1 /kedo/index.php/Home/Live/1028
ERR: 非法操作:1028

[ 2016-11-25T19:40:11+08:00 ] ::1 /kedo/index.php/Home/Live/assets/MultyGiftNoticeMaterial.swf
ERR: 非法操作:assets

[ 2016-11-25T19:40:11+08:00 ] ::1 /kedo/index.php/Home/Live/assets/IntimacyDegree.swf
ERR: 非法操作:assets

[ 2016-11-25T19:40:11+08:00 ] ::1 /kedo/index.php/Home/Live/assets/GiftShapeMaterial.swf
ERR: 非法操作:assets

[ 2016-11-25T19:41:22+08:00 ] ::1 /kedo/index.php/Home/Live/assets/MultyGiftNoticeMaterial.swf
ERR: 非法操作:assets

[ 2016-11-25T19:41:22+08:00 ] ::1 /kedo/index.php/Home/Live/assets/GiftShapeMaterial.swf
ERR: 非法操作:assets

[ 2016-11-25T19:41:22+08:00 ] ::1 /kedo/index.php/Home/Live/assets/IntimacyDegree.swf
ERR: 非法操作:assets

[ 2016-11-25T19:41:32+08:00 ] ::1 /kedo/index.php/Home/Live/1027
ERR: 非法操作:1027

[ 2016-11-25T19:41:39+08:00 ] ::1 /kedo/index.php/Home/Live/assets/MultyGiftNoticeMaterial.swf
ERR: 非法操作:assets

[ 2016-11-25T19:41:39+08:00 ] ::1 /kedo/index.php/Home/Live/assets/GiftShapeMaterial.swf
ERR: 非法操作:assets

[ 2016-11-25T19:41:39+08:00 ] ::1 /kedo/index.php/Home/Live/assets/IntimacyDegree.swf
ERR: 非法操作:assets

[ 2016-11-25T19:52:34+08:00 ] ::1 /kedo/index.php/Home/Order/
ERR: 非法操作:index

[ 2016-11-25T20:35:52+08:00 ] ::1 /kedo/index.php/Home/Live/assets/MultyGiftNoticeMaterial.swf
ERR: 非法操作:assets

[ 2016-11-25T20:35:53+08:00 ] ::1 /kedo/index.php/Home/Live/assets/GiftShapeMaterial.swf
ERR: 非法操作:assets

[ 2016-11-25T20:35:53+08:00 ] ::1 /kedo/index.php/Home/Live/assets/IntimacyDegree.swf
ERR: 非法操作:assets

[ 2016-11-25T20:40:01+08:00 ] ::1 /kedo/index.php/Home/Live/assets/MultyGiftNoticeMaterial.swf
ERR: 非法操作:assets

[ 2016-11-25T20:40:01+08:00 ] ::1 /kedo/index.php/Home/Live/assets/IntimacyDegree.swf
ERR: 非法操作:assets

[ 2016-11-25T20:40:01+08:00 ] ::1 /kedo/index.php/Home/Live/assets/GiftShapeMaterial.swf
ERR: 非法操作:assets

