[ 2016-11-10T10:21:32+08:00 ] ::1 /kedo/index.php/Home/Login/index.htmlcheckedUser
INFO: [ app_begin ] --START--
INFO: Run Behavior\ReadHtmlCacheBehavior [ RunTime:0.000748s ]
INFO: [ app_begin ] --END-- [ RunTime:0.001269s ]
ERR: 非法操作:index.htmlcheckedUser

[ 2016-11-10T10:21:50+08:00 ] ::1 /kedo/index.php/Home/Login/index.html/checkedUser
INFO: [ app_begin ] --START--
INFO: Run Behavior\ReadHtmlCacheBehavior [ RunTime:0.000441s ]
INFO: [ app_begin ] --END-- [ RunTime:0.000726s ]
ERR: 非法操作:index.html

[ 2016-11-10T10:22:05+08:00 ] ::1 /kedo/index.php/Home/Login/index.html/login
INFO: [ app_begin ] --START--
INFO: Run Behavior\ReadHtmlCacheBehavior [ RunTime:0.000521s ]
INFO: [ app_begin ] --END-- [ RunTime:0.000948s ]
ERR: 非法操作:index.html

[ 2016-11-10T10:30:22+08:00 ] ::1 /kedo/index.php/Home/Login/index.html/checkedUser
INFO: [ app_begin ] --START--
INFO: Run Behavior\ReadHtmlCacheBehavior [ RunTime:0.000359s ]
INFO: [ app_begin ] --END-- [ RunTime:0.000595s ]
ERR: 非法操作:index.html

[ 2016-11-10T10:31:17+08:00 ] ::1 /kedo/index.php/Home/Login/index.html
INFO: [ app_begin ] --START--
INFO: Run Behavior\ReadHtmlCacheBehavior [ RunTime:0.000476s ]
INFO: [ app_begin ] --END-- [ RunTime:0.000826s ]
INFO: [ view_parse ] --START--
INFO: [ template_filter ] --START--
INFO: Run Behavior\ContentReplaceBehavior [ RunTime:0.000054s ]
INFO: [ template_filter ] --END-- [ RunTime:0.000090s ]
INFO: Run Behavior\ParseTemplateBehavior [ RunTime:0.004335s ]
INFO: [ view_parse ] --END-- [ RunTime:0.004371s ]
INFO: [ view_filter ] --START--
INFO: Run Behavior\WriteHtmlCacheBehavior [ RunTime:0.000229s ]
INFO: [ view_filter ] --END-- [ RunTime:0.000251s ]
INFO: [ app_end ] --START--
INFO: Run Behavior\ShowPageTraceBehavior [ RunTime:0.000336s ]
INFO: [ app_end ] --END-- [ RunTime:0.000361s ]

[ 2016-11-10T10:31:24+08:00 ] ::1 /kedo/index.php/Home/Login/index.html
INFO: [ app_begin ] --START--
INFO: Run Behavior\ReadHtmlCacheBehavior [ RunTime:0.001128s ]
INFO: [ app_begin ] --END-- [ RunTime:0.001973s ]
INFO: [ view_parse ] --START--
INFO: [ template_filter ] --START--
INFO: Run Behavior\ContentReplaceBehavior [ RunTime:0.000083s ]
INFO: [ template_filter ] --END-- [ RunTime:0.000158s ]
INFO: Run Behavior\ParseTemplateBehavior [ RunTime:0.004935s ]
INFO: [ view_parse ] --END-- [ RunTime:0.004981s ]
INFO: [ view_filter ] --START--
INFO: Run Behavior\WriteHtmlCacheBehavior [ RunTime:0.000166s ]
INFO: [ view_filter ] --END-- [ RunTime:0.000190s ]
INFO: [ app_end ] --START--
INFO: Run Behavior\ShowPageTraceBehavior [ RunTime:0.000295s ]
INFO: [ app_end ] --END-- [ RunTime:0.000319s ]

[ 2016-11-10T10:31:27+08:00 ] ::1 /kedo/index.php/Home/Login/index.html
INFO: [ app_begin ] --START--
INFO: Run Behavior\ReadHtmlCacheBehavior [ RunTime:0.000657s ]
INFO: [ app_begin ] --END-- [ RunTime:0.001253s ]
INFO: [ view_parse ] --START--
INFO: [ template_filter ] --START--
INFO: Run Behavior\ContentReplaceBehavior [ RunTime:0.000166s ]
INFO: [ template_filter ] --END-- [ RunTime:0.000260s ]
INFO: Run Behavior\ParseTemplateBehavior [ RunTime:0.011281s ]
INFO: [ view_parse ] --END-- [ RunTime:0.011361s ]
INFO: [ view_filter ] --START--
INFO: Run Behavior\WriteHtmlCacheBehavior [ RunTime:0.000321s ]
INFO: [ view_filter ] --END-- [ RunTime:0.000364s ]
INFO: [ app_end ] --START--
INFO: Run Behavior\ShowPageTraceBehavior [ RunTime:0.000533s ]
INFO: [ app_end ] --END-- [ RunTime:0.000580s ]

[ 2016-11-10T10:31:58+08:00 ] ::1 /kedo/index.php/Home/Login/index.html
INFO: [ app_begin ] --START--
INFO: Run Behavior\ReadHtmlCacheBehavior [ RunTime:0.000637s ]
INFO: [ app_begin ] --END-- [ RunTime:0.001120s ]
INFO: [ view_parse ] --START--
INFO: [ template_filter ] --START--
INFO: Run Behavior\ContentReplaceBehavior [ RunTime:0.000158s ]
INFO: [ template_filter ] --END-- [ RunTime:0.000238s ]
INFO: Run Behavior\ParseTemplateBehavior [ RunTime:0.009611s ]
INFO: [ view_parse ] --END-- [ RunTime:0.009702s ]
INFO: [ view_filter ] --START--
INFO: Run Behavior\WriteHtmlCacheBehavior [ RunTime:0.000465s ]
INFO: [ view_filter ] --END-- [ RunTime:0.000544s ]
INFO: [ app_end ] --START--
INFO: Run Behavior\ShowPageTraceBehavior [ RunTime:0.000911s ]
INFO: [ app_end ] --END-- [ RunTime:0.001033s ]

[ 2016-11-10T10:34:54+08:00 ] ::1 /kedo/index.php/Home/Login/index.html
INFO: [ app_begin ] --START--
INFO: Run Behavior\ReadHtmlCacheBehavior [ RunTime:0.000830s ]
INFO: [ app_begin ] --END-- [ RunTime:0.001351s ]
INFO: [ view_parse ] --START--
INFO: [ template_filter ] --START--
INFO: Run Behavior\ContentReplaceBehavior [ RunTime:0.000053s ]
INFO: [ template_filter ] --END-- [ RunTime:0.000087s ]
INFO: Run Behavior\ParseTemplateBehavior [ RunTime:0.006836s ]
INFO: [ view_parse ] --END-- [ RunTime:0.006886s ]
INFO: [ view_filter ] --START--
INFO: Run Behavior\WriteHtmlCacheBehavior [ RunTime:0.000221s ]
INFO: [ view_filter ] --END-- [ RunTime:0.000242s ]
INFO: [ app_end ] --START--
INFO: Run Behavior\ShowPageTraceBehavior [ RunTime:0.000356s ]
INFO: [ app_end ] --END-- [ RunTime:0.000381s ]

[ 2016-11-10T10:40:16+08:00 ] ::1 /kedo/index.php/Home/Login/%7B:U('Login/checkedUser')%7D
INFO: [ app_begin ] --START--
INFO: Run Behavior\ReadHtmlCacheBehavior [ RunTime:0.001533s ]
INFO: [ app_begin ] --END-- [ RunTime:0.002177s ]
ERR: 非法操作:{:U('Login

[ 2016-11-10T10:42:55+08:00 ] ::1 /kedo/index.php/Home/Login/%7B:U(%22Login/checkedUser%22)%7D
INFO: [ app_begin ] --START--
INFO: Run Behavior\ReadHtmlCacheBehavior [ RunTime:0.001016s ]
INFO: [ app_begin ] --END-- [ RunTime:0.001522s ]
ERR: 非法操作:{:U("Login

[ 2016-11-10T10:46:46+08:00 ] ::1 /kedo/index.php/Home/Login/%3C?=U(%22Login/checkedUser%22);?%3E
INFO: [ app_begin ] --START--
INFO: Run Behavior\ReadHtmlCacheBehavior [ RunTime:0.000787s ]
INFO: [ app_begin ] --END-- [ RunTime:0.001271s ]
ERR: 非法操作:

[ 2016-11-10T10:47:38+08:00 ] ::1 /kedo/index.php/Home/Login/index.html
INFO: [ app_begin ] --START--
INFO: Run Behavior\ReadHtmlCacheBehavior [ RunTime:0.000626s ]
INFO: [ app_begin ] --END-- [ RunTime:0.001349s ]
INFO: [ view_parse ] --START--
INFO: [ template_filter ] --START--
INFO: Run Behavior\ContentReplaceBehavior [ RunTime:0.000055s ]
INFO: [ template_filter ] --END-- [ RunTime:0.000091s ]
INFO: Run Behavior\ParseTemplateBehavior [ RunTime:0.009005s ]
INFO: [ view_parse ] --END-- [ RunTime:0.009055s ]
INFO: [ view_filter ] --START--
INFO: Run Behavior\WriteHtmlCacheBehavior [ RunTime:0.000147s ]
INFO: [ view_filter ] --END-- [ RunTime:0.000169s ]
INFO: [ app_end ] --START--
INFO: Run Behavior\ShowPageTraceBehavior [ RunTime:0.000265s ]
INFO: [ app_end ] --END-- [ RunTime:0.000290s ]

[ 2016-11-10T10:49:48+08:00 ] ::1 /kedo/index.php/Home/Login/
INFO: [ app_begin ] --START--
INFO: Run Behavior\ReadHtmlCacheBehavior [ RunTime:0.000712s ]
INFO: [ app_begin ] --END-- [ RunTime:0.001210s ]
INFO: [ view_parse ] --START--
INFO: [ template_filter ] --START--
INFO: Run Behavior\ContentReplaceBehavior [ RunTime:0.000065s ]
INFO: [ template_filter ] --END-- [ RunTime:0.000120s ]
INFO: Run Behavior\ParseTemplateBehavior [ RunTime:0.006543s ]
INFO: [ view_parse ] --END-- [ RunTime:0.006625s ]
INFO: [ view_filter ] --START--
INFO: Run Behavior\WriteHtmlCacheBehavior [ RunTime:0.000380s ]
INFO: [ view_filter ] --END-- [ RunTime:0.000422s ]
INFO: [ app_end ] --START--
INFO: Run Behavior\ShowPageTraceBehavior [ RunTime:0.000468s ]
INFO: [ app_end ] --END-- [ RunTime:0.000508s ]

[ 2016-11-10T10:50:21+08:00 ] ::1 /kedo/index.php/Home/Login/
INFO: [ app_begin ] --START--
INFO: Run Behavior\ReadHtmlCacheBehavior [ RunTime:0.000719s ]
INFO: [ app_begin ] --END-- [ RunTime:0.001282s ]
INFO: [ view_parse ] --START--
INFO: [ template_filter ] --START--
INFO: Run Behavior\ContentReplaceBehavior [ RunTime:0.000058s ]
INFO: [ template_filter ] --END-- [ RunTime:0.000095s ]
INFO: Run Behavior\ParseTemplateBehavior [ RunTime:0.006129s ]
INFO: [ view_parse ] --END-- [ RunTime:0.006191s ]
INFO: [ view_filter ] --START--
INFO: Run Behavior\WriteHtmlCacheBehavior [ RunTime:0.000251s ]
INFO: [ view_filter ] --END-- [ RunTime:0.000274s ]
INFO: [ app_end ] --START--
INFO: Run Behavior\ShowPageTraceBehavior [ RunTime:0.000405s ]
INFO: [ app_end ] --END-- [ RunTime:0.000443s ]

[ 2016-11-10T10:50:27+08:00 ] ::1 /kedo/index.php/Home/Login/checkedUser
INFO: [ app_begin ] --START--
INFO: Run Behavior\ReadHtmlCacheBehavior [ RunTime:0.000329s ]
INFO: [ app_begin ] --END-- [ RunTime:0.000632s ]
NOTIC: [2] PDO::__construct(): php_network_getaddresses: getaddrinfo failed: No such host is known.  E:\xampp\htdocs\kedo\ThinkPHP\Library\Think\Db\Driver.class.php 第 103 行.
ERR: SQLSTATE[HY000] [2002] php_network_getaddresses: getaddrinfo failed: No such host is known. 

[ 2016-11-10T10:52:56+08:00 ] ::1 /kedo/index.php/Home/Login/checkedUser
ERR: SQLSTATE[HY000] [2002] php_network_getaddresses: getaddrinfo failed: No such host is known. 

[ 2016-11-10T10:53:52+08:00 ] ::1 /kedo/index.php/Home/Login/checkedUser
ERR: SQLSTATE[HY000] [2002] php_network_getaddresses: getaddrinfo failed: No such host is known. 

[ 2016-11-10T10:53:53+08:00 ] ::1 /kedo/index.php/Home/Login/checkedUser
ERR: SQLSTATE[HY000] [2002] php_network_getaddresses: getaddrinfo failed: No such host is known. 

[ 2016-11-10T10:53:53+08:00 ] ::1 /kedo/index.php/Home/Login/checkedUser
ERR: SQLSTATE[HY000] [2002] php_network_getaddresses: getaddrinfo failed: No such host is known. 

[ 2016-11-10T10:53:53+08:00 ] ::1 /kedo/index.php/Home/Login/checkedUser
ERR: SQLSTATE[HY000] [2002] php_network_getaddresses: getaddrinfo failed: No such host is known. 

[ 2016-11-10T10:53:54+08:00 ] ::1 /kedo/index.php/Home/Login/checkedUser
ERR: SQLSTATE[HY000] [2002] php_network_getaddresses: getaddrinfo failed: No such host is known. 

[ 2016-11-10T10:56:38+08:00 ] ::1 /kedo/index.php/Home/Login/checkedUser
INFO: [ app_begin ] --START--
INFO: Run Behavior\ReadHtmlCacheBehavior [ RunTime:0.000572s ]
INFO: [ app_begin ] --END-- [ RunTime:0.000968s ]
SQL: SHOW COLUMNS FROM `bu_user` [ RunTime:0.0019s ]
SQL: SELECT * FROM `bu_user` WHERE `username` = 'g' LIMIT 1   [ RunTime:0.0123s ]

[ 2016-11-10T10:57:40+08:00 ] ::1 /kedo/index.php/Home/Login/checkedUser
INFO: [ app_begin ] --START--
INFO: Run Behavior\ReadHtmlCacheBehavior [ RunTime:0.000279s ]
INFO: [ app_begin ] --END-- [ RunTime:0.000476s ]
SQL: SHOW COLUMNS FROM `bu_user` [ RunTime:0.0019s ]
SQL: SELECT * FROM `bu_user` WHERE `username` = 'renlr@outlook.com' LIMIT 1   [ RunTime:0.0012s ]

[ 2016-11-10T10:58:38+08:00 ] ::1 /kedo/index.php/Home/Login/index.html/verify
ERR: 非法操作:index.html

[ 2016-11-10T10:58:39+08:00 ] ::1 /kedo/index.php/Home/Login/index.html/verify
ERR: 非法操作:index.html

[ 2016-11-10T10:58:40+08:00 ] ::1 /kedo/index.php/Home/Login/index.html/verify
ERR: 非法操作:index.html

[ 2016-11-10T10:58:43+08:00 ] ::1 /kedo/index.php/Home/Login/index.html/verify
ERR: 非法操作:index.html

[ 2016-11-10T10:58:43+08:00 ] ::1 /kedo/index.php/Home/Login/index.html/verify
ERR: 非法操作:index.html

[ 2016-11-10T10:58:43+08:00 ] ::1 /kedo/index.php/Home/Login/index.html/verify
ERR: 非法操作:index.html

[ 2016-11-10T10:58:45+08:00 ] ::1 /kedo/index.php/Home/Login/index.html/verify
ERR: 非法操作:index.html

[ 2016-11-10T10:59:34+08:00 ] ::1 /kedo/index.php/Home/Loginverify
ERR: 无法加载控制器:Loginverify

[ 2016-11-10T10:59:34+08:00 ] ::1 /kedo/index.php/Home/Loginverify
ERR: 无法加载控制器:Loginverify

[ 2016-11-10T10:59:35+08:00 ] ::1 /kedo/index.php/Home/Loginverify
ERR: 无法加载控制器:Loginverify

[ 2016-11-10T10:59:35+08:00 ] ::1 /kedo/index.php/Home/Loginverify
ERR: 无法加载控制器:Loginverify

[ 2016-11-10T10:59:35+08:00 ] ::1 /kedo/index.php/Home/Loginverify
ERR: 无法加载控制器:Loginverify

[ 2016-11-10T10:59:36+08:00 ] ::1 /kedo/index.php/Home/Loginverify
ERR: 无法加载控制器:Loginverify

[ 2016-11-10T10:59:36+08:00 ] ::1 /kedo/index.php/Home/Loginverify
ERR: 无法加载控制器:Loginverify

[ 2016-11-10T11:01:54+08:00 ] ::1 /kedo/index.php/Home/Login/checkedUser
INFO: [ app_begin ] --START--
INFO: Run Behavior\ReadHtmlCacheBehavior [ RunTime:0.000622s ]
INFO: [ app_begin ] --END-- [ RunTime:0.001058s ]
SQL: SHOW COLUMNS FROM `bu_user` [ RunTime:0.0018s ]
SQL: SELECT * FROM `bu_user` WHERE `username` = 'v' LIMIT 1   [ RunTime:0.0123s ]

[ 2016-11-10T11:01:58+08:00 ] ::1 /kedo/index.php/Home/Login/login
INFO: [ app_begin ] --START--
INFO: Run Behavior\ReadHtmlCacheBehavior [ RunTime:0.000258s ]
INFO: [ app_begin ] --END-- [ RunTime:0.000456s ]

[ 2016-11-10T11:07:34+08:00 ] ::1 /kedo/index.php/Home/Login/login
INFO: [ app_begin ] --START--
INFO: Run Behavior\ReadHtmlCacheBehavior [ RunTime:0.000359s ]
INFO: [ app_begin ] --END-- [ RunTime:0.000600s ]
SQL: SHOW COLUMNS FROM `bu_user` [ RunTime:0.0020s ]
SQL: SELECT * FROM `bu_user` WHERE ( username='v' ) LIMIT 1   [ RunTime:0.0123s ]

[ 2016-11-10T11:07:56+08:00 ] ::1 /kedo/index.php/Home/Login/login
INFO: [ app_begin ] --START--
INFO: Run Behavior\ReadHtmlCacheBehavior [ RunTime:0.000261s ]
INFO: [ app_begin ] --END-- [ RunTime:0.000462s ]
SQL: SHOW COLUMNS FROM `bu_user` [ RunTime:0.0020s ]
SQL: SELECT * FROM `bu_user` WHERE ( username='v' ) LIMIT 1   [ RunTime:0.0014s ]

[ 2016-11-10T11:08:04+08:00 ] ::1 /kedo/index.php/Home/Login/checkedUser
INFO: [ app_begin ] --START--
INFO: Run Behavior\ReadHtmlCacheBehavior [ RunTime:0.000406s ]
INFO: [ app_begin ] --END-- [ RunTime:0.000707s ]
SQL: SHOW COLUMNS FROM `bu_user` [ RunTime:0.0019s ]
SQL: SELECT * FROM `bu_user` WHERE `username` = 'g' LIMIT 1   [ RunTime:0.0012s ]

[ 2016-11-10T11:08:08+08:00 ] ::1 /kedo/index.php/Home/Login/login
INFO: [ app_begin ] --START--
INFO: Run Behavior\ReadHtmlCacheBehavior [ RunTime:0.000260s ]
INFO: [ app_begin ] --END-- [ RunTime:0.000461s ]
SQL: SHOW COLUMNS FROM `bu_user` [ RunTime:0.0018s ]
SQL: SELECT * FROM `bu_user` WHERE ( username='g' ) LIMIT 1   [ RunTime:0.0123s ]

[ 2016-11-10T11:08:21+08:00 ] ::1 /kedo/index.php/Home/Login/checkedUser
INFO: [ app_begin ] --START--
INFO: Run Behavior\ReadHtmlCacheBehavior [ RunTime:0.000276s ]
INFO: [ app_begin ] --END-- [ RunTime:0.000500s ]
SQL: SHOW COLUMNS FROM `bu_user` [ RunTime:0.0019s ]
SQL: SELECT * FROM `bu_user` WHERE `username` = 'renlr@outlook.com' LIMIT 1   [ RunTime:0.0010s ]

[ 2016-11-10T11:08:25+08:00 ] ::1 /kedo/index.php/Home/Login/login
INFO: [ app_begin ] --START--
INFO: Run Behavior\ReadHtmlCacheBehavior [ RunTime:0.000265s ]
INFO: [ app_begin ] --END-- [ RunTime:0.000461s ]
SQL: SHOW COLUMNS FROM `bu_user` [ RunTime:0.0018s ]
SQL: SELECT * FROM `bu_user` WHERE ( username='renlr@outlook.com' ) LIMIT 1   [ RunTime:0.0014s ]

[ 2016-11-10T11:10:07+08:00 ] ::1 /kedo/index.php/Home/Login/checkedUser
INFO: [ app_begin ] --START--
INFO: Run Behavior\ReadHtmlCacheBehavior [ RunTime:0.000793s ]
INFO: [ app_begin ] --END-- [ RunTime:0.001234s ]
SQL: SHOW COLUMNS FROM `bu_user` [ RunTime:0.0019s ]
SQL: SELECT * FROM `bu_user` WHERE `username` = 'renlr@outlook.com' LIMIT 1   [ RunTime:0.0014s ]

[ 2016-11-10T11:10:16+08:00 ] ::1 /kedo/index.php/Home/Login/checkedUser
INFO: [ app_begin ] --START--
INFO: Run Behavior\ReadHtmlCacheBehavior [ RunTime:0.000767s ]
INFO: [ app_begin ] --END-- [ RunTime:0.001134s ]
SQL: SHOW COLUMNS FROM `bu_user` [ RunTime:0.0019s ]
SQL: SELECT * FROM `bu_user` WHERE `username` = 'renlr@outlook.com' LIMIT 1   [ RunTime:0.0011s ]

[ 2016-11-10T11:10:26+08:00 ] ::1 /kedo/index.php/Home/Login/checkedUser
INFO: [ app_begin ] --START--
INFO: Run Behavior\ReadHtmlCacheBehavior [ RunTime:0.000849s ]
INFO: [ app_begin ] --END-- [ RunTime:0.001389s ]
SQL: SHOW COLUMNS FROM `bu_user` [ RunTime:0.0028s ]
SQL: SELECT * FROM `bu_user` WHERE `username` = 'renlr@outlook.com' LIMIT 1   [ RunTime:0.0015s ]

[ 2016-11-10T11:10:30+08:00 ] ::1 /kedo/index.php/Home/Login/login
INFO: [ app_begin ] --START--
INFO: Run Behavior\ReadHtmlCacheBehavior [ RunTime:0.000260s ]
INFO: [ app_begin ] --END-- [ RunTime:0.000462s ]
SQL: SHOW COLUMNS FROM `bu_user` [ RunTime:0.0021s ]
SQL: SELECT * FROM `bu_user` WHERE ( username='renlr@outlook.com' ) LIMIT 1   [ RunTime:0.0011s ]

[ 2016-11-10T11:14:08+08:00 ] ::1 /kedo/index.php/Home/Login/login
INFO: [ app_begin ] --START--
INFO: Run Behavior\ReadHtmlCacheBehavior [ RunTime:0.000361s ]
INFO: [ app_begin ] --END-- [ RunTime:0.000595s ]
SQL: SHOW COLUMNS FROM `bu_user` [ RunTime:0.0020s ]
SQL: SELECT * FROM `bu_user` WHERE ( username='renlr@outlook.com' ) LIMIT 1   [ RunTime:0.0014s ]

[ 2016-11-10T11:14:11+08:00 ] ::1 /kedo/index.php/Home/Login/login
INFO: [ app_begin ] --START--
INFO: Run Behavior\ReadHtmlCacheBehavior [ RunTime:0.000260s ]
INFO: [ app_begin ] --END-- [ RunTime:0.000460s ]
SQL: SHOW COLUMNS FROM `bu_user` [ RunTime:0.0230s ]
SQL: SELECT * FROM `bu_user` WHERE ( username='renlr@outlook.com' ) LIMIT 1   [ RunTime:0.0011s ]

[ 2016-11-10T11:16:08+08:00 ] ::1 /kedo/index.php/Home/Login/checkedUser
INFO: [ app_begin ] --START--
INFO: Run Behavior\ReadHtmlCacheBehavior [ RunTime:0.000725s ]
INFO: [ app_begin ] --END-- [ RunTime:0.001204s ]
SQL: SHOW COLUMNS FROM `bu_user` [ RunTime:0.0021s ]
SQL: SELECT * FROM `bu_user` WHERE `username` = 'renlr@outlook.com' LIMIT 1   [ RunTime:0.0011s ]

[ 2016-11-10T11:16:12+08:00 ] ::1 /kedo/index.php/Home/Login/login
INFO: [ app_begin ] --START--
INFO: Run Behavior\ReadHtmlCacheBehavior [ RunTime:0.000257s ]
INFO: [ app_begin ] --END-- [ RunTime:0.000452s ]
SQL: SHOW COLUMNS FROM `bu_user` [ RunTime:0.0018s ]
SQL: SELECT * FROM `bu_user` WHERE ( username='renlr@outlook.com' ) LIMIT 1   [ RunTime:0.0012s ]

[ 2016-11-10T11:20:25+08:00 ] ::1 /kedo/index.php/Home/Login/checkedUser
INFO: [ app_begin ] --START--
INFO: Run Behavior\ReadHtmlCacheBehavior [ RunTime:0.000803s ]
INFO: [ app_begin ] --END-- [ RunTime:0.001283s ]
SQL: SHOW COLUMNS FROM `bu_user` [ RunTime:0.0018s ]
SQL: SELECT * FROM `bu_user` WHERE `username` = 'renlr@outlook.com' LIMIT 1   [ RunTime:0.0012s ]

[ 2016-11-10T11:20:27+08:00 ] ::1 /kedo/index.php/Home/Login/login
INFO: [ app_begin ] --START--
INFO: Run Behavior\ReadHtmlCacheBehavior [ RunTime:0.000259s ]
INFO: [ app_begin ] --END-- [ RunTime:0.000456s ]
SQL: SHOW COLUMNS FROM `bu_user` [ RunTime:0.0018s ]
SQL: SELECT * FROM `bu_user` WHERE ( username='renlr@outlook.com' ) LIMIT 1   [ RunTime:0.0011s ]

[ 2016-11-10T11:21:10+08:00 ] ::1 /kedo/index.php/Home/Login/checkedUser
INFO: [ app_begin ] --START--
INFO: Run Behavior\ReadHtmlCacheBehavior [ RunTime:0.000588s ]
INFO: [ app_begin ] --END-- [ RunTime:0.001131s ]
SQL: SHOW COLUMNS FROM `bu_user` [ RunTime:0.0021s ]
SQL: SELECT * FROM `bu_user` WHERE `username` = '2999@qq.com' LIMIT 1   [ RunTime:0.0125s ]

[ 2016-11-10T15:09:36+08:00 ] ::1 /kedo/index.php/Home/Login/checkedUser
INFO: [ app_begin ] --START--
INFO: Run Behavior\ReadHtmlCacheBehavior [ RunTime:0.000476s ]
INFO: [ app_begin ] --END-- [ RunTime:0.000781s ]
SQL: SHOW COLUMNS FROM `bu_user` [ RunTime:0.0021s ]
SQL: SELECT * FROM `bu_user` WHERE `username` = '2999@qq.com' LIMIT 1   [ RunTime:0.0129s ]

[ 2016-11-10T15:09:40+08:00 ] ::1 /kedo/index.php/Home/Login/checkedUser
INFO: [ app_begin ] --START--
INFO: Run Behavior\ReadHtmlCacheBehavior [ RunTime:0.000481s ]
INFO: [ app_begin ] --END-- [ RunTime:0.000840s ]
SQL: SHOW COLUMNS FROM `bu_user` [ RunTime:0.0018s ]
SQL: SELECT * FROM `bu_user` WHERE `username` = '2999@qq.com' LIMIT 1   [ RunTime:0.0009s ]

[ 2016-11-10T15:09:41+08:00 ] ::1 /kedo/index.php/Home/Login/checkedUser
INFO: [ app_begin ] --START--
INFO: Run Behavior\ReadHtmlCacheBehavior [ RunTime:0.000706s ]
INFO: [ app_begin ] --END-- [ RunTime:0.001122s ]
SQL: SHOW COLUMNS FROM `bu_user` [ RunTime:0.0019s ]
SQL: SELECT * FROM `bu_user` WHERE `username` = '2999@qq.com' LIMIT 1   [ RunTime:0.0008s ]

[ 2016-11-10T15:18:40+08:00 ] ::1 /kedo/index.php/Home/Login/checkedUser
INFO: [ app_begin ] --START--
INFO: Run Behavior\ReadHtmlCacheBehavior [ RunTime:0.000792s ]
INFO: [ app_begin ] --END-- [ RunTime:0.001295s ]
SQL: SHOW COLUMNS FROM `bu_user` [ RunTime:0.0020s ]
SQL: SELECT * FROM `bu_user` WHERE `username` = 'gh' LIMIT 1   [ RunTime:0.0124s ]

[ 2016-11-10T15:18:47+08:00 ] ::1 /kedo/index.php/Home/Login/login
INFO: [ app_begin ] --START--
INFO: Run Behavior\ReadHtmlCacheBehavior [ RunTime:0.000257s ]
INFO: [ app_begin ] --END-- [ RunTime:0.000455s ]

[ 2016-11-10T15:18:48+08:00 ] ::1 /kedo/index.php/Home/Login/login
INFO: [ app_begin ] --START--
INFO: Run Behavior\ReadHtmlCacheBehavior [ RunTime:0.000259s ]
INFO: [ app_begin ] --END-- [ RunTime:0.000456s ]

[ 2016-11-10T15:18:48+08:00 ] ::1 /kedo/index.php/Home/Login/login
INFO: [ app_begin ] --START--
INFO: Run Behavior\ReadHtmlCacheBehavior [ RunTime:0.000264s ]
INFO: [ app_begin ] --END-- [ RunTime:0.000463s ]

[ 2016-11-10T15:18:49+08:00 ] ::1 /kedo/index.php/Home/Login/login
INFO: [ app_begin ] --START--
INFO: Run Behavior\ReadHtmlCacheBehavior [ RunTime:0.000268s ]
INFO: [ app_begin ] --END-- [ RunTime:0.000492s ]

[ 2016-11-10T15:18:49+08:00 ] ::1 /kedo/index.php/Home/Login/login
INFO: [ app_begin ] --START--
INFO: Run Behavior\ReadHtmlCacheBehavior [ RunTime:0.000261s ]
INFO: [ app_begin ] --END-- [ RunTime:0.000470s ]

[ 2016-11-10T15:18:49+08:00 ] ::1 /kedo/index.php/Home/Login/login
INFO: [ app_begin ] --START--
INFO: Run Behavior\ReadHtmlCacheBehavior [ RunTime:0.000264s ]
INFO: [ app_begin ] --END-- [ RunTime:0.000475s ]

[ 2016-11-10T15:18:50+08:00 ] ::1 /kedo/index.php/Home/Login/login
INFO: [ app_begin ] --START--
INFO: Run Behavior\ReadHtmlCacheBehavior [ RunTime:0.000257s ]
INFO: [ app_begin ] --END-- [ RunTime:0.000454s ]

[ 2016-11-10T15:18:50+08:00 ] ::1 /kedo/index.php/Home/Login/login
INFO: [ app_begin ] --START--
INFO: Run Behavior\ReadHtmlCacheBehavior [ RunTime:0.000258s ]
INFO: [ app_begin ] --END-- [ RunTime:0.000460s ]

[ 2016-11-10T15:18:51+08:00 ] ::1 /kedo/index.php/Home/Login/login
INFO: [ app_begin ] --START--
INFO: Run Behavior\ReadHtmlCacheBehavior [ RunTime:0.000262s ]
INFO: [ app_begin ] --END-- [ RunTime:0.000463s ]

[ 2016-11-10T15:18:51+08:00 ] ::1 /kedo/index.php/Home/Login/login
INFO: [ app_begin ] --START--
INFO: Run Behavior\ReadHtmlCacheBehavior [ RunTime:0.000266s ]
INFO: [ app_begin ] --END-- [ RunTime:0.000465s ]

[ 2016-11-10T15:18:54+08:00 ] ::1 /kedo/index.php/Home/Login/login
INFO: [ app_begin ] --START--
INFO: Run Behavior\ReadHtmlCacheBehavior [ RunTime:0.000257s ]
INFO: [ app_begin ] --END-- [ RunTime:0.000454s ]

[ 2016-11-10T15:19:04+08:00 ] ::1 /kedo/index.php/Home/Login/checkedUser
INFO: [ app_begin ] --START--
INFO: Run Behavior\ReadHtmlCacheBehavior [ RunTime:0.000502s ]
INFO: [ app_begin ] --END-- [ RunTime:0.000893s ]
SQL: SHOW COLUMNS FROM `bu_user` [ RunTime:0.0020s ]
SQL: SELECT * FROM `bu_user` WHERE `username` = '2999@qq.com' LIMIT 1   [ RunTime:0.0009s ]

[ 2016-11-10T15:19:10+08:00 ] ::1 /kedo/index.php/Home/Login/checkedUser
INFO: [ app_begin ] --START--
INFO: Run Behavior\ReadHtmlCacheBehavior [ RunTime:0.000673s ]
INFO: [ app_begin ] --END-- [ RunTime:0.001198s ]
SQL: SHOW COLUMNS FROM `bu_user` [ RunTime:0.0018s ]
SQL: SELECT * FROM `bu_user` WHERE `username` = 'renlr@outlook.com' LIMIT 1   [ RunTime:0.0011s ]

[ 2016-11-10T15:19:14+08:00 ] ::1 /kedo/index.php/Home/Login/login
INFO: [ app_begin ] --START--
INFO: Run Behavior\ReadHtmlCacheBehavior [ RunTime:0.000282s ]
INFO: [ app_begin ] --END-- [ RunTime:0.000475s ]

[ 2016-11-10T15:19:14+08:00 ] ::1 /kedo/index.php/Home/Login/login
INFO: [ app_begin ] --START--
INFO: Run Behavior\ReadHtmlCacheBehavior [ RunTime:0.000265s ]
INFO: [ app_begin ] --END-- [ RunTime:0.000483s ]

[ 2016-11-10T15:19:14+08:00 ] ::1 /kedo/index.php/Home/Login/login
INFO: [ app_begin ] --START--
INFO: Run Behavior\ReadHtmlCacheBehavior [ RunTime:0.000261s ]
INFO: [ app_begin ] --END-- [ RunTime:0.000458s ]

[ 2016-11-10T15:19:15+08:00 ] ::1 /kedo/index.php/Home/Login/login
INFO: [ app_begin ] --START--
INFO: Run Behavior\ReadHtmlCacheBehavior [ RunTime:0.000259s ]
INFO: [ app_begin ] --END-- [ RunTime:0.000454s ]

[ 2016-11-10T15:19:15+08:00 ] ::1 /kedo/index.php/Home/Login/login
INFO: [ app_begin ] --START--
INFO: Run Behavior\ReadHtmlCacheBehavior [ RunTime:0.000259s ]
INFO: [ app_begin ] --END-- [ RunTime:0.000459s ]

[ 2016-11-10T15:19:15+08:00 ] ::1 /kedo/index.php/Home/Login/login
INFO: [ app_begin ] --START--
INFO: Run Behavior\ReadHtmlCacheBehavior [ RunTime:0.000266s ]
INFO: [ app_begin ] --END-- [ RunTime:0.000469s ]

[ 2016-11-10T15:19:16+08:00 ] ::1 /kedo/index.php/Home/Login/login
INFO: [ app_begin ] --START--
INFO: Run Behavior\ReadHtmlCacheBehavior [ RunTime:0.000263s ]
INFO: [ app_begin ] --END-- [ RunTime:0.000469s ]

[ 2016-11-10T15:19:16+08:00 ] ::1 /kedo/index.php/Home/Login/login
INFO: [ app_begin ] --START--
INFO: Run Behavior\ReadHtmlCacheBehavior [ RunTime:0.000267s ]
INFO: [ app_begin ] --END-- [ RunTime:0.000462s ]

[ 2016-11-10T15:19:16+08:00 ] ::1 /kedo/index.php/Home/Login/login
INFO: [ app_begin ] --START--
INFO: Run Behavior\ReadHtmlCacheBehavior [ RunTime:0.000266s ]
INFO: [ app_begin ] --END-- [ RunTime:0.000463s ]

[ 2016-11-10T15:19:36+08:00 ] ::1 /kedo/index.php/Home/Login/checkedUser
INFO: [ app_begin ] --START--
INFO: Run Behavior\ReadHtmlCacheBehavior [ RunTime:0.000501s ]
INFO: [ app_begin ] --END-- [ RunTime:0.000900s ]
SQL: SHOW COLUMNS FROM `bu_user` [ RunTime:0.0020s ]
SQL: SELECT * FROM `bu_user` WHERE `username` = 'renlr@outlook.com' LIMIT 1   [ RunTime:0.0011s ]

[ 2016-11-10T15:19:42+08:00 ] ::1 /kedo/index.php/Home/Login/login
INFO: [ app_begin ] --START--
INFO: Run Behavior\ReadHtmlCacheBehavior [ RunTime:0.000260s ]
INFO: [ app_begin ] --END-- [ RunTime:0.000460s ]
SQL: SHOW COLUMNS FROM `bu_user` [ RunTime:0.0016s ]
SQL: SELECT * FROM `bu_user` WHERE ( username='renlr@outlook.com' ) LIMIT 1   [ RunTime:0.0012s ]

[ 2016-11-10T15:22:14+08:00 ] ::1 /kedo/index.php/Home/Login/checkedUser
INFO: [ app_begin ] --START--
INFO: Run Behavior\ReadHtmlCacheBehavior [ RunTime:0.000844s ]
INFO: [ app_begin ] --END-- [ RunTime:0.001395s ]
SQL: SHOW COLUMNS FROM `bu_user` [ RunTime:0.0021s ]
SQL: SELECT * FROM `bu_user` WHERE `username` = 'renlr@outlook.com' LIMIT 1   [ RunTime:0.0015s ]

[ 2016-11-10T15:22:24+08:00 ] ::1 /kedo/index.php/Home/Login/login
INFO: [ app_begin ] --START--
INFO: Run Behavior\ReadHtmlCacheBehavior [ RunTime:0.000282s ]
INFO: [ app_begin ] --END-- [ RunTime:0.000485s ]
SQL: SHOW COLUMNS FROM `bu_user` [ RunTime:0.0025s ]
SQL: SELECT * FROM `bu_user` WHERE ( username='renlr@outlook.com' ) LIMIT 1   [ RunTime:0.0012s ]

[ 2016-11-10T15:22:51+08:00 ] ::1 /kedo/index.php/Home/Login/login
INFO: [ app_begin ] --START--
INFO: Run Behavior\ReadHtmlCacheBehavior [ RunTime:0.000263s ]
INFO: [ app_begin ] --END-- [ RunTime:0.000461s ]
SQL: SHOW COLUMNS FROM `bu_user` [ RunTime:0.0021s ]
SQL: SELECT * FROM `bu_user` WHERE ( username='renlr@outlook.com' ) LIMIT 1   [ RunTime:0.0013s ]

[ 2016-11-10T15:22:59+08:00 ] ::1 /kedo/index.php/Home/Login/checkedUser
INFO: [ app_begin ] --START--
INFO: Run Behavior\ReadHtmlCacheBehavior [ RunTime:0.000782s ]
INFO: [ app_begin ] --END-- [ RunTime:0.001277s ]
SQL: SHOW COLUMNS FROM `bu_user` [ RunTime:0.0020s ]
SQL: SELECT * FROM `bu_user` WHERE `username` = 'renlr@outlook.com' LIMIT 1   [ RunTime:0.0012s ]

[ 2016-11-10T15:23:01+08:00 ] ::1 /kedo/index.php/Home/Login/login
INFO: [ app_begin ] --START--
INFO: Run Behavior\ReadHtmlCacheBehavior [ RunTime:0.000257s ]
INFO: [ app_begin ] --END-- [ RunTime:0.000453s ]
SQL: SHOW COLUMNS FROM `bu_user` [ RunTime:0.0020s ]
SQL: SELECT * FROM `bu_user` WHERE ( username='renlr@outlook.com' ) LIMIT 1   [ RunTime:0.0013s ]

[ 2016-11-10T15:23:03+08:00 ] ::1 /kedo/index.php/Home/Login/login
INFO: [ app_begin ] --START--
INFO: Run Behavior\ReadHtmlCacheBehavior [ RunTime:0.000331s ]
INFO: [ app_begin ] --END-- [ RunTime:0.000595s ]
SQL: SHOW COLUMNS FROM `bu_user` [ RunTime:0.0018s ]
SQL: SELECT * FROM `bu_user` WHERE ( username='renlr@outlook.com' ) LIMIT 1   [ RunTime:0.0009s ]

[ 2016-11-10T15:23:52+08:00 ] ::1 /kedo/index.php/Home/Login/checkedUser
INFO: [ app_begin ] --START--
INFO: Run Behavior\ReadHtmlCacheBehavior [ RunTime:0.000368s ]
INFO: [ app_begin ] --END-- [ RunTime:0.000611s ]
SQL: SHOW COLUMNS FROM `bu_user` [ RunTime:0.0018s ]
SQL: SELECT * FROM `bu_user` WHERE `username` = 'renlr@outlook.com' LIMIT 1   [ RunTime:0.0010s ]

[ 2016-11-10T15:23:54+08:00 ] ::1 /kedo/index.php/Home/Login/login
INFO: [ app_begin ] --START--
INFO: Run Behavior\ReadHtmlCacheBehavior [ RunTime:0.000269s ]
INFO: [ app_begin ] --END-- [ RunTime:0.000466s ]
SQL: SHOW COLUMNS FROM `bu_user` [ RunTime:0.0018s ]
SQL: SELECT * FROM `bu_user` WHERE ( username='renlr@outlook.com' ) LIMIT 1   [ RunTime:0.0014s ]

[ 2016-11-10T15:26:08+08:00 ] ::1 /kedo/index.php/Home/Login/login
INFO: [ app_begin ] --START--
INFO: Run Behavior\ReadHtmlCacheBehavior [ RunTime:0.000380s ]
INFO: [ app_begin ] --END-- [ RunTime:0.000618s ]

[ 2016-11-10T15:26:14+08:00 ] ::1 /kedo/index.php/Home/Login/checkedUser
INFO: [ app_begin ] --START--
INFO: Run Behavior\ReadHtmlCacheBehavior [ RunTime:0.001060s ]
INFO: [ app_begin ] --END-- [ RunTime:0.001678s ]
SQL: SHOW COLUMNS FROM `bu_user` [ RunTime:0.0229s ]
SQL: SELECT * FROM `bu_user` WHERE `username` = 'renlr@outlook.com' LIMIT 1   [ RunTime:0.0011s ]

[ 2016-11-10T15:26:23+08:00 ] ::1 /kedo/index.php/Home/Login/login
INFO: [ app_begin ] --START--
INFO: Run Behavior\ReadHtmlCacheBehavior [ RunTime:0.000256s ]
INFO: [ app_begin ] --END-- [ RunTime:0.000453s ]

[ 2016-11-10T15:30:40+08:00 ] ::1 /kedo/index.php/Home/Login/checkedUser
INFO: [ app_begin ] --START--
INFO: Run Behavior\ReadHtmlCacheBehavior [ RunTime:0.000526s ]
INFO: [ app_begin ] --END-- [ RunTime:0.000932s ]
SQL: SHOW COLUMNS FROM `bu_user` [ RunTime:0.0021s ]
SQL: SELECT * FROM `bu_user` WHERE `username` = 'renlr@outlook.com' LIMIT 1   [ RunTime:0.0013s ]

[ 2016-11-10T15:30:49+08:00 ] ::1 /kedo/index.php/Home/Login/login
INFO: [ app_begin ] --START--
INFO: Run Behavior\ReadHtmlCacheBehavior [ RunTime:0.000361s ]
INFO: [ app_begin ] --END-- [ RunTime:0.000607s ]

[ 2016-11-10T15:31:06+08:00 ] ::1 /kedo/index.php/Home/Login/login
INFO: [ app_begin ] --START--
INFO: Run Behavior\ReadHtmlCacheBehavior [ RunTime:0.000260s ]
INFO: [ app_begin ] --END-- [ RunTime:0.000458s ]

[ 2016-11-10T15:31:08+08:00 ] ::1 /kedo/index.php/Home/Login/login
INFO: [ app_begin ] --START--
INFO: Run Behavior\ReadHtmlCacheBehavior [ RunTime:0.000260s ]
INFO: [ app_begin ] --END-- [ RunTime:0.000462s ]

[ 2016-11-10T15:31:11+08:00 ] ::1 /kedo/index.php/Home/Login/login
INFO: [ app_begin ] --START--
INFO: Run Behavior\ReadHtmlCacheBehavior [ RunTime:0.000259s ]
INFO: [ app_begin ] --END-- [ RunTime:0.000455s ]

[ 2016-11-10T15:31:13+08:00 ] ::1 /kedo/index.php/Home/Login/login
INFO: [ app_begin ] --START--
INFO: Run Behavior\ReadHtmlCacheBehavior [ RunTime:0.000260s ]
INFO: [ app_begin ] --END-- [ RunTime:0.000456s ]

[ 2016-11-10T15:31:13+08:00 ] ::1 /kedo/index.php/Home/Login/login
INFO: [ app_begin ] --START--
INFO: Run Behavior\ReadHtmlCacheBehavior [ RunTime:0.000281s ]
INFO: [ app_begin ] --END-- [ RunTime:0.000571s ]

[ 2016-11-10T15:31:13+08:00 ] ::1 /kedo/index.php/Home/Login/login
INFO: [ app_begin ] --START--
INFO: Run Behavior\ReadHtmlCacheBehavior [ RunTime:0.000260s ]
INFO: [ app_begin ] --END-- [ RunTime:0.000458s ]

[ 2016-11-10T15:31:13+08:00 ] ::1 /kedo/index.php/Home/Login/login
INFO: [ app_begin ] --START--
INFO: Run Behavior\ReadHtmlCacheBehavior [ RunTime:0.000260s ]
INFO: [ app_begin ] --END-- [ RunTime:0.000456s ]

[ 2016-11-10T15:31:14+08:00 ] ::1 /kedo/index.php/Home/Login/login
INFO: [ app_begin ] --START--
INFO: Run Behavior\ReadHtmlCacheBehavior [ RunTime:0.000261s ]
INFO: [ app_begin ] --END-- [ RunTime:0.000455s ]

[ 2016-11-10T15:31:15+08:00 ] ::1 /kedo/index.php/Home/Login/login
INFO: [ app_begin ] --START--
INFO: Run Behavior\ReadHtmlCacheBehavior [ RunTime:0.000263s ]
INFO: [ app_begin ] --END-- [ RunTime:0.000463s ]

[ 2016-11-10T15:31:40+08:00 ] ::1 /kedo/index.php/Home/Login/checkedUser
INFO: [ app_begin ] --START--
INFO: Run Behavior\ReadHtmlCacheBehavior [ RunTime:0.000555s ]
INFO: [ app_begin ] --END-- [ RunTime:0.001000s ]
SQL: SHOW COLUMNS FROM `bu_user` [ RunTime:0.0021s ]
SQL: SELECT * FROM `bu_user` WHERE `username` = 'renlr@outlook.com' LIMIT 1   [ RunTime:0.0011s ]

[ 2016-11-10T15:31:45+08:00 ] ::1 /kedo/index.php/Home/Login/login
INFO: [ app_begin ] --START--
INFO: Run Behavior\ReadHtmlCacheBehavior [ RunTime:0.000261s ]
INFO: [ app_begin ] --END-- [ RunTime:0.000465s ]
SQL: SHOW COLUMNS FROM `bu_user` [ RunTime:0.0021s ]
SQL: SELECT * FROM `bu_user` WHERE ( username='renlr@outlook.com' ) LIMIT 1   [ RunTime:0.0014s ]

[ 2016-11-10T15:31:51+08:00 ] ::1 /kedo/index.php/Home/Login/login
INFO: [ app_begin ] --START--
INFO: Run Behavior\ReadHtmlCacheBehavior [ RunTime:0.000264s ]
INFO: [ app_begin ] --END-- [ RunTime:0.000461s ]

[ 2016-11-10T15:31:56+08:00 ] ::1 /kedo/index.php/Home/Login/login
INFO: [ app_begin ] --START--
INFO: Run Behavior\ReadHtmlCacheBehavior [ RunTime:0.000264s ]
INFO: [ app_begin ] --END-- [ RunTime:0.000460s ]

[ 2016-11-10T15:32:01+08:00 ] ::1 /kedo/index.php/Home/Login/login
INFO: [ app_begin ] --START--
INFO: Run Behavior\ReadHtmlCacheBehavior [ RunTime:0.000260s ]
INFO: [ app_begin ] --END-- [ RunTime:0.000460s ]
SQL: SHOW COLUMNS FROM `bu_user` [ RunTime:0.0020s ]
SQL: SELECT * FROM `bu_user` WHERE ( username='renlr@outlook.com' ) LIMIT 1   [ RunTime:0.0015s ]

[ 2016-11-10T15:34:44+08:00 ] ::1 /kedo/index.php/Home/Login/login
INFO: [ app_begin ] --START--
INFO: Run Behavior\ReadHtmlCacheBehavior [ RunTime:0.000362s ]
INFO: [ app_begin ] --END-- [ RunTime:0.000597s ]

[ 2016-11-10T15:35:23+08:00 ] ::1 /kedo/index.php/Home/Login/checkedUser
INFO: [ app_begin ] --START--
INFO: Run Behavior\ReadHtmlCacheBehavior [ RunTime:0.000648s ]
INFO: [ app_begin ] --END-- [ RunTime:0.001056s ]
SQL: SHOW COLUMNS FROM `bu_user` [ RunTime:0.0020s ]
SQL: SELECT * FROM `bu_user` WHERE `username` = 'renlr@outlook.com' LIMIT 1   [ RunTime:0.0015s ]

[ 2016-11-10T15:35:25+08:00 ] ::1 /kedo/index.php/Home/Login/login
INFO: [ app_begin ] --START--
INFO: Run Behavior\ReadHtmlCacheBehavior [ RunTime:0.000263s ]
INFO: [ app_begin ] --END-- [ RunTime:0.000459s ]

[ 2016-11-10T15:36:02+08:00 ] ::1 /kedo/index.php/Home/Login/checkedUser
INFO: [ app_begin ] --START--
INFO: Run Behavior\ReadHtmlCacheBehavior [ RunTime:0.000349s ]
INFO: [ app_begin ] --END-- [ RunTime:0.000586s ]
SQL: SHOW COLUMNS FROM `bu_user` [ RunTime:0.0020s ]
SQL: SELECT * FROM `bu_user` WHERE `username` = 'renlr@outlook.com' LIMIT 1   [ RunTime:0.0014s ]

[ 2016-11-10T15:36:03+08:00 ] ::1 /kedo/index.php/Home/Login/login
INFO: [ app_begin ] --START--
INFO: Run Behavior\ReadHtmlCacheBehavior [ RunTime:0.000259s ]
INFO: [ app_begin ] --END-- [ RunTime:0.000463s ]

[ 2016-11-10T15:37:38+08:00 ] ::1 /kedo/index.php/Home/Login/checkedUser
INFO: [ app_begin ] --START--
INFO: Run Behavior\ReadHtmlCacheBehavior [ RunTime:0.000590s ]
INFO: [ app_begin ] --END-- [ RunTime:0.001060s ]
SQL: SHOW COLUMNS FROM `bu_user` [ RunTime:0.0022s ]
SQL: SELECT * FROM `bu_user` WHERE `username` = 'renlr@outlook.com' LIMIT 1   [ RunTime:0.0010s ]

[ 2016-11-10T15:37:47+08:00 ] ::1 /kedo/index.php/Home/Login/login
INFO: [ app_begin ] --START--
INFO: Run Behavior\ReadHtmlCacheBehavior [ RunTime:0.000364s ]
INFO: [ app_begin ] --END-- [ RunTime:0.000611s ]

[ 2016-11-10T16:07:27+08:00 ] ::1 /kedo/index.php/Home/Login/checkedUser
INFO: [ app_begin ] --START--
INFO: Run Behavior\ReadHtmlCacheBehavior [ RunTime:0.000704s ]
INFO: [ app_begin ] --END-- [ RunTime:0.001166s ]
SQL: SHOW COLUMNS FROM `bu_user` [ RunTime:0.0020s ]
SQL: SELECT * FROM `bu_user` WHERE `username` = 'abzqa1997zw@163.com' LIMIT 1   [ RunTime:0.0034s ]

[ 2016-11-10T16:07:40+08:00 ] ::1 /kedo/index.php/Home/Login/login
INFO: [ app_begin ] --START--
INFO: Run Behavior\ReadHtmlCacheBehavior [ RunTime:0.000258s ]
INFO: [ app_begin ] --END-- [ RunTime:0.000454s ]

[ 2016-11-10T16:07:57+08:00 ] ::1 /kedo/index.php/Home/Login/login
INFO: [ app_begin ] --START--
INFO: Run Behavior\ReadHtmlCacheBehavior [ RunTime:0.000258s ]
INFO: [ app_begin ] --END-- [ RunTime:0.000455s ]
SQL: SHOW COLUMNS FROM `bu_user` [ RunTime:0.0022s ]
SQL: SELECT * FROM `bu_user` WHERE ( username='abzqa1997zw@163.com' ) LIMIT 1   [ RunTime:0.0036s ]

[ 2016-11-10T16:14:07+08:00 ] ::1 /kedo/index.php/Home/Login/login
INFO: [ app_begin ] --START--
INFO: Run Behavior\ReadHtmlCacheBehavior [ RunTime:0.000366s ]
INFO: [ app_begin ] --END-- [ RunTime:0.000601s ]
NOTIC: [8] A session had already been started - ignoring session_start() E:\xampp\htdocs\kedo\APP\Home\Controller\LoginController.class.php 第 48 行.
SQL: SHOW COLUMNS FROM `bu_user` [ RunTime:0.0019s ]
SQL: SELECT * FROM `bu_user` WHERE ( username='abzqa1997zw@163.com' ) LIMIT 1   [ RunTime:0.0012s ]
NOTIC: [8] Undefined index: userId E:\xampp\htdocs\kedo\APP\Home\Controller\LoginController.class.php 第 77 行.

[ 2016-11-10T16:18:07+08:00 ] ::1 /kedo/index.php/Home/Login/checkedUser
INFO: [ app_begin ] --START--
INFO: Run Behavior\ReadHtmlCacheBehavior [ RunTime:0.000470s ]
INFO: [ app_begin ] --END-- [ RunTime:0.000812s ]
SQL: SHOW COLUMNS FROM `bu_user` [ RunTime:0.0018s ]
SQL: SELECT * FROM `bu_user` WHERE `username` = 'ab' LIMIT 1   [ RunTime:0.0128s ]

[ 2016-11-10T16:18:14+08:00 ] ::1 /kedo/index.php/Home/Login/checkedUser
INFO: [ app_begin ] --START--
INFO: Run Behavior\ReadHtmlCacheBehavior [ RunTime:0.000708s ]
INFO: [ app_begin ] --END-- [ RunTime:0.001251s ]
SQL: SHOW COLUMNS FROM `bu_user` [ RunTime:0.0020s ]
SQL: SELECT * FROM `bu_user` WHERE `username` = 'abzqa1997zw@163.com' LIMIT 1   [ RunTime:0.0012s ]

[ 2016-11-10T16:18:26+08:00 ] ::1 /kedo/index.php/Home/Login/login
INFO: [ app_begin ] --START--
INFO: Run Behavior\ReadHtmlCacheBehavior [ RunTime:0.000272s ]
INFO: [ app_begin ] --END-- [ RunTime:0.000491s ]
NOTIC: [8] A session had already been started - ignoring session_start() E:\xampp\htdocs\kedo\APP\Home\Controller\LoginController.class.php 第 48 行.

[ 2016-11-10T16:18:40+08:00 ] ::1 /kedo/index.php/Home/Login/login
INFO: [ app_begin ] --START--
INFO: Run Behavior\ReadHtmlCacheBehavior [ RunTime:0.000269s ]
INFO: [ app_begin ] --END-- [ RunTime:0.000476s ]
NOTIC: [8] A session had already been started - ignoring session_start() E:\xampp\htdocs\kedo\APP\Home\Controller\LoginController.class.php 第 48 行.
SQL: SHOW COLUMNS FROM `bu_user` [ RunTime:0.0017s ]
SQL: SELECT * FROM `bu_user` WHERE ( username='abzqa1997zw@163.com' ) LIMIT 1   [ RunTime:0.0013s ]
NOTIC: [8] Undefined index: userId E:\xampp\htdocs\kedo\APP\Home\Controller\LoginController.class.php 第 77 行.

[ 2016-11-10T16:18:42+08:00 ] ::1 /kedo/index.php/Home/Login/login
INFO: [ app_begin ] --START--
INFO: Run Behavior\ReadHtmlCacheBehavior [ RunTime:0.000261s ]
INFO: [ app_begin ] --END-- [ RunTime:0.000456s ]
NOTIC: [8] A session had already been started - ignoring session_start() E:\xampp\htdocs\kedo\APP\Home\Controller\LoginController.class.php 第 48 行.
SQL: SHOW COLUMNS FROM `bu_user` [ RunTime:0.0021s ]
SQL: SELECT * FROM `bu_user` WHERE ( username='abzqa1997zw@163.com' ) LIMIT 1   [ RunTime:0.0014s ]
NOTIC: [8] Undefined index: userId E:\xampp\htdocs\kedo\APP\Home\Controller\LoginController.class.php 第 77 行.

[ 2016-11-10T16:18:44+08:00 ] ::1 /kedo/index.php/Home/Login/login
INFO: [ app_begin ] --START--
INFO: Run Behavior\ReadHtmlCacheBehavior [ RunTime:0.000263s ]
INFO: [ app_begin ] --END-- [ RunTime:0.000460s ]
NOTIC: [8] A session had already been started - ignoring session_start() E:\xampp\htdocs\kedo\APP\Home\Controller\LoginController.class.php 第 48 行.
SQL: SHOW COLUMNS FROM `bu_user` [ RunTime:0.0022s ]
SQL: SELECT * FROM `bu_user` WHERE ( username='abzqa1997zw@163.com' ) LIMIT 1   [ RunTime:0.0011s ]
NOTIC: [8] Undefined index: userId E:\xampp\htdocs\kedo\APP\Home\Controller\LoginController.class.php 第 77 行.

[ 2016-11-10T16:18:45+08:00 ] ::1 /kedo/index.php/Home/Login/login
INFO: [ app_begin ] --START--
INFO: Run Behavior\ReadHtmlCacheBehavior [ RunTime:0.000267s ]
INFO: [ app_begin ] --END-- [ RunTime:0.000465s ]
NOTIC: [8] A session had already been started - ignoring session_start() E:\xampp\htdocs\kedo\APP\Home\Controller\LoginController.class.php 第 48 行.
SQL: SHOW COLUMNS FROM `bu_user` [ RunTime:0.0018s ]
SQL: SELECT * FROM `bu_user` WHERE ( username='abzqa1997zw@163.com' ) LIMIT 1   [ RunTime:0.0011s ]
NOTIC: [8] Undefined index: userId E:\xampp\htdocs\kedo\APP\Home\Controller\LoginController.class.php 第 77 行.

[ 2016-11-10T16:18:45+08:00 ] ::1 /kedo/index.php/Home/Login/login
INFO: [ app_begin ] --START--
INFO: Run Behavior\ReadHtmlCacheBehavior [ RunTime:0.000280s ]
INFO: [ app_begin ] --END-- [ RunTime:0.000499s ]
NOTIC: [8] A session had already been started - ignoring session_start() E:\xampp\htdocs\kedo\APP\Home\Controller\LoginController.class.php 第 48 行.
SQL: SHOW COLUMNS FROM `bu_user` [ RunTime:0.0019s ]
SQL: SELECT * FROM `bu_user` WHERE ( username='abzqa1997zw@163.com' ) LIMIT 1   [ RunTime:0.0013s ]
NOTIC: [8] Undefined index: userId E:\xampp\htdocs\kedo\APP\Home\Controller\LoginController.class.php 第 77 行.

[ 2016-11-10T16:18:45+08:00 ] ::1 /kedo/index.php/Home/Login/login
INFO: [ app_begin ] --START--
INFO: Run Behavior\ReadHtmlCacheBehavior [ RunTime:0.000271s ]
INFO: [ app_begin ] --END-- [ RunTime:0.000495s ]
NOTIC: [8] A session had already been started - ignoring session_start() E:\xampp\htdocs\kedo\APP\Home\Controller\LoginController.class.php 第 48 行.
SQL: SHOW COLUMNS FROM `bu_user` [ RunTime:0.0024s ]
SQL: SELECT * FROM `bu_user` WHERE ( username='abzqa1997zw@163.com' ) LIMIT 1   [ RunTime:0.0045s ]
NOTIC: [8] Undefined index: userId E:\xampp\htdocs\kedo\APP\Home\Controller\LoginController.class.php 第 77 行.

[ 2016-11-10T16:18:46+08:00 ] ::1 /kedo/index.php/Home/Login/login
INFO: [ app_begin ] --START--
INFO: Run Behavior\ReadHtmlCacheBehavior [ RunTime:0.000314s ]
INFO: [ app_begin ] --END-- [ RunTime:0.000541s ]
NOTIC: [8] A session had already been started - ignoring session_start() E:\xampp\htdocs\kedo\APP\Home\Controller\LoginController.class.php 第 48 行.
SQL: SHOW COLUMNS FROM `bu_user` [ RunTime:0.0020s ]
SQL: SELECT * FROM `bu_user` WHERE ( username='abzqa1997zw@163.com' ) LIMIT 1   [ RunTime:0.0012s ]
NOTIC: [8] Undefined index: userId E:\xampp\htdocs\kedo\APP\Home\Controller\LoginController.class.php 第 77 行.

[ 2016-11-10T16:18:46+08:00 ] ::1 /kedo/index.php/Home/Login/login
INFO: [ app_begin ] --START--
INFO: Run Behavior\ReadHtmlCacheBehavior [ RunTime:0.000259s ]
INFO: [ app_begin ] --END-- [ RunTime:0.000455s ]
NOTIC: [8] A session had already been started - ignoring session_start() E:\xampp\htdocs\kedo\APP\Home\Controller\LoginController.class.php 第 48 行.
SQL: SHOW COLUMNS FROM `bu_user` [ RunTime:0.0018s ]
SQL: SELECT * FROM `bu_user` WHERE ( username='abzqa1997zw@163.com' ) LIMIT 1   [ RunTime:0.0010s ]
NOTIC: [8] Undefined index: userId E:\xampp\htdocs\kedo\APP\Home\Controller\LoginController.class.php 第 77 行.

[ 2016-11-10T16:18:47+08:00 ] ::1 /kedo/index.php/Home/Login/login
INFO: [ app_begin ] --START--
INFO: Run Behavior\ReadHtmlCacheBehavior [ RunTime:0.000276s ]
INFO: [ app_begin ] --END-- [ RunTime:0.000498s ]
NOTIC: [8] A session had already been started - ignoring session_start() E:\xampp\htdocs\kedo\APP\Home\Controller\LoginController.class.php 第 48 行.
SQL: SHOW COLUMNS FROM `bu_user` [ RunTime:0.0019s ]
SQL: SELECT * FROM `bu_user` WHERE ( username='abzqa1997zw@163.com' ) LIMIT 1   [ RunTime:0.0011s ]
NOTIC: [8] Undefined index: userId E:\xampp\htdocs\kedo\APP\Home\Controller\LoginController.class.php 第 77 行.

[ 2016-11-10T16:18:47+08:00 ] ::1 /kedo/index.php/Home/Login/login
INFO: [ app_begin ] --START--
INFO: Run Behavior\ReadHtmlCacheBehavior [ RunTime:0.000260s ]
INFO: [ app_begin ] --END-- [ RunTime:0.000460s ]
NOTIC: [8] A session had already been started - ignoring session_start() E:\xampp\htdocs\kedo\APP\Home\Controller\LoginController.class.php 第 48 行.
SQL: SHOW COLUMNS FROM `bu_user` [ RunTime:0.0018s ]
SQL: SELECT * FROM `bu_user` WHERE ( username='abzqa1997zw@163.com' ) LIMIT 1   [ RunTime:0.0012s ]
NOTIC: [8] Undefined index: userId E:\xampp\htdocs\kedo\APP\Home\Controller\LoginController.class.php 第 77 行.

[ 2016-11-10T16:18:47+08:00 ] ::1 /kedo/index.php/Home/Login/login
INFO: [ app_begin ] --START--
INFO: Run Behavior\ReadHtmlCacheBehavior [ RunTime:0.000288s ]
INFO: [ app_begin ] --END-- [ RunTime:0.000503s ]
NOTIC: [8] A session had already been started - ignoring session_start() E:\xampp\htdocs\kedo\APP\Home\Controller\LoginController.class.php 第 48 行.
SQL: SHOW COLUMNS FROM `bu_user` [ RunTime:0.0023s ]
SQL: SELECT * FROM `bu_user` WHERE ( username='abzqa1997zw@163.com' ) LIMIT 1   [ RunTime:0.0012s ]
NOTIC: [8] Undefined index: userId E:\xampp\htdocs\kedo\APP\Home\Controller\LoginController.class.php 第 77 行.

[ 2016-11-10T16:18:47+08:00 ] ::1 /kedo/index.php/Home/Login/login
INFO: [ app_begin ] --START--
INFO: Run Behavior\ReadHtmlCacheBehavior [ RunTime:0.000261s ]
INFO: [ app_begin ] --END-- [ RunTime:0.000458s ]
NOTIC: [8] A session had already been started - ignoring session_start() E:\xampp\htdocs\kedo\APP\Home\Controller\LoginController.class.php 第 48 行.
SQL: SHOW COLUMNS FROM `bu_user` [ RunTime:0.0018s ]
SQL: SELECT * FROM `bu_user` WHERE ( username='abzqa1997zw@163.com' ) LIMIT 1   [ RunTime:0.0013s ]
NOTIC: [8] Undefined index: userId E:\xampp\htdocs\kedo\APP\Home\Controller\LoginController.class.php 第 77 行.

[ 2016-11-10T16:18:55+08:00 ] ::1 /kedo/index.php/Home/Login/login
INFO: [ app_begin ] --START--
INFO: Run Behavior\ReadHtmlCacheBehavior [ RunTime:0.000267s ]
INFO: [ app_begin ] --END-- [ RunTime:0.000473s ]
NOTIC: [8] A session had already been started - ignoring session_start() E:\xampp\htdocs\kedo\APP\Home\Controller\LoginController.class.php 第 48 行.
SQL: SHOW COLUMNS FROM `bu_user` [ RunTime:0.0018s ]
SQL: SELECT * FROM `bu_user` WHERE ( username='abzqa1997zw@163.com' ) LIMIT 1   [ RunTime:0.0014s ]
NOTIC: [8] Undefined index: userId E:\xampp\htdocs\kedo\APP\Home\Controller\LoginController.class.php 第 77 行.

[ 2016-11-10T16:18:57+08:00 ] ::1 /kedo/index.php/Home/Login/login
INFO: [ app_begin ] --START--
INFO: Run Behavior\ReadHtmlCacheBehavior [ RunTime:0.000267s ]
INFO: [ app_begin ] --END-- [ RunTime:0.000485s ]
NOTIC: [8] A session had already been started - ignoring session_start() E:\xampp\htdocs\kedo\APP\Home\Controller\LoginController.class.php 第 48 行.
SQL: SHOW COLUMNS FROM `bu_user` [ RunTime:0.0282s ]
SQL: SELECT * FROM `bu_user` WHERE ( username='abzqa1997zw@163.com' ) LIMIT 1   [ RunTime:0.0010s ]
NOTIC: [8] Undefined index: userId E:\xampp\htdocs\kedo\APP\Home\Controller\LoginController.class.php 第 77 行.

[ 2016-11-10T16:18:58+08:00 ] ::1 /kedo/index.php/Home/Login/login
INFO: [ app_begin ] --START--
INFO: Run Behavior\ReadHtmlCacheBehavior [ RunTime:0.000263s ]
INFO: [ app_begin ] --END-- [ RunTime:0.000475s ]
NOTIC: [8] A session had already been started - ignoring session_start() E:\xampp\htdocs\kedo\APP\Home\Controller\LoginController.class.php 第 48 行.
SQL: SHOW COLUMNS FROM `bu_user` [ RunTime:0.0018s ]
SQL: SELECT * FROM `bu_user` WHERE ( username='abzqa1997zw@163.com' ) LIMIT 1   [ RunTime:0.0011s ]
NOTIC: [8] Undefined index: userId E:\xampp\htdocs\kedo\APP\Home\Controller\LoginController.class.php 第 77 行.

[ 2016-11-10T16:19:01+08:00 ] ::1 /kedo/index.php/Home/Login/login
INFO: [ app_begin ] --START--
INFO: Run Behavior\ReadHtmlCacheBehavior [ RunTime:0.000279s ]
INFO: [ app_begin ] --END-- [ RunTime:0.000486s ]
NOTIC: [8] A session had already been started - ignoring session_start() E:\xampp\htdocs\kedo\APP\Home\Controller\LoginController.class.php 第 48 行.
SQL: SHOW COLUMNS FROM `bu_user` [ RunTime:0.0270s ]
SQL: SELECT * FROM `bu_user` WHERE ( username='abzqa1997zw@163.com' ) LIMIT 1   [ RunTime:0.0012s ]
NOTIC: [8] Undefined index: userId E:\xampp\htdocs\kedo\APP\Home\Controller\LoginController.class.php 第 77 行.

[ 2016-11-10T16:19:06+08:00 ] ::1 /kedo/index.php/Home/Login/checkedUser
INFO: [ app_begin ] --START--
INFO: Run Behavior\ReadHtmlCacheBehavior [ RunTime:0.000512s ]
INFO: [ app_begin ] --END-- [ RunTime:0.000902s ]
SQL: SHOW COLUMNS FROM `bu_user` [ RunTime:0.0024s ]
SQL: SELECT * FROM `bu_user` WHERE `username` = 'abzqa1997zw@163.com' LIMIT 1   [ RunTime:0.0012s ]

[ 2016-11-10T16:19:20+08:00 ] ::1 /kedo/index.php/Home/Login/login
INFO: [ app_begin ] --START--
INFO: Run Behavior\ReadHtmlCacheBehavior [ RunTime:0.000289s ]
INFO: [ app_begin ] --END-- [ RunTime:0.000591s ]
NOTIC: [8] A session had already been started - ignoring session_start() E:\xampp\htdocs\kedo\APP\Home\Controller\LoginController.class.php 第 48 行.

[ 2016-11-10T16:19:26+08:00 ] ::1 /kedo/index.php/Home/Login/login
INFO: [ app_begin ] --START--
INFO: Run Behavior\ReadHtmlCacheBehavior [ RunTime:0.000282s ]
INFO: [ app_begin ] --END-- [ RunTime:0.000490s ]
NOTIC: [8] A session had already been started - ignoring session_start() E:\xampp\htdocs\kedo\APP\Home\Controller\LoginController.class.php 第 48 行.
SQL: SHOW COLUMNS FROM `bu_user` [ RunTime:0.0019s ]
SQL: SELECT * FROM `bu_user` WHERE ( username='abzqa1997zw@163.com' ) LIMIT 1   [ RunTime:0.0012s ]
NOTIC: [8] Undefined index: userId E:\xampp\htdocs\kedo\APP\Home\Controller\LoginController.class.php 第 77 行.

[ 2016-11-10T16:19:28+08:00 ] ::1 /kedo/index.php/Home/Login/login
INFO: [ app_begin ] --START--
INFO: Run Behavior\ReadHtmlCacheBehavior [ RunTime:0.000263s ]
INFO: [ app_begin ] --END-- [ RunTime:0.000459s ]
NOTIC: [8] A session had already been started - ignoring session_start() E:\xampp\htdocs\kedo\APP\Home\Controller\LoginController.class.php 第 48 行.
SQL: SHOW COLUMNS FROM `bu_user` [ RunTime:0.0019s ]
SQL: SELECT * FROM `bu_user` WHERE ( username='abzqa1997zw@163.com' ) LIMIT 1   [ RunTime:0.0013s ]
NOTIC: [8] Undefined index: userId E:\xampp\htdocs\kedo\APP\Home\Controller\LoginController.class.php 第 77 行.

[ 2016-11-10T16:20:16+08:00 ] ::1 /kedo/index.php/Home/Login/login
INFO: [ app_begin ] --START--
INFO: Run Behavior\ReadHtmlCacheBehavior [ RunTime:0.000262s ]
INFO: [ app_begin ] --END-- [ RunTime:0.000476s ]
NOTIC: [8] A session had already been started - ignoring session_start() E:\xampp\htdocs\kedo\APP\Home\Controller\LoginController.class.php 第 48 行.
SQL: SHOW COLUMNS FROM `bu_user` [ RunTime:0.0021s ]
SQL: SELECT * FROM `bu_user` WHERE ( username='abzqa1997zw@163.com' ) LIMIT 1   [ RunTime:0.0012s ]
NOTIC: [8] Undefined index: userId E:\xampp\htdocs\kedo\APP\Home\Controller\LoginController.class.php 第 77 行.

[ 2016-11-10T16:20:21+08:00 ] ::1 /kedo/index.php/Home/Login/checkedUser
INFO: [ app_begin ] --START--
INFO: Run Behavior\ReadHtmlCacheBehavior [ RunTime:0.000593s ]
INFO: [ app_begin ] --END-- [ RunTime:0.000992s ]
SQL: SHOW COLUMNS FROM `bu_user` [ RunTime:0.0019s ]
SQL: SELECT * FROM `bu_user` WHERE `username` = 'abzqa1997zw@163.com' LIMIT 1   [ RunTime:0.0012s ]

[ 2016-11-10T16:20:32+08:00 ] ::1 /kedo/index.php/Home/Login/login
INFO: [ app_begin ] --START--
INFO: Run Behavior\ReadHtmlCacheBehavior [ RunTime:0.000269s ]
INFO: [ app_begin ] --END-- [ RunTime:0.000495s ]
NOTIC: [8] A session had already been started - ignoring session_start() E:\xampp\htdocs\kedo\APP\Home\Controller\LoginController.class.php 第 48 行.
SQL: SHOW COLUMNS FROM `bu_user` [ RunTime:0.0019s ]
SQL: SELECT * FROM `bu_user` WHERE ( username='abzqa1997zw@163.com' ) LIMIT 1   [ RunTime:0.0011s ]
NOTIC: [8] Undefined index: userId E:\xampp\htdocs\kedo\APP\Home\Controller\LoginController.class.php 第 77 行.

[ 2016-11-10T16:20:33+08:00 ] ::1 /kedo/index.php/Home/Login/login
INFO: [ app_begin ] --START--
INFO: Run Behavior\ReadHtmlCacheBehavior [ RunTime:0.000269s ]
INFO: [ app_begin ] --END-- [ RunTime:0.000482s ]
NOTIC: [8] A session had already been started - ignoring session_start() E:\xampp\htdocs\kedo\APP\Home\Controller\LoginController.class.php 第 48 行.
SQL: SHOW COLUMNS FROM `bu_user` [ RunTime:0.0017s ]
SQL: SELECT * FROM `bu_user` WHERE ( username='abzqa1997zw@163.com' ) LIMIT 1   [ RunTime:0.0011s ]
NOTIC: [8] Undefined index: userId E:\xampp\htdocs\kedo\APP\Home\Controller\LoginController.class.php 第 77 行.

[ 2016-11-10T16:20:34+08:00 ] ::1 /kedo/index.php/Home/Login/login
INFO: [ app_begin ] --START--
INFO: Run Behavior\ReadHtmlCacheBehavior [ RunTime:0.000269s ]
INFO: [ app_begin ] --END-- [ RunTime:0.000469s ]
NOTIC: [8] A session had already been started - ignoring session_start() E:\xampp\htdocs\kedo\APP\Home\Controller\LoginController.class.php 第 48 行.
SQL: SHOW COLUMNS FROM `bu_user` [ RunTime:0.0017s ]
SQL: SELECT * FROM `bu_user` WHERE ( username='abzqa1997zw@163.com' ) LIMIT 1   [ RunTime:0.0012s ]
NOTIC: [8] Undefined index: userId E:\xampp\htdocs\kedo\APP\Home\Controller\LoginController.class.php 第 77 行.

[ 2016-11-10T16:20:37+08:00 ] ::1 /kedo/index.php/Home/Login/login
INFO: [ app_begin ] --START--
INFO: Run Behavior\ReadHtmlCacheBehavior [ RunTime:0.000287s ]
INFO: [ app_begin ] --END-- [ RunTime:0.000493s ]
NOTIC: [8] A session had already been started - ignoring session_start() E:\xampp\htdocs\kedo\APP\Home\Controller\LoginController.class.php 第 48 行.
SQL: SHOW COLUMNS FROM `bu_user` [ RunTime:0.0021s ]
SQL: SELECT * FROM `bu_user` WHERE ( username='abzqa1997zw@163.com' ) LIMIT 1   [ RunTime:0.0011s ]
NOTIC: [8] Undefined index: userId E:\xampp\htdocs\kedo\APP\Home\Controller\LoginController.class.php 第 77 行.

[ 2016-11-10T16:20:38+08:00 ] ::1 /kedo/index.php/Home/Login/login
INFO: [ app_begin ] --START--
INFO: Run Behavior\ReadHtmlCacheBehavior [ RunTime:0.000263s ]
INFO: [ app_begin ] --END-- [ RunTime:0.000465s ]
NOTIC: [8] A session had already been started - ignoring session_start() E:\xampp\htdocs\kedo\APP\Home\Controller\LoginController.class.php 第 48 行.
SQL: SHOW COLUMNS FROM `bu_user` [ RunTime:0.0017s ]
SQL: SELECT * FROM `bu_user` WHERE ( username='abzqa1997zw@163.com' ) LIMIT 1   [ RunTime:0.0010s ]
NOTIC: [8] Undefined index: userId E:\xampp\htdocs\kedo\APP\Home\Controller\LoginController.class.php 第 77 行.

[ 2016-11-10T16:20:38+08:00 ] ::1 /kedo/index.php/Home/Login/login
INFO: [ app_begin ] --START--
INFO: Run Behavior\ReadHtmlCacheBehavior [ RunTime:0.000377s ]
INFO: [ app_begin ] --END-- [ RunTime:0.000639s ]
NOTIC: [8] A session had already been started - ignoring session_start() E:\xampp\htdocs\kedo\APP\Home\Controller\LoginController.class.php 第 48 行.
SQL: SHOW COLUMNS FROM `bu_user` [ RunTime:0.0018s ]
SQL: SELECT * FROM `bu_user` WHERE ( username='abzqa1997zw@163.com' ) LIMIT 1   [ RunTime:0.0013s ]
NOTIC: [8] Undefined index: userId E:\xampp\htdocs\kedo\APP\Home\Controller\LoginController.class.php 第 77 行.

[ 2016-11-10T16:20:38+08:00 ] ::1 /kedo/index.php/Home/Login/login
INFO: [ app_begin ] --START--
INFO: Run Behavior\ReadHtmlCacheBehavior [ RunTime:0.000261s ]
INFO: [ app_begin ] --END-- [ RunTime:0.000467s ]
NOTIC: [8] A session had already been started - ignoring session_start() E:\xampp\htdocs\kedo\APP\Home\Controller\LoginController.class.php 第 48 行.
SQL: SHOW COLUMNS FROM `bu_user` [ RunTime:0.0018s ]
SQL: SELECT * FROM `bu_user` WHERE ( username='abzqa1997zw@163.com' ) LIMIT 1   [ RunTime:0.0013s ]
NOTIC: [8] Undefined index: userId E:\xampp\htdocs\kedo\APP\Home\Controller\LoginController.class.php 第 77 行.

[ 2016-11-10T16:20:38+08:00 ] ::1 /kedo/index.php/Home/Login/login
INFO: [ app_begin ] --START--
INFO: Run Behavior\ReadHtmlCacheBehavior [ RunTime:0.000266s ]
INFO: [ app_begin ] --END-- [ RunTime:0.000467s ]
NOTIC: [8] A session had already been started - ignoring session_start() E:\xampp\htdocs\kedo\APP\Home\Controller\LoginController.class.php 第 48 行.
SQL: SHOW COLUMNS FROM `bu_user` [ RunTime:0.0019s ]
SQL: SELECT * FROM `bu_user` WHERE ( username='abzqa1997zw@163.com' ) LIMIT 1   [ RunTime:0.0016s ]
NOTIC: [8] Undefined index: userId E:\xampp\htdocs\kedo\APP\Home\Controller\LoginController.class.php 第 77 行.

[ 2016-11-10T16:20:42+08:00 ] ::1 /kedo/index.php/Home/Login/login
INFO: [ app_begin ] --START--
INFO: Run Behavior\ReadHtmlCacheBehavior [ RunTime:0.000263s ]
INFO: [ app_begin ] --END-- [ RunTime:0.000468s ]
NOTIC: [8] A session had already been started - ignoring session_start() E:\xampp\htdocs\kedo\APP\Home\Controller\LoginController.class.php 第 48 行.
SQL: SHOW COLUMNS FROM `bu_user` [ RunTime:0.0021s ]
SQL: SELECT * FROM `bu_user` WHERE ( username='abzqa1997zw@163.com' ) LIMIT 1   [ RunTime:0.0012s ]
NOTIC: [8] Undefined index: userId E:\xampp\htdocs\kedo\APP\Home\Controller\LoginController.class.php 第 77 行.

[ 2016-11-10T16:20:43+08:00 ] ::1 /kedo/index.php/Home/Login/login
INFO: [ app_begin ] --START--
INFO: Run Behavior\ReadHtmlCacheBehavior [ RunTime:0.000435s ]
INFO: [ app_begin ] --END-- [ RunTime:0.000774s ]
NOTIC: [8] A session had already been started - ignoring session_start() E:\xampp\htdocs\kedo\APP\Home\Controller\LoginController.class.php 第 48 行.
SQL: SHOW COLUMNS FROM `bu_user` [ RunTime:0.0019s ]
SQL: SELECT * FROM `bu_user` WHERE ( username='abzqa1997zw@163.com' ) LIMIT 1   [ RunTime:0.0015s ]
NOTIC: [8] Undefined index: userId E:\xampp\htdocs\kedo\APP\Home\Controller\LoginController.class.php 第 77 行.

[ 2016-11-10T16:20:57+08:00 ] ::1 /kedo/index.php/Home/Login/login
INFO: [ app_begin ] --START--
INFO: Run Behavior\ReadHtmlCacheBehavior [ RunTime:0.000278s ]
INFO: [ app_begin ] --END-- [ RunTime:0.000482s ]
NOTIC: [8] A session had already been started - ignoring session_start() E:\xampp\htdocs\kedo\APP\Home\Controller\LoginController.class.php 第 48 行.
SQL: SHOW COLUMNS FROM `bu_user` [ RunTime:0.0248s ]
SQL: SELECT * FROM `bu_user` WHERE ( username='abzqa1997zw@163.com' ) LIMIT 1   [ RunTime:0.0012s ]
NOTIC: [8] Undefined index: userId E:\xampp\htdocs\kedo\APP\Home\Controller\LoginController.class.php 第 77 行.

[ 2016-11-10T16:20:59+08:00 ] ::1 /kedo/index.php/Home/Login/login
INFO: [ app_begin ] --START--
INFO: Run Behavior\ReadHtmlCacheBehavior [ RunTime:0.000267s ]
INFO: [ app_begin ] --END-- [ RunTime:0.000467s ]
NOTIC: [8] A session had already been started - ignoring session_start() E:\xampp\htdocs\kedo\APP\Home\Controller\LoginController.class.php 第 48 行.
SQL: SHOW COLUMNS FROM `bu_user` [ RunTime:0.0018s ]
SQL: SELECT * FROM `bu_user` WHERE ( username='abzqa1997zw@163.com' ) LIMIT 1   [ RunTime:0.0013s ]
NOTIC: [8] Undefined index: userId E:\xampp\htdocs\kedo\APP\Home\Controller\LoginController.class.php 第 77 行.

[ 2016-11-10T16:21:26+08:00 ] ::1 /kedo/index.php/Home/Login/login
INFO: [ app_begin ] --START--
INFO: Run Behavior\ReadHtmlCacheBehavior [ RunTime:0.000550s ]
INFO: [ app_begin ] --END-- [ RunTime:0.001005s ]
SQL: SHOW COLUMNS FROM `bu_user` [ RunTime:0.0022s ]
SQL: SELECT * FROM `bu_user` WHERE ( username='abzqa1997zw@163.com' ) LIMIT 1   [ RunTime:0.0012s ]
NOTIC: [8] Undefined index: userId E:\xampp\htdocs\kedo\APP\Home\Controller\LoginController.class.php 第 77 行.

[ 2016-11-10T16:21:31+08:00 ] ::1 /kedo/index.php/Home/Login/login
INFO: [ app_begin ] --START--
INFO: Run Behavior\ReadHtmlCacheBehavior [ RunTime:0.000308s ]
INFO: [ app_begin ] --END-- [ RunTime:0.000550s ]
SQL: SHOW COLUMNS FROM `bu_user` [ RunTime:0.0019s ]
SQL: SELECT * FROM `bu_user` WHERE ( username='abzqa1997zw@163.com' ) LIMIT 1   [ RunTime:0.0011s ]
NOTIC: [8] Undefined index: userId E:\xampp\htdocs\kedo\APP\Home\Controller\LoginController.class.php 第 77 行.

[ 2016-11-10T16:21:36+08:00 ] ::1 /kedo/index.php/Home/Login/checkedUser
INFO: [ app_begin ] --START--
INFO: Run Behavior\ReadHtmlCacheBehavior [ RunTime:0.000565s ]
INFO: [ app_begin ] --END-- [ RunTime:0.000994s ]
SQL: SHOW COLUMNS FROM `bu_user` [ RunTime:0.0027s ]
SQL: SELECT * FROM `bu_user` WHERE `username` = 'abzqa1997zw@163.com' LIMIT 1   [ RunTime:0.0011s ]

[ 2016-11-10T16:21:48+08:00 ] ::1 /kedo/index.php/Home/Login/login
INFO: [ app_begin ] --START--
INFO: Run Behavior\ReadHtmlCacheBehavior [ RunTime:0.000277s ]
INFO: [ app_begin ] --END-- [ RunTime:0.000491s ]

[ 2016-11-10T16:21:59+08:00 ] ::1 /kedo/index.php/Home/Login/login
INFO: [ app_begin ] --START--
INFO: Run Behavior\ReadHtmlCacheBehavior [ RunTime:0.000264s ]
INFO: [ app_begin ] --END-- [ RunTime:0.000470s ]
SQL: SHOW COLUMNS FROM `bu_user` [ RunTime:0.0018s ]
SQL: SELECT * FROM `bu_user` WHERE ( username='abzqa1997zw@163.com' ) LIMIT 1   [ RunTime:0.0011s ]
NOTIC: [8] Undefined index: userId E:\xampp\htdocs\kedo\APP\Home\Controller\LoginController.class.php 第 77 行.

[ 2016-11-10T16:22:03+08:00 ] ::1 /kedo/index.php/Home/Login/login
INFO: [ app_begin ] --START--
INFO: Run Behavior\ReadHtmlCacheBehavior [ RunTime:0.000266s ]
INFO: [ app_begin ] --END-- [ RunTime:0.000484s ]
SQL: SHOW COLUMNS FROM `bu_user` [ RunTime:0.0023s ]
SQL: SELECT * FROM `bu_user` WHERE ( username='abzqa1997zw@163.com' ) LIMIT 1   [ RunTime:0.0013s ]
NOTIC: [8] Undefined index: userId E:\xampp\htdocs\kedo\APP\Home\Controller\LoginController.class.php 第 77 行.

[ 2016-11-10T16:22:27+08:00 ] ::1 /kedo/index.php/Home/Login/login
INFO: [ app_begin ] --START--
INFO: Run Behavior\ReadHtmlCacheBehavior [ RunTime:0.000315s ]
INFO: [ app_begin ] --END-- [ RunTime:0.000532s ]
SQL: SHOW COLUMNS FROM `bu_user` [ RunTime:0.0022s ]
SQL: SELECT * FROM `bu_user` WHERE ( username='abzqa1997zw@163.com' ) LIMIT 1   [ RunTime:0.0014s ]

[ 2016-11-10T16:23:32+08:00 ] ::1 /kedo/index.php/Home/Login/login
INFO: [ app_begin ] --START--
INFO: Run Behavior\ReadHtmlCacheBehavior [ RunTime:0.000263s ]
INFO: [ app_begin ] --END-- [ RunTime:0.000471s ]
SQL: SHOW COLUMNS FROM `bu_user` [ RunTime:0.0022s ]
SQL: SELECT * FROM `bu_user` WHERE ( username='abzqa1997zw@163.com' ) LIMIT 1   [ RunTime:0.0030s ]

[ 2016-11-10T16:23:34+08:00 ] ::1 /kedo/index.php/Home/Login/login
INFO: [ app_begin ] --START--
INFO: Run Behavior\ReadHtmlCacheBehavior [ RunTime:0.000466s ]
INFO: [ app_begin ] --END-- [ RunTime:0.000865s ]
SQL: SHOW COLUMNS FROM `bu_user` [ RunTime:0.0019s ]
SQL: SELECT * FROM `bu_user` WHERE ( username='abzqa1997zw@163.com' ) LIMIT 1   [ RunTime:0.0011s ]

[ 2016-11-10T16:23:34+08:00 ] ::1 /kedo/index.php/Home/Login/login
INFO: [ app_begin ] --START--
INFO: Run Behavior\ReadHtmlCacheBehavior [ RunTime:0.000270s ]
INFO: [ app_begin ] --END-- [ RunTime:0.000471s ]
SQL: SHOW COLUMNS FROM `bu_user` [ RunTime:0.0018s ]
SQL: SELECT * FROM `bu_user` WHERE ( username='abzqa1997zw@163.com' ) LIMIT 1   [ RunTime:0.0011s ]

[ 2016-11-10T16:23:34+08:00 ] ::1 /kedo/index.php/Home/Login/login
INFO: [ app_begin ] --START--
INFO: Run Behavior\ReadHtmlCacheBehavior [ RunTime:0.000261s ]
INFO: [ app_begin ] --END-- [ RunTime:0.000470s ]
SQL: SHOW COLUMNS FROM `bu_user` [ RunTime:0.0055s ]
SQL: SELECT * FROM `bu_user` WHERE ( username='abzqa1997zw@163.com' ) LIMIT 1   [ RunTime:0.0010s ]

[ 2016-11-10T16:24:00+08:00 ] ::1 /kedo/index.php/Home/Login/login
INFO: [ app_begin ] --START--
INFO: Run Behavior\ReadHtmlCacheBehavior [ RunTime:0.000263s ]
INFO: [ app_begin ] --END-- [ RunTime:0.000480s ]
SQL: SHOW COLUMNS FROM `bu_user` [ RunTime:0.0052s ]
SQL: SELECT * FROM `bu_user` WHERE ( username='abzqa1997zw@163.com' ) LIMIT 1   [ RunTime:0.0011s ]
NOTIC: [8] Undefined index: userId E:\xampp\htdocs\kedo\APP\Home\Controller\LoginController.class.php 第 81 行.

[ 2016-11-10T16:24:43+08:00 ] ::1 /kedo/index.php/Home/Login/login
INFO: [ app_begin ] --START--
INFO: Run Behavior\ReadHtmlCacheBehavior [ RunTime:0.000273s ]
INFO: [ app_begin ] --END-- [ RunTime:0.000472s ]
SQL: SHOW COLUMNS FROM `bu_user` [ RunTime:0.0021s ]
SQL: SELECT * FROM `bu_user` WHERE ( username='abzqa1997zw@163.com' ) LIMIT 1   [ RunTime:0.0013s ]

[ 2016-11-10T16:26:25+08:00 ] ::1 /kedo/index.php/Home/Login/login
INFO: [ app_begin ] --START--
INFO: Run Behavior\ReadHtmlCacheBehavior [ RunTime:0.000383s ]
INFO: [ app_begin ] --END-- [ RunTime:0.000657s ]
SQL: SHOW COLUMNS FROM `bu_user` [ RunTime:0.0019s ]
SQL: SELECT * FROM `bu_user` WHERE ( username='abzqa1997zw@163.com' ) LIMIT 1   [ RunTime:0.0010s ]

[ 2016-11-10T16:27:16+08:00 ] ::1 /kedo/index.php/Home/Login/login
INFO: [ app_begin ] --START--
INFO: Run Behavior\ReadHtmlCacheBehavior [ RunTime:0.000274s ]
INFO: [ app_begin ] --END-- [ RunTime:0.000523s ]
SQL: SHOW COLUMNS FROM `bu_user` [ RunTime:0.0022s ]
SQL: SELECT * FROM `bu_user` WHERE ( username='abzqa1997zw@163.com' ) LIMIT 1   [ RunTime:0.0010s ]

[ 2016-11-10T16:28:09+08:00 ] ::1 /kedo/index.php/Home/Login/checkedUser
INFO: [ app_begin ] --START--
INFO: Run Behavior\ReadHtmlCacheBehavior [ RunTime:0.000519s ]
INFO: [ app_begin ] --END-- [ RunTime:0.001020s ]
SQL: SHOW COLUMNS FROM `bu_user` [ RunTime:0.0020s ]
SQL: SELECT * FROM `bu_user` WHERE `username` = 'abzqa1997zw@163.com' LIMIT 1   [ RunTime:0.0033s ]

[ 2016-11-10T16:28:16+08:00 ] ::1 /kedo/index.php/Home/Login/login
INFO: [ app_begin ] --START--
INFO: Run Behavior\ReadHtmlCacheBehavior [ RunTime:0.000327s ]
INFO: [ app_begin ] --END-- [ RunTime:0.000528s ]
SQL: SHOW COLUMNS FROM `bu_user` [ RunTime:0.0019s ]
SQL: SELECT * FROM `bu_user` WHERE ( username='abzqa1997zw@163.com' ) LIMIT 1   [ RunTime:0.0013s ]

[ 2016-11-10T16:28:25+08:00 ] ::1 /kedo/index.php/Home/Login/login
INFO: [ app_begin ] --START--
INFO: Run Behavior\ReadHtmlCacheBehavior [ RunTime:0.000569s ]
INFO: [ app_begin ] --END-- [ RunTime:0.000924s ]
SQL: SHOW COLUMNS FROM `bu_user` [ RunTime:0.0021s ]
SQL: SELECT * FROM `bu_user` WHERE ( username='abzqa1997zw@163.com' ) LIMIT 1   [ RunTime:0.0013s ]

[ 2016-11-10T16:28:32+08:00 ] ::1 /kedo/index.php/Home/Login/login
INFO: [ app_begin ] --START--
INFO: Run Behavior\ReadHtmlCacheBehavior [ RunTime:0.000277s ]
INFO: [ app_begin ] --END-- [ RunTime:0.000482s ]

[ 2016-11-10T16:28:35+08:00 ] ::1 /kedo/index.php/Home/Login/checkedUser
INFO: [ app_begin ] --START--
INFO: Run Behavior\ReadHtmlCacheBehavior [ RunTime:0.000514s ]
INFO: [ app_begin ] --END-- [ RunTime:0.000925s ]
SQL: SHOW COLUMNS FROM `bu_user` [ RunTime:0.0034s ]
SQL: SELECT * FROM `bu_user` WHERE `username` = 'asd' LIMIT 1   [ RunTime:0.0124s ]

[ 2016-11-10T16:28:35+08:00 ] ::1 /kedo/index.php/Home/Login/login
INFO: [ app_begin ] --START--
INFO: Run Behavior\ReadHtmlCacheBehavior [ RunTime:0.000264s ]
INFO: [ app_begin ] --END-- [ RunTime:0.000467s ]

[ 2016-11-10T16:28:52+08:00 ] ::1 /kedo/index.php/Home/Login/checkedUser
INFO: [ app_begin ] --START--
INFO: Run Behavior\ReadHtmlCacheBehavior [ RunTime:0.000704s ]
INFO: [ app_begin ] --END-- [ RunTime:0.001259s ]
SQL: SHOW COLUMNS FROM `bu_user` [ RunTime:0.0035s ]
SQL: SELECT * FROM `bu_user` WHERE `username` = 'abzqa1997zw@163.com' LIMIT 1   [ RunTime:0.0018s ]

[ 2016-11-10T16:29:00+08:00 ] ::1 /kedo/index.php/Home/Login/login
INFO: [ app_begin ] --START--
INFO: Run Behavior\ReadHtmlCacheBehavior [ RunTime:0.000422s ]
INFO: [ app_begin ] --END-- [ RunTime:0.000695s ]
SQL: SHOW COLUMNS FROM `bu_user` [ RunTime:0.0020s ]
SQL: SELECT * FROM `bu_user` WHERE ( username='abzqa1997zw@163.com' ) LIMIT 1   [ RunTime:0.0012s ]

[ 2016-11-10T16:35:40+08:00 ] ::1 /kedo/index.php/Home/Login/checkedUser
INFO: [ app_begin ] --START--
INFO: Run Behavior\ReadHtmlCacheBehavior [ RunTime:0.000394s ]
INFO: [ app_begin ] --END-- [ RunTime:0.000710s ]
SQL: SHOW COLUMNS FROM `bu_user` [ RunTime:0.0019s ]
SQL: SELECT * FROM `bu_user` WHERE `username` = 'abzqa1997zw@163.com' LIMIT 1   [ RunTime:0.0010s ]

[ 2016-11-10T16:37:21+08:00 ] ::1 /kedo/index.php/Home/navbar/
ERR: 无法加载控制器:Navbar

[ 2016-11-10T17:10:19+08:00 ] ::1 /kedo/index.php/Home/Login/checkedUser
INFO: [ app_begin ] --START--
INFO: Run Behavior\ReadHtmlCacheBehavior [ RunTime:0.000798s ]
INFO: [ app_begin ] --END-- [ RunTime:0.001298s ]
SQL: SHOW COLUMNS FROM `bu_user` [ RunTime:0.0020s ]
SQL: SELECT * FROM `bu_user` WHERE `username` = 'abzqa1997zw@163.com' LIMIT 1   [ RunTime:0.0032s ]

[ 2016-11-10T17:10:30+08:00 ] ::1 /kedo/index.php/Home/Login/login
INFO: [ app_begin ] --START--
INFO: Run Behavior\ReadHtmlCacheBehavior [ RunTime:0.000304s ]
INFO: [ app_begin ] --END-- [ RunTime:0.000504s ]
SQL: SHOW COLUMNS FROM `bu_user` [ RunTime:0.0018s ]
SQL: SELECT * FROM `bu_user` WHERE ( username='abzqa1997zw@163.com' ) LIMIT 1   [ RunTime:0.0030s ]

[ 2016-11-10T17:48:13+08:00 ] ::1 /kedo/index.php/Home/PersonInfo/passwd
ERR: 无法加载控制器:PersonInfo

[ 2016-11-10T17:48:56+08:00 ] ::1 /kedo/index.php/Home/Personinfo/changePasswd
ERR: 1146:Table 'anchors.user' doesn't exist
 [ SQL语句 ] : SHOW COLUMNS FROM `user`

[ 2016-11-10T19:24:43+08:00 ] ::1 /kedo/index.php/Home/Personinfo/passwd
INFO: [ app_begin ] --START--
INFO: Run Behavior\ReadHtmlCacheBehavior [ RunTime:0.000692s ]
INFO: [ app_begin ] --END-- [ RunTime:0.001162s ]
INFO: [ view_parse ] --START--
INFO: [ template_filter ] --START--
INFO: Run Behavior\ContentReplaceBehavior [ RunTime:0.000105s ]
INFO: [ template_filter ] --END-- [ RunTime:0.000140s ]
NOTIC: [8] Undefined variable: use E:\xampp\htdocs\kedo\APP\Runtime\Cache\Home\15d2952a88238790e59449c3aebe957a.php 第 36 行.
NOTIC: [8] Undefined variable: user E:\xampp\htdocs\kedo\APP\Runtime\Cache\Home\15d2952a88238790e59449c3aebe957a.php 第 88 行.
NOTIC: [8] Undefined variable: user E:\xampp\htdocs\kedo\APP\Runtime\Cache\Home\15d2952a88238790e59449c3aebe957a.php 第 93 行.
NOTIC: [8] Undefined variable: user E:\xampp\htdocs\kedo\APP\Runtime\Cache\Home\15d2952a88238790e59449c3aebe957a.php 第 95 行.
NOTIC: [8] Undefined variable: user E:\xampp\htdocs\kedo\APP\Runtime\Cache\Home\15d2952a88238790e59449c3aebe957a.php 第 98 行.
NOTIC: [8] Undefined variable: user E:\xampp\htdocs\kedo\APP\Runtime\Cache\Home\15d2952a88238790e59449c3aebe957a.php 第 112 行.
NOTIC: [8] Undefined variable: user E:\xampp\htdocs\kedo\APP\Runtime\Cache\Home\15d2952a88238790e59449c3aebe957a.php 第 117 行.
NOTIC: [8] Undefined index: openid E:\xampp\htdocs\kedo\APP\Runtime\Cache\Home\15d2952a88238790e59449c3aebe957a.php 第 207 行.
INFO: Run Behavior\ParseTemplateBehavior [ RunTime:0.010546s ]
INFO: [ view_parse ] --END-- [ RunTime:0.010587s ]
INFO: [ view_filter ] --START--
INFO: Run Behavior\WriteHtmlCacheBehavior [ RunTime:0.000268s ]
INFO: [ view_filter ] --END-- [ RunTime:0.000309s ]
INFO: [ app_end ] --START--
INFO: Run Behavior\ShowPageTraceBehavior [ RunTime:0.000483s ]
INFO: [ app_end ] --END-- [ RunTime:0.000533s ]

[ 2016-11-10T19:25:33+08:00 ] ::1 /kedo/index.php/Home/Personinfo/
INFO: [ app_begin ] --START--
INFO: Run Behavior\ReadHtmlCacheBehavior [ RunTime:0.000568s ]
INFO: [ app_begin ] --END-- [ RunTime:0.001141s ]
ERR: 非法操作:index

[ 2016-11-10T19:26:29+08:00 ] ::1 /kedo/index.php/Home/Personinfo/changePasswd
INFO: [ app_begin ] --START--
INFO: Run Behavior\ReadHtmlCacheBehavior [ RunTime:0.000307s ]
INFO: [ app_begin ] --END-- [ RunTime:0.000622s ]
SQL: SHOW COLUMNS FROM `bu_user` [ RunTime:0.0295s ]
SQL: SELECT * FROM `bu_user` WHERE `userId` = 0 LIMIT 1   [ RunTime:0.0011s ]

[ 2016-11-10T19:33:36+08:00 ] ::1 /kedo/index.php/Home/Personinfo/pwdChk
INFO: [ app_begin ] --START--
INFO: Run Behavior\ReadHtmlCacheBehavior [ RunTime:0.000320s ]
INFO: [ app_begin ] --END-- [ RunTime:0.000557s ]

