[ 2016-12-06T09:32:03+08:00 ] ::1 /kedo/Public/css/top.png
NOTIC: [8] Constant _dataurl_ already defined E:\xampp\htdocs\kedo\APP\Common\Conf\config_local.php 第 2 行.
NOTIC: [8] Constant _IMAGES_DOMAIN_ already defined E:\xampp\htdocs\kedo\APP\Common\Conf\config_local.php 第 4 行.
NOTIC: [8] Constant _REDIS_HOST_ already defined E:\xampp\htdocs\kedo\APP\Common\Conf\config_local.php 第 5 行.
NOTIC: [8] Constant _REDIS_PWD_ already defined E:\xampp\htdocs\kedo\APP\Common\Conf\config_local.php 第 6 行.
NOTIC: [8] Constant _REDIS_KEYB_ already defined E:\xampp\htdocs\kedo\APP\Common\Conf\config_local.php 第 7 行.
ERR: 无法加载模块:Public

[ 2016-12-06T11:02:12+08:00 ] ::1 /kedo/Public/css/top.png
NOTIC: [8] Constant _dataurl_ already defined E:\xampp\htdocs\kedo\APP\Common\Conf\config_local.php 第 2 行.
NOTIC: [8] Constant _IMAGES_DOMAIN_ already defined E:\xampp\htdocs\kedo\APP\Common\Conf\config_local.php 第 4 行.
NOTIC: [8] Constant _REDIS_HOST_ already defined E:\xampp\htdocs\kedo\APP\Common\Conf\config_local.php 第 5 行.
NOTIC: [8] Constant _REDIS_PWD_ already defined E:\xampp\htdocs\kedo\APP\Common\Conf\config_local.php 第 6 行.
NOTIC: [8] Constant _REDIS_KEYB_ already defined E:\xampp\htdocs\kedo\APP\Common\Conf\config_local.php 第 7 行.
ERR: 无法加载模块:Public

[ 2016-12-06T11:04:06+08:00 ] ::1 /kedo/Public/css/top.png
NOTIC: [8] Constant _dataurl_ already defined E:\xampp\htdocs\kedo\APP\Common\Conf\config_local.php 第 2 行.
NOTIC: [8] Constant _IMAGES_DOMAIN_ already defined E:\xampp\htdocs\kedo\APP\Common\Conf\config_local.php 第 4 行.
NOTIC: [8] Constant _REDIS_HOST_ already defined E:\xampp\htdocs\kedo\APP\Common\Conf\config_local.php 第 5 行.
NOTIC: [8] Constant _REDIS_PWD_ already defined E:\xampp\htdocs\kedo\APP\Common\Conf\config_local.php 第 6 行.
NOTIC: [8] Constant _REDIS_KEYB_ already defined E:\xampp\htdocs\kedo\APP\Common\Conf\config_local.php 第 7 行.
ERR: 无法加载模块:Public

[ 2016-12-06T11:05:20+08:00 ] ::1 /kedo/Public/css/top.png
NOTIC: [8] Constant _dataurl_ already defined E:\xampp\htdocs\kedo\APP\Common\Conf\config_local.php 第 2 行.
NOTIC: [8] Constant _IMAGES_DOMAIN_ already defined E:\xampp\htdocs\kedo\APP\Common\Conf\config_local.php 第 4 行.
NOTIC: [8] Constant _REDIS_HOST_ already defined E:\xampp\htdocs\kedo\APP\Common\Conf\config_local.php 第 5 行.
NOTIC: [8] Constant _REDIS_PWD_ already defined E:\xampp\htdocs\kedo\APP\Common\Conf\config_local.php 第 6 行.
NOTIC: [8] Constant _REDIS_KEYB_ already defined E:\xampp\htdocs\kedo\APP\Common\Conf\config_local.php 第 7 行.
ERR: 无法加载模块:Public

[ 2016-12-06T11:06:03+08:00 ] ::1 /kedo/Public/css/top.png
NOTIC: [8] Constant _dataurl_ already defined E:\xampp\htdocs\kedo\APP\Common\Conf\config_local.php 第 2 行.
NOTIC: [8] Constant _IMAGES_DOMAIN_ already defined E:\xampp\htdocs\kedo\APP\Common\Conf\config_local.php 第 4 行.
NOTIC: [8] Constant _REDIS_HOST_ already defined E:\xampp\htdocs\kedo\APP\Common\Conf\config_local.php 第 5 行.
NOTIC: [8] Constant _REDIS_PWD_ already defined E:\xampp\htdocs\kedo\APP\Common\Conf\config_local.php 第 6 行.
NOTIC: [8] Constant _REDIS_KEYB_ already defined E:\xampp\htdocs\kedo\APP\Common\Conf\config_local.php 第 7 行.
ERR: 无法加载模块:Public

[ 2016-12-06T11:07:31+08:00 ] ::1 /kedo/Public/css/top.png
NOTIC: [8] Constant _dataurl_ already defined E:\xampp\htdocs\kedo\APP\Common\Conf\config_local.php 第 2 行.
NOTIC: [8] Constant _IMAGES_DOMAIN_ already defined E:\xampp\htdocs\kedo\APP\Common\Conf\config_local.php 第 4 行.
NOTIC: [8] Constant _REDIS_HOST_ already defined E:\xampp\htdocs\kedo\APP\Common\Conf\config_local.php 第 5 行.
NOTIC: [8] Constant _REDIS_PWD_ already defined E:\xampp\htdocs\kedo\APP\Common\Conf\config_local.php 第 6 行.
NOTIC: [8] Constant _REDIS_KEYB_ already defined E:\xampp\htdocs\kedo\APP\Common\Conf\config_local.php 第 7 行.
ERR: 无法加载模块:Public

